#
# A fatal error has been detected by the Java Runtime Environment:
#
#  EXCEPTION_ACCESS_VIOLATION (0xc0000005) at pc=0x00007ffb86b3a605, pid=11584, tid=4804
#
# JRE version: Java(TM) SE Runtime Environment (9.0+11) (build 9.0.4+11)
# Java VM: Java HotSpot(TM) 64-Bit Server VM (9.0.4+11, mixed mode, tiered, compressed oops, g1 gc, windows-amd64)
# Problematic frame:
# C  [librdi_common.dll+0x17a605]
#
# No core dump will be written. Minidumps are not enabled by default on client versions of Windows
#
# If you would like to submit a bug report, please visit:
#   http://bugreport.java.com/bugreport/crash.jsp
# The crash happened outside the Java Virtual Machine in native code.
# See problematic frame for where to report the bug.
#

---------------  S U M M A R Y ------------

Command Line: -Dsun.java2d.pmoffscreen=false -Dsun.java2d.xrender=false -Dsun.java2d.d3d=false -Dsun.awt.nopixfmt=true -Dsun.java2d.dpiaware=true -Dsun.java2d.uiScale.enabled=false -Xverify:none -Dswing.aatext=true -XX:-UsePerfData -Djdk.map.althashing.threshold=512 -XX:StringTableSize=4072 --add-opens=java.base/java.nio=ALL-UNNAMED --add-opens=java.desktop/sun.swing=ALL-UNNAMED --add-opens=java.desktop/javax.swing=ALL-UNNAMED --add-opens=java.desktop/javax.swing.tree=ALL-UNNAMED --add-opens=java.desktop/javax.swing.plaf.basic=ALL-UNNAMED --add-opens=java.desktop/javax.swing.plaf.synth=ALL-UNNAMED --add-opens=java.desktop/com.sun.awt=ALL-UNNAMED -XX:NewSize=60m -XX:MaxNewSize=60m -Xms128m -Xmx3072m -Xss5m 

Host: AMD Ryzen 5 5600H with Radeon Graphics         , 12 cores, 13G,  Windows 10 , 64 bit Build 19041 (10.0.19041.2546)
Time: Mon Mar 13 23:16:08 2023 ?D1¨²¡À¨º¡Á?¨º¡À?? elapsed time: 1004 seconds (0d 0h 16m 44s)

---------------  T H R E A D  ---------------

Current thread (0x0000025ac8d8d000):  JavaThread "AWT-EventQueue-1" [_thread_in_native, id=4804, stack(0x000000d3d5f00000,0x000000d3d6400000)]

Stack: [0x000000d3d5f00000,0x000000d3d6400000],  sp=0x000000d3d63f3fe0,  free space=5071k
Native frames: (J=compiled Java code, j=interpreted, Vv=VM code, C=native code)
C  [librdi_common.dll+0x17a605]
C  [librdi_common.dll+0x16f315]
C  [librdi_common.dll+0x138d2a]
C  [librdi_wavedata.dll+0x263c4a]
C  [librdi_wavedata.dll+0x263230]
C  [librdi_wavedata.dll+0x263ef3]
C  [librdi_wavedata.dll+0x237fb3]
C  [librdi_wavedata.dll+0x238032]
C  [librdi_wavedata.dll+0x2380d1]
C  [librdi_wavedata.dll+0x22ea27]
C  [librdi_wavedata.dll+0x26a74f]
C  0x0000025ab789b0ba

Java frames: (J=compiled Java code, j=interpreted, Vv=VM code)
J 22792  ui.views.waveform.waveformi.WVExecutive_getNameDataSize(J)J (0 bytes) @ 0x0000025ab789b021 [0x0000025ab789afe0+0x0000000000000041]
J 22601 c1 ui.views.waveform.executive.a.gBl()Lui/views/waveform/executive/protobuf/WVNameValue$WVNameTreeMessage; (70 bytes) @ 0x0000025ab1831fa4 [0x0000025ab1831f20+0x0000000000000084]
J 22600 c1 ui.views.waveform.f.a.gBQ()Ljavax/swing/tree/TreeModel; (136 bytes) @ 0x0000025ab1830154 [0x0000025ab1830040+0x0000000000000114]
J 22786 c1 ui.views.waveform.f.a.cPh()V (54 bytes) @ 0x0000025ab18de8fc [0x0000025ab18de880+0x000000000000007c]
J 22721 c1 ui.views.waveform.w.cPh()V (38 bytes) @ 0x0000025ab18a79ac [0x0000025ab18a6f80+0x0000000000000a2c]
J 22003 c1 ui.views.waveform.c.b.j(Lui/frmwork/b/i;)V (589 bytes) @ 0x0000025ab0e032cc [0x0000025ab0dfc880+0x0000000000006a4c]
J 22002 c1 ui.views.waveform.w.a(Lui/frmwork/b/i;)V (17 bytes) @ 0x0000025ab0a53114 [0x0000025ab0a53040+0x00000000000000d4]
J 19341 c1 ui.frmwork.b.l.d(Lui/frmwork/b/i;)V (61 bytes) @ 0x0000025ab16e979c [0x0000025ab16e8f40+0x000000000000085c]
J 15345 c1 ui.frmwork.HTclEventBroker.i(JZ)V (471 bytes) @ 0x0000025ab10b59ac [0x0000025ab10b11c0+0x00000000000047ec]
J 19142 c1 ui.frmwork.HTclEventBroker.fireTclEvent(J)I (113 bytes) @ 0x0000025ab164a2cc [0x0000025ab1649ac0+0x000000000000080c]
v  ~StubRoutines::call_stub
j  ui.views.waveform.waveformi.WVExecutive_setViewportSize(JII)V+0
j  ui.views.waveform.executive.a.ez(II)V+62
j  ui.views.waveform.c.b.gzM()V+131
j  ui.views.waveform.v.componentResized(Ljava/awt/event/ComponentEvent;)V+10
J 15722 c1 java.awt.AWTEventMulticaster.componentResized(Ljava/awt/event/ComponentEvent;)V java.desktop@9.0.4 (27 bytes) @ 0x0000025ab11f81c4 [0x0000025ab11f7e00+0x00000000000003c4]
J 14436 c2 java.awt.Container.processEvent(Ljava/awt/AWTEvent;)V java.desktop@9.0.4 (22 bytes) @ 0x0000025ab62faae0 [0x0000025ab62fa8a0+0x0000000000000240]
J 22896 c1 java.awt.Component.dispatchEventImpl(Ljava/awt/AWTEvent;)V java.desktop@9.0.4 (739 bytes) @ 0x0000025ab1943aec [0x0000025ab193fe80+0x0000000000003c6c]
J 16219 c2 java.awt.Container.dispatchEventImpl(Ljava/awt/AWTEvent;)V java.desktop@9.0.4 (129 bytes) @ 0x0000025ab70985f0 [0x0000025ab7097ca0+0x0000000000000950]
J 12898 c2 java.awt.EventQueue$3.run()Ljava/lang/Object; java.desktop@9.0.4 (5 bytes) @ 0x0000025ab6c22a3c [0x0000025ab6c22880+0x00000000000001bc]
v  ~StubRoutines::call_stub
J 2957  java.security.AccessController.doPrivileged(Ljava/security/PrivilegedAction;Ljava/security/AccessControlContext;)Ljava/lang/Object; java.base@9.0.4 (0 bytes) @ 0x0000025ab637a4c6 [0x0000025ab637a460+0x0000000000000066]
J 13562 c2 java.awt.EventQueue$4.run()Ljava/lang/Object; java.desktop@9.0.4 (5 bytes) @ 0x0000025ab6d892c0 [0x0000025ab6d89060+0x0000000000000260]
v  ~StubRoutines::call_stub
J 2957  java.security.AccessController.doPrivileged(Ljava/security/PrivilegedAction;Ljava/security/AccessControlContext;)Ljava/lang/Object; java.base@9.0.4 (0 bytes) @ 0x0000025ab637a4c6 [0x0000025ab637a460+0x0000000000000066]
J 12897 c2 ui.frmwork.b.d.dispatchEvent(Ljava/awt/AWTEvent;)V (34 bytes) @ 0x0000025ab6c21334 [0x0000025ab6c20fa0+0x0000000000000394]
J 17778 c2 java.awt.EventDispatchThread.pumpOneEventForFilters(I)V java.desktop@9.0.4 (218 bytes) @ 0x0000025ab72ecfe4 [0x0000025ab72ec720+0x00000000000008c4]
J 19618 c2 java.awt.EventDispatchThread.pumpEventsForFilter(ILjava/awt/Conditional;Ljava/awt/EventFilter;)V java.desktop@9.0.4 (47 bytes) @ 0x0000025ab752dfd0 [0x0000025ab752dde0+0x00000000000001f0]
j  java.awt.EventDispatchThread.pumpEventsForFilter(Ljava/awt/Conditional;Ljava/awt/EventFilter;)V+4 java.desktop@9.0.4
j  java.awt.WaitDispatchSupport$2.run()V+59 java.desktop@9.0.4
j  java.awt.WaitDispatchSupport$4.run()Ljava/lang/Void;+4 java.desktop@9.0.4
j  java.awt.WaitDispatchSupport$4.run()Ljava/lang/Object;+1 java.desktop@9.0.4
v  ~StubRoutines::call_stub
J 950  java.security.AccessController.doPrivileged(Ljava/security/PrivilegedAction;)Ljava/lang/Object; java.base@9.0.4 (0 bytes) @ 0x0000025ab623ac32 [0x0000025ab623abe0+0x0000000000000052]
j  java.awt.WaitDispatchSupport.enter()Z+260 java.desktop@9.0.4
j  java.awt.Dialog.show()V+225 java.desktop@9.0.4
J 12609 c1 java.awt.Component.setVisible(Z)V java.desktop@9.0.4 (6 bytes) @ 0x0000025aafded7cc [0x0000025aafded5e0+0x00000000000001ec]
j  java.awt.Window.setVisible(Z)V+2 java.desktop@9.0.4
j  java.awt.Dialog.setVisible(Z)V+2 java.desktop@9.0.4
j  ui.b.c.g.setVisible(Z)V+2
j  ui.b.c.bx.showDialog()V+64
j  ui.b.c.bE.actionPerformed(Ljava/awt/event/ActionEvent;)V+8
j  ui.b.c.bx.cHE()V+396
j  ui.views.c.s.b.a.run()V+60
j  ui.frmwork.a.dTt()Z+66
j  ui.frmwork.V.dVd()V+42
j  ui.bk.actionPerformed(Ljava/awt/event/ActionEvent;)V+25
j  javax.swing.AbstractButton.fireActionPerformed(Ljava/awt/event/ActionEvent;)V+84 java.desktop@9.0.4
j  ui.utils.o.b.B.fireActionPerformed(Ljava/awt/event/ActionEvent;)V+7
j  javax.swing.AbstractButton$Handler.actionPerformed(Ljava/awt/event/ActionEvent;)V+5 java.desktop@9.0.4
j  javax.swing.DefaultButtonModel.fireActionPerformed(Ljava/awt/event/ActionEvent;)V+34 java.desktop@9.0.4
j  javax.swing.DefaultButtonModel.setPressed(Z)V+117 java.desktop@9.0.4
j  javax.swing.plaf.basic.BasicButtonListener.mouseReleased(Ljava/awt/event/MouseEvent;)V+35 java.desktop@9.0.4
j  com.jidesoft.plaf.basic.BasicJideButtonListener.mouseReleased(Ljava/awt/event/MouseEvent;)V+61
J 19310 c1 java.awt.AWTEventMulticaster.mouseReleased(Ljava/awt/event/MouseEvent;)V java.desktop@9.0.4 (27 bytes) @ 0x0000025ab16dbb0c [0x0000025ab16db900+0x000000000000020c]
J 19310 c1 java.awt.AWTEventMulticaster.mouseReleased(Ljava/awt/event/MouseEvent;)V java.desktop@9.0.4 (27 bytes) @ 0x0000025ab16dbb0c [0x0000025ab16db900+0x000000000000020c]
J 19310 c1 java.awt.AWTEventMulticaster.mouseReleased(Ljava/awt/event/MouseEvent;)V java.desktop@9.0.4 (27 bytes) @ 0x0000025ab16dbb0c [0x0000025ab16db900+0x000000000000020c]
J 19310 c1 java.awt.AWTEventMulticaster.mouseReleased(Ljava/awt/event/MouseEvent;)V java.desktop@9.0.4 (27 bytes) @ 0x0000025ab16dbb0c [0x0000025ab16db900+0x000000000000020c]
J 14456 c1 java.awt.Component.processMouseEvent(Ljava/awt/event/MouseEvent;)V java.desktop@9.0.4 (100 bytes) @ 0x0000025aaef64a34 [0x0000025aaef646a0+0x0000000000000394]
J 14455 c1 javax.swing.JComponent.processMouseEvent(Ljava/awt/event/MouseEvent;)V java.desktop@9.0.4 (27 bytes) @ 0x0000025aaef58f6c [0x0000025aaef58d60+0x000000000000020c]
J 14436 c2 java.awt.Container.processEvent(Ljava/awt/AWTEvent;)V java.desktop@9.0.4 (22 bytes) @ 0x0000025ab62faa00 [0x0000025ab62fa8a0+0x0000000000000160]
J 22896 c1 java.awt.Component.dispatchEventImpl(Ljava/awt/AWTEvent;)V java.desktop@9.0.4 (739 bytes) @ 0x0000025ab1943aec [0x0000025ab193fe80+0x0000000000003c6c]
J 16219 c2 java.awt.Container.dispatchEventImpl(Ljava/awt/AWTEvent;)V java.desktop@9.0.4 (129 bytes) @ 0x0000025ab70985f0 [0x0000025ab7097ca0+0x0000000000000950]
J 16212 c2 java.awt.LightweightDispatcher.retargetMouseEvent(Ljava/awt/Component;ILjava/awt/event/MouseEvent;)V java.desktop@9.0.4 (350 bytes) @ 0x0000025ab708b738 [0x0000025ab708b100+0x0000000000000638]
J 16219 c2 java.awt.Container.dispatchEventImpl(Ljava/awt/AWTEvent;)V java.desktop@9.0.4 (129 bytes) @ 0x0000025ab7098338 [0x0000025ab7097ca0+0x0000000000000698]
J 13745 c2 java.awt.Window.dispatchEventImpl(Ljava/awt/AWTEvent;)V java.desktop@9.0.4 (23 bytes) @ 0x0000025ab6e2f18c [0x0000025ab6e2f140+0x000000000000004c]
J 12898 c2 java.awt.EventQueue$3.run()Ljava/lang/Object; java.desktop@9.0.4 (5 bytes) @ 0x0000025ab6c22a3c [0x0000025ab6c22880+0x00000000000001bc]
v  ~StubRoutines::call_stub
J 2957  java.security.AccessController.doPrivileged(Ljava/security/PrivilegedAction;Ljava/security/AccessControlContext;)Ljava/lang/Object; java.base@9.0.4 (0 bytes) @ 0x0000025ab637a4c6 [0x0000025ab637a460+0x0000000000000066]
J 13562 c2 java.awt.EventQueue$4.run()Ljava/lang/Object; java.desktop@9.0.4 (5 bytes) @ 0x0000025ab6d892c0 [0x0000025ab6d89060+0x0000000000000260]
v  ~StubRoutines::call_stub
J 2957  java.security.AccessController.doPrivileged(Ljava/security/PrivilegedAction;Ljava/security/AccessControlContext;)Ljava/lang/Object; java.base@9.0.4 (0 bytes) @ 0x0000025ab637a4c6 [0x0000025ab637a460+0x0000000000000066]
J 12897 c2 ui.frmwork.b.d.dispatchEvent(Ljava/awt/AWTEvent;)V (34 bytes) @ 0x0000025ab6c21334 [0x0000025ab6c20fa0+0x0000000000000394]
J 17778 c2 java.awt.EventDispatchThread.pumpOneEventForFilters(I)V java.desktop@9.0.4 (218 bytes) @ 0x0000025ab72ecfe4 [0x0000025ab72ec720+0x00000000000008c4]
J 19372% c2 java.awt.EventDispatchThread.pumpEventsForFilter(ILjava/awt/Conditional;Ljava/awt/EventFilter;)V java.desktop@9.0.4 (47 bytes) @ 0x0000025ab74d8178 [0x0000025ab74d8060+0x0000000000000118]
j  java.awt.EventDispatchThread.pumpEventsForHierarchy(ILjava/awt/Conditional;Ljava/awt/Component;)V+11 java.desktop@9.0.4
j  java.awt.EventDispatchThread.pumpEvents(ILjava/awt/Conditional;)V+4 java.desktop@9.0.4
j  java.awt.EventDispatchThread.pumpEvents(Ljava/awt/Conditional;)V+3 java.desktop@9.0.4
j  java.awt.EventDispatchThread.run()V+9 java.desktop@9.0.4
v  ~StubRoutines::call_stub

siginfo: EXCEPTION_ACCESS_VIOLATION (0xc0000005), reading address 0xffffffffffffffff


Register to memory mapping:

RIP=0x00007ffb86b3a605 librdi_common.dll
RAX=0x0000025a9e2b2801 is an unknown value
RBX=0x9005db008dc9dd1f is an unknown value
RCX=0x0000025a9e2b28e0 is an unknown value
RDX=0x9005db008dc9dd1f is an unknown value
RSP=0x000000d3d63f3fe0 is pointing into the stack for thread: 0x0000025ac8d8d000
RBP=0x000000d3d63f4110 is pointing into the stack for thread: 0x0000025ac8d8d000
RSI=0x0000025acf2d8910 is an unknown value
RDI=0x000000d3d63f41f8 is pointing into the stack for thread: 0x0000025ac8d8d000
R8 =0x000000d3d63f41f8 is pointing into the stack for thread: 0x0000025ac8d8d000
R9 =0x0000000000000000 is an unknown value
R10=0x0000000000000065 is an unknown value
R11=0x0840061020108000 is an unknown value
R12=0x000000d3d63f41f8 is pointing into the stack for thread: 0x0000025ac8d8d000
R13=0x0000000000000000 is an unknown value
R14=0x0000025a9c521dd0 is an unknown value
R15=0x9005db008dc9dd1f is an unknown value


Registers:
RAX=0x0000025a9e2b2801, RBX=0x9005db008dc9dd1f, RCX=0x0000025a9e2b28e0, RDX=0x9005db008dc9dd1f
RSP=0x000000d3d63f3fe0, RBP=0x000000d3d63f4110, RSI=0x0000025acf2d8910, RDI=0x000000d3d63f41f8
R8 =0x000000d3d63f41f8, R9 =0x0000000000000000, R10=0x0000000000000065, R11=0x0840061020108000
R12=0x000000d3d63f41f8, R13=0x0000000000000000, R14=0x0000025a9c521dd0, R15=0x9005db008dc9dd1f
RIP=0x00007ffb86b3a605, EFLAGS=0x0000000000010202

Top of Stack: (sp=0x000000d3d63f3fe0)
0x000000d3d63f3fe0:   000000d3d63f4269 00007ffbfe5932c5
0x000000d3d63f3ff0:   ffffffff00000000 9005db008dc9dd1f
0x000000d3d63f4000:   9005db008dc9dd1f 00007ffb86b2f315
0x000000d3d63f4010:   0000000000000000 00007ffbfe59365f
0x000000d3d63f4020:   00006ce76188f55c 0000000000000000
0x000000d3d63f4030:   0000000000000000 0000000000000000
0x000000d3d63f4040:   0000000000000002 00007ffb86b98de5
0x000000d3d63f4050:   0000025acd6f9b80 0000025ad949d198
0x000000d3d63f4060:   0000025ad949d1d8 00007ffb877b7e50
0x000000d3d63f4070:   fffffffffffffffe 00007ffb870e3cc5
0x000000d3d63f4080:   fffffffffffffffe 00007ffb877b7e50
0x000000d3d63f4090:   0000025ad949d190 0000025a9c56c678
0x000000d3d63f40a0:   000000d3d63f41f8 00007ffb86b980d6
0x000000d3d63f40b0:   0000025ad949d190 000000d3d63f41f8
0x000000d3d63f40c0:   0000025a00000002 0000000000000000
0x000000d3d63f40d0:   fffffffffffffffe 0000000000000030 

Instructions: (pc=0x00007ffb86b3a605)
0x00007ffb86b3a5e5:   20 48 8b d9 e8 22 c4 04 00 48 8b c8 48 8b d3 e8
0x00007ffb86b3a5f5:   27 0d 05 00 84 c0 75 08 33 c0 48 83 c4 20 5b c3
0x00007ffb86b3a605:   48 8b 4b 50 48 85 c9 74 0a 48 83 c4 20 5b e9 68
0x00007ffb86b3a615:   e2 04 00 48 8b d3 48 8d 0d 56 78 71 00 e8 59 b7 



---------------  P R O C E S S  ---------------

Java Threads: ( => current thread )
  0x0000025acba61000 JavaThread "Relaunch Simulation" [_thread_blocked, id=22556, stack(0x000000d3db000000,0x000000d3db500000)]
  0x0000025acba60800 JavaThread "Monitor File Timestamp Swing Worker" [_thread_blocked, id=8324, stack(0x000000d3da600000,0x000000d3dab00000)]
  0x0000025acba62800 JavaThread "Timer-1" [_thread_blocked, id=14488, stack(0x000000d3d9900000,0x000000d3d9e00000)]
  0x0000025adaeb1000 JavaThread "Thread-800" [_thread_in_native, id=11628, stack(0x000000d3d6800000,0x000000d3d6900000)]
  0x0000025adaeaf800 JavaThread "Thread-793" [_thread_in_native, id=17604, stack(0x000000d3d7000000,0x000000d3d7100000)]
  0x0000025adaeae800 JavaThread "Thread-781" [_thread_in_native, id=4708, stack(0x000000d3da100000,0x000000d3da200000)]
  0x0000025adaeae000 JavaThread "SyntheticaAnimation 50" daemon [_thread_blocked, id=7580, stack(0x000000d3d9400000,0x000000d3d9900000)]
  0x0000025adaeb0000 JavaThread "Image Animator 0" daemon [_thread_blocked, id=12560, stack(0x000000d3dab00000,0x000000d3db000000)]
  0x0000025adaeb1800 JavaThread "SyntheticaAnimation 50" daemon [_thread_blocked, id=20724, stack(0x000000d3d5000000,0x000000d3d5500000)]
  0x0000025acba65800 JavaThread "hw_ila_monitor" [_thread_blocked, id=7760, stack(0x000000d3d8f00000,0x000000d3d9400000)]
  0x0000025acb2cf800 JavaThread "Update Runs Swing Worker" [_thread_blocked, id=18020, stack(0x000000d3d8a00000,0x000000d3d8f00000)]
  0x0000025aa5544000 JavaThread "Refresh Filesets Swing Worker" [_thread_blocked, id=23600, stack(0x000000d3d8500000,0x000000d3d8a00000)]
  0x0000025aa5545800 JavaThread "SyntheticaAnimation 70" daemon [_thread_blocked, id=22760, stack(0x000000d3d8000000,0x000000d3d8500000)]
  0x0000025aa5543000 JavaThread "SyntheticaAnimation 25" daemon [_thread_blocked, id=18600, stack(0x000000d3d7b00000,0x000000d3d8000000)]
  0x0000025aa5542800 JavaThread "SyntheticaAnimation 50" daemon [_thread_blocked, id=13188, stack(0x000000d3d7600000,0x000000d3d7b00000)]
  0x0000025aa5548800 JavaThread "Monitor HEventQueue" [_thread_blocked, id=19800, stack(0x000000d3d7100000,0x000000d3d7600000)]
  0x0000025aa5547800 JavaThread "Batik CleanerThread" daemon [_thread_blocked, id=6188, stack(0x000000d3d6900000,0x000000d3d6e00000)]
  0x0000025aa5547000 JavaThread "SyntheticaCleanerThread" daemon [_thread_blocked, id=20344, stack(0x000000d3d5500000,0x000000d3d5a00000)]
=>0x0000025ac8d8d000 JavaThread "AWT-EventQueue-1" [_thread_in_native, id=4804, stack(0x000000d3d5f00000,0x000000d3d6400000)]
  0x0000025acad18000 JavaThread "Process Messages" [_thread_blocked, id=25312, stack(0x000000d3d5a00000,0x000000d3d5f00000)]
  0x0000025ac8c38000 JavaThread "Thread-1" [_thread_in_native, id=16552, stack(0x000000d3ce300000,0x000000d3cf700000)]
  0x0000025ac939c800 JavaThread "TimerQueue" daemon [_thread_blocked, id=24320, stack(0x000000d3d4b00000,0x000000d3d5000000)]
  0x0000025aa73bd000 JavaThread "AWT-Windows" daemon [_thread_in_native, id=6856, stack(0x000000d3d4600000,0x000000d3d4b00000)]
  0x0000025ac8935000 JavaThread "AWT-Shutdown" [_thread_blocked, id=7752, stack(0x000000d3d4100000,0x000000d3d4600000)]
  0x0000025ac8934800 JavaThread "Java2D Disposer" daemon [_thread_blocked, id=9004, stack(0x000000d3d3c00000,0x000000d3d4100000)]
  0x0000025aa3766800 JavaThread "Service Thread" daemon [_thread_blocked, id=22524, stack(0x000000d3d3600000,0x000000d3d3b00000)]
  0x0000025aa2886000 JavaThread "Common-Cleaner" daemon [_thread_blocked, id=23272, stack(0x000000d3d3100000,0x000000d3d3600000)]
  0x0000025aa5546000 JavaThread "Sweeper thread" daemon [_thread_blocked, id=21804, stack(0x000000d3d2c00000,0x000000d3d3100000)]
  0x0000025aa506f800 JavaThread "C1 CompilerThread3" daemon [_thread_blocked, id=23592, stack(0x000000d3d2b00000,0x000000d3d2c00000)]
  0x0000025aa2d9e000 JavaThread "C2 CompilerThread2" daemon [_thread_blocked, id=2452, stack(0x000000d3d2a00000,0x000000d3d2b00000)]
  0x0000025aa4b5a000 JavaThread "C2 CompilerThread1" daemon [_thread_blocked, id=22628, stack(0x000000d3d2900000,0x000000d3d2a00000)]
  0x0000025aa4b59800 JavaThread "C2 CompilerThread0" daemon [_thread_blocked, id=22804, stack(0x000000d3d2800000,0x000000d3d2900000)]
  0x0000025aa051f800 JavaThread "Attach Listener" daemon [_thread_blocked, id=14340, stack(0x000000d3d2300000,0x000000d3d2800000)]
  0x0000025aa306d000 JavaThread "Signal Dispatcher" daemon [_thread_blocked, id=24304, stack(0x000000d3d1e00000,0x000000d3d2300000)]
  0x0000025aa3987800 JavaThread "Finalizer" daemon [_thread_blocked, id=15972, stack(0x000000d3d1900000,0x000000d3d1e00000)]
  0x0000025aa3986800 JavaThread "Reference Handler" daemon [_thread_blocked, id=14516, stack(0x000000d3d1400000,0x000000d3d1900000)]
  0x0000025aa475d800 JavaThread "main" [_thread_blocked, id=24868, stack(0x000000d3ce200000,0x000000d3ce300000)]

Other Threads:
  0x0000025aa59b4800 VMThread "VM Thread" [stack: 0x000000d3d1300000,0x000000d3d1400000] [id=5828]
  0x0000025aa3767800 WatcherThread [stack: 0x000000d3d3b00000,0x000000d3d3c00000] [id=6940]
  0x0000025aa475e000 GCTaskThread "GC Thread#0" [stack: 0x000000d3cfa00000,0x000000d3cfb00000] [id=22404]
  0x0000025aa396a800 GCTaskThread "GC Thread#1" [stack: 0x000000d3cfb00000,0x000000d3cfc00000] [id=11344]
  0x0000025aa36c6800 GCTaskThread "GC Thread#2" [stack: 0x000000d3cfc00000,0x000000d3cfd00000] [id=14536]
  0x0000025aa4543800 GCTaskThread "GC Thread#3" [stack: 0x000000d3cfd00000,0x000000d3cfe00000] [id=16924]
  0x0000025aa2889800 GCTaskThread "GC Thread#4" [stack: 0x000000d3cfe00000,0x000000d3cff00000] [id=7540]
  0x0000025aa2ea3800 GCTaskThread "GC Thread#5" [stack: 0x000000d3cff00000,0x000000d3d0000000] [id=16708]
  0x0000025aa2ea4000 GCTaskThread "GC Thread#6" [stack: 0x000000d3d0000000,0x000000d3d0100000] [id=11620]
  0x0000025aa3a3b000 GCTaskThread "GC Thread#7" [stack: 0x000000d3d0100000,0x000000d3d0200000] [id=21584]
  0x0000025aa54fb000 GCTaskThread "GC Thread#8" [stack: 0x000000d3d0200000,0x000000d3d0300000] [id=24504]
  0x0000025aa47bc800 GCTaskThread "GC Thread#9" [stack: 0x000000d3d0300000,0x000000d3d0400000] [id=20856]
  0x0000025aa5bd7800 ConcurrentGCThread "G1 Main Marker" [stack: 0x000000d3d0f00000,0x000000d3d1000000] [id=25480]
  0x0000025aa63ed800 ConcurrentGCThread "G1 Marker#0" [stack: 0x000000d3d1000000,0x000000d3d1100000] [id=4016]
  0x0000025aa554b800 ConcurrentGCThread "G1 Marker#1" [stack: 0x000000d3d1100000,0x000000d3d1200000] [id=23324]
  0x0000025aa554c000 ConcurrentGCThread "G1 Marker#2" [stack: 0x000000d3d1200000,0x000000d3d1300000] [id=24992]
  0x0000025aa2e0f000 ConcurrentGCThread "G1 Refine#0" [stack: 0x000000d3d0d00000,0x000000d3d0e00000] [id=3092]
  0x0000025aa43e3000 ConcurrentGCThread "G1 Refine#1" [stack: 0x000000d3d0c00000,0x000000d3d0d00000] [id=23680]
  0x0000025aa43e2800 ConcurrentGCThread "G1 Refine#2" [stack: 0x000000d3d0b00000,0x000000d3d0c00000] [id=6992]
  0x0000025aa5004800 ConcurrentGCThread "G1 Refine#3" [stack: 0x000000d3d0a00000,0x000000d3d0b00000] [id=22004]
  0x0000025aa2ff5000 ConcurrentGCThread "G1 Refine#4" [stack: 0x000000d3d0900000,0x000000d3d0a00000] [id=23816]
  0x0000025aa2ff4800 ConcurrentGCThread "G1 Refine#5" [stack: 0x000000d3d0800000,0x000000d3d0900000] [id=22132]
  0x0000025aa3826800 ConcurrentGCThread "G1 Refine#6" [stack: 0x000000d3d0700000,0x000000d3d0800000] [id=2424]
  0x0000025aa4636000 ConcurrentGCThread "G1 Refine#7" [stack: 0x000000d3d0600000,0x000000d3d0700000] [id=6364]
  0x0000025aa4635800 ConcurrentGCThread "G1 Refine#8" [stack: 0x000000d3d0500000,0x000000d3d0600000] [id=25400]
  0x0000025aa43b7800 ConcurrentGCThread "G1 Refine#9" [stack: 0x000000d3d0400000,0x000000d3d0500000] [id=24624]
  0x0000025aa27cc800 ConcurrentGCThread "G1 Young RemSet Sampling" [stack: 0x000000d3d0e00000,0x000000d3d0f00000] [id=17804]

Threads with active compile tasks:

VM state:not at safepoint (normal execution)

VM Mutex/Monitor currently owned by a thread: None

Heap address: 0x0000000700000000, size: 3072 MB, Compressed Oops mode: Zero based, Oop shift amount: 3
Narrow klass base: 0x0000000000000000, Narrow klass shift: 3
Compressed class space size: 1073741824 Address: 0x00000007c0000000

Heap:
 garbage-first heap   total 206848K, used 135196K [0x0000000700000000, 0x0000000700100650, 0x00000007c0000000)
  region size 1024K, 51 young (52224K), 1 survivors (1024K)
 Metaspace       used 86330K, capacity 92910K, committed 93104K, reserved 1130496K
  class space    used 11765K, capacity 12899K, committed 12976K, reserved 1048576K
Heap Regions: E=young(eden), S=young(survivor), O=old, HS=humongous(starts), HC=humongous(continues), CS=collection set, F=free, A=archive, TS=gc time stamp, AC=allocation context, TAMS=top-at-mark-start (previous, next)
|   0|0x0000000700000000, 0x0000000700100000, 0x0000000700100000|100%|HS|  |TS  0|AC  0|TAMS 0x0000000700000000, 0x0000000700000000|
|   1|0x0000000700100000, 0x0000000700200000, 0x0000000700200000|100%|HS|  |TS  0|AC  0|TAMS 0x0000000700100000, 0x0000000700100000|
|   2|0x0000000700200000, 0x0000000700300000, 0x0000000700300000|100%|HC|  |TS  0|AC  0|TAMS 0x0000000700200000, 0x0000000700200000|
|   3|0x0000000700300000, 0x0000000700400000, 0x0000000700400000|100%|HS|  |TS  0|AC  0|TAMS 0x0000000700300000, 0x0000000700300000|
|   4|0x0000000700400000, 0x00000007004ffff8, 0x0000000700500000| 99%| O|  |TS  0|AC  0|TAMS 0x0000000700400000, 0x0000000700400000|
|   5|0x0000000700500000, 0x00000007005ffff8, 0x0000000700600000| 99%| O|  |TS  0|AC  0|TAMS 0x0000000700500000, 0x0000000700500000|
|   6|0x0000000700600000, 0x0000000700700000, 0x0000000700700000|100%| O|  |TS  0|AC  0|TAMS 0x0000000700600000, 0x0000000700600000|
|   7|0x0000000700700000, 0x00000007007f6a40, 0x0000000700800000| 96%| O|  |TS  0|AC  0|TAMS 0x0000000700700000, 0x0000000700700000|
|   8|0x0000000700800000, 0x00000007008fffd8, 0x0000000700900000| 99%| O|  |TS  0|AC  0|TAMS 0x0000000700800000, 0x0000000700800000|
|   9|0x0000000700900000, 0x00000007009fffe8, 0x0000000700a00000| 99%| O|  |TS  0|AC  0|TAMS 0x0000000700900000, 0x0000000700900000|
|  10|0x0000000700a00000, 0x0000000700adbb60, 0x0000000700b00000| 85%| O|  |TS  0|AC  0|TAMS 0x0000000700a00000, 0x0000000700a00000|
|  11|0x0000000700b00000, 0x0000000700bfda00, 0x0000000700c00000| 99%| O|  |TS  0|AC  0|TAMS 0x0000000700b00000, 0x0000000700b00000|
|  12|0x0000000700c00000, 0x0000000700cff8d0, 0x0000000700d00000| 99%| O|  |TS  0|AC  0|TAMS 0x0000000700c00000, 0x0000000700c00000|
|  13|0x0000000700d00000, 0x0000000700dffff8, 0x0000000700e00000| 99%| O|  |TS  0|AC  0|TAMS 0x0000000700d00000, 0x0000000700d00000|
|  14|0x0000000700e00000, 0x0000000700efffe8, 0x0000000700f00000| 99%| O|  |TS  0|AC  0|TAMS 0x0000000700e00000, 0x0000000700e00000|
|  15|0x0000000700f00000, 0x0000000700fffff0, 0x0000000701000000| 99%| O|  |TS  0|AC  0|TAMS 0x0000000700f00000, 0x0000000700f00000|
|  16|0x0000000701000000, 0x0000000701100000, 0x0000000701100000|100%| O|  |TS  0|AC  0|TAMS 0x0000000701000000, 0x0000000701000000|
|  17|0x0000000701100000, 0x00000007011fffa8, 0x0000000701200000| 99%| O|  |TS  0|AC  0|TAMS 0x0000000701100000, 0x0000000701100000|
|  18|0x0000000701200000, 0x00000007012fffe8, 0x0000000701300000| 99%| O|  |TS  0|AC  0|TAMS 0x0000000701200000, 0x0000000701200000|
|  19|0x0000000701300000, 0x00000007013fffe0, 0x0000000701400000| 99%| O|  |TS  0|AC  0|TAMS 0x0000000701300000, 0x0000000701300000|
|  20|0x0000000701400000, 0x00000007014fffe8, 0x0000000701500000| 99%| O|  |TS  0|AC  0|TAMS 0x0000000701400000, 0x0000000701400000|
|  21|0x0000000701500000, 0x00000007015fffa8, 0x0000000701600000| 99%| O|  |TS  0|AC  0|TAMS 0x0000000701500000, 0x0000000701500000|
|  22|0x0000000701600000, 0x00000007016ffff0, 0x0000000701700000| 99%| O|  |TS  0|AC  0|TAMS 0x0000000701600000, 0x0000000701600000|
|  23|0x0000000701700000, 0x00000007017fffb0, 0x0000000701800000| 99%| O|  |TS  0|AC  0|TAMS 0x0000000701700000, 0x0000000701700000|
|  24|0x0000000701800000, 0x00000007018ffed0, 0x0000000701900000| 99%| O|  |TS  0|AC  0|TAMS 0x0000000701800000, 0x0000000701800000|
|  25|0x0000000701900000, 0x0000000701a00000, 0x0000000701a00000|100%| O|  |TS  0|AC  0|TAMS 0x0000000701900000, 0x0000000701900000|
|  26|0x0000000701a00000, 0x0000000701b00000, 0x0000000701b00000|100%| O|  |TS  0|AC  0|TAMS 0x0000000701a00000, 0x0000000701a00000|
|  27|0x0000000701b00000, 0x0000000701bffff8, 0x0000000701c00000| 99%| O|  |TS  0|AC  0|TAMS 0x0000000701b00000, 0x0000000701b00000|
|  28|0x0000000701c00000, 0x0000000701cffe18, 0x0000000701d00000| 99%| O|  |TS  0|AC  0|TAMS 0x0000000701c00000, 0x0000000701c00000|
|  29|0x0000000701d00000, 0x0000000701dff688, 0x0000000701e00000| 99%| O|  |TS  0|AC  0|TAMS 0x0000000701d00000, 0x0000000701d00000|
|  30|0x0000000701e00000, 0x0000000701f00000, 0x0000000701f00000|100%| O|  |TS  0|AC  0|TAMS 0x0000000701e00000, 0x0000000701e00000|
|  31|0x0000000701f00000, 0x0000000701ff9bd0, 0x0000000702000000| 97%| O|  |TS  0|AC  0|TAMS 0x0000000701f00000, 0x0000000701f00000|
|  32|0x0000000702000000, 0x0000000702100000, 0x0000000702100000|100%| O|  |TS  0|AC  0|TAMS 0x0000000702000000, 0x0000000702000000|
|  33|0x0000000702100000, 0x00000007021f5c10, 0x0000000702200000| 95%| O|  |TS  0|AC  0|TAMS 0x0000000702100000, 0x0000000702100000|
|  34|0x0000000702200000, 0x00000007022fffe8, 0x0000000702300000| 99%| O|  |TS  0|AC  0|TAMS 0x0000000702200000, 0x0000000702200000|
|  35|0x0000000702300000, 0x00000007023fffe8, 0x0000000702400000| 99%| O|  |TS  0|AC  0|TAMS 0x0000000702300000, 0x0000000702300000|
|  36|0x0000000702400000, 0x0000000702500000, 0x0000000702500000|100%| O|  |TS  0|AC  0|TAMS 0x0000000702400000, 0x0000000702400000|
|  37|0x0000000702500000, 0x00000007025ffe48, 0x0000000702600000| 99%| O|  |TS  0|AC  0|TAMS 0x0000000702500000, 0x0000000702500000|
|  38|0x0000000702600000, 0x0000000702700000, 0x0000000702700000|100%|HS|  |TS  0|AC  0|TAMS 0x0000000702600000, 0x0000000702600000|
|  39|0x0000000702700000, 0x0000000702800000, 0x0000000702800000|100%|HC|  |TS  0|AC  0|TAMS 0x0000000702700000, 0x0000000702700000|
|  40|0x0000000702800000, 0x0000000702900000, 0x0000000702900000|100%|HC|  |TS  0|AC  0|TAMS 0x0000000702800000, 0x0000000702800000|
|  41|0x0000000702900000, 0x0000000702a00000, 0x0000000702a00000|100%|HC|  |TS  0|AC  0|TAMS 0x0000000702900000, 0x0000000702900000|
|  42|0x0000000702a00000, 0x0000000702b00000, 0x0000000702b00000|100%|HC|  |TS  0|AC  0|TAMS 0x0000000702a00000, 0x0000000702a00000|
|  43|0x0000000702b00000, 0x0000000702c00000, 0x0000000702c00000|100%|HC|  |TS  0|AC  0|TAMS 0x0000000702b00000, 0x0000000702b00000|
|  44|0x0000000702c00000, 0x0000000702d00000, 0x0000000702d00000|100%|HC|  |TS  0|AC  0|TAMS 0x0000000702c00000, 0x0000000702c00000|
|  45|0x0000000702d00000, 0x0000000702e00000, 0x0000000702e00000|100%|HC|  |TS  0|AC  0|TAMS 0x0000000702d00000, 0x0000000702d00000|
|  46|0x0000000702e00000, 0x0000000702f00000, 0x0000000702f00000|100%|HC|  |TS  0|AC  0|TAMS 0x0000000702e00000, 0x0000000702e00000|
|  47|0x0000000702f00000, 0x0000000703000000, 0x0000000703000000|100%|HC|  |TS  0|AC  0|TAMS 0x0000000702f00000, 0x0000000702f00000|
|  48|0x0000000703000000, 0x0000000703100000, 0x0000000703100000|100%|HC|  |TS  0|AC  0|TAMS 0x0000000703000000, 0x0000000703000000|
|  49|0x0000000703100000, 0x0000000703200000, 0x0000000703200000|100%|HC|  |TS  0|AC  0|TAMS 0x0000000703100000, 0x0000000703100000|
|  50|0x0000000703200000, 0x0000000703300000, 0x0000000703300000|100%|HC|  |TS  0|AC  0|TAMS 0x0000000703200000, 0x0000000703200000|
|  51|0x0000000703300000, 0x0000000703400000, 0x0000000703400000|100%|HC|  |TS  0|AC  0|TAMS 0x0000000703300000, 0x0000000703300000|
|  52|0x0000000703400000, 0x00000007034fffe8, 0x0000000703500000| 99%| O|  |TS  0|AC  0|TAMS 0x0000000703400000, 0x0000000703400000|
|  53|0x0000000703500000, 0x00000007035ffff0, 0x0000000703600000| 99%| O|  |TS  0|AC  0|TAMS 0x0000000703500000, 0x0000000703500000|
|  54|0x0000000703600000, 0x00000007036fbd58, 0x0000000703700000| 98%| O|  |TS  0|AC  0|TAMS 0x0000000703600000, 0x0000000703600000|
|  55|0x0000000703700000, 0x00000007037fff70, 0x0000000703800000| 99%| O|  |TS  0|AC  0|TAMS 0x0000000703700000, 0x0000000703700000|
|  56|0x0000000703800000, 0x0000000703900000, 0x0000000703900000|100%| O|  |TS  0|AC  0|TAMS 0x0000000703800000, 0x0000000703800000|
|  57|0x0000000703900000, 0x00000007039fffe0, 0x0000000703a00000| 99%| O|  |TS  0|AC  0|TAMS 0x0000000703900000, 0x0000000703900000|
|  58|0x0000000703a00000, 0x0000000703affd90, 0x0000000703b00000| 99%| O|  |TS  0|AC  0|TAMS 0x0000000703a00000, 0x0000000703a00000|
|  59|0x0000000703b00000, 0x0000000703bfff18, 0x0000000703c00000| 99%| O|  |TS  0|AC  0|TAMS 0x0000000703b00000, 0x0000000703b00000|
|  60|0x0000000703c00000, 0x0000000703cfffe8, 0x0000000703d00000| 99%| O|  |TS  0|AC  0|TAMS 0x0000000703c00000, 0x0000000703c00000|
|  61|0x0000000703d00000, 0x0000000703dffff0, 0x0000000703e00000| 99%| O|  |TS  0|AC  0|TAMS 0x0000000703d00000, 0x0000000703d00000|
|  62|0x0000000703e00000, 0x0000000703effff0, 0x0000000703f00000| 99%| O|  |TS  0|AC  0|TAMS 0x0000000703e00000, 0x0000000703e00000|
|  63|0x0000000703f00000, 0x0000000703ffffd8, 0x0000000704000000| 99%| O|  |TS  0|AC  0|TAMS 0x0000000703f00000, 0x0000000703f00000|
|  64|0x0000000704000000, 0x0000000704100000, 0x0000000704100000|100%| O|  |TS  0|AC  0|TAMS 0x0000000704000000, 0x0000000704000000|
|  65|0x0000000704100000, 0x00000007041ffff0, 0x0000000704200000| 99%| O|  |TS  0|AC  0|TAMS 0x0000000704100000, 0x0000000704100000|
|  66|0x0000000704200000, 0x00000007042fffd8, 0x0000000704300000| 99%| O|  |TS  0|AC  0|TAMS 0x0000000704200000, 0x0000000704200000|
|  67|0x0000000704300000, 0x00000007043fff50, 0x0000000704400000| 99%| O|  |TS  0|AC  0|TAMS 0x0000000704300000, 0x0000000704300000|
|  68|0x0000000704400000, 0x00000007044ffeb0, 0x0000000704500000| 99%| O|  |TS  0|AC  0|TAMS 0x0000000704400000, 0x0000000704400000|
|  69|0x0000000704500000, 0x0000000704600000, 0x0000000704600000|100%| O|  |TS  0|AC  0|TAMS 0x0000000704500000, 0x0000000704500000|
|  70|0x0000000704600000, 0x00000007046ffff8, 0x0000000704700000| 99%| O|  |TS  0|AC  0|TAMS 0x0000000704600000, 0x0000000704600000|
|  71|0x0000000704700000, 0x00000007047ffc70, 0x0000000704800000| 99%| O|  |TS  0|AC  0|TAMS 0x0000000704700000, 0x0000000704700000|
|  72|0x0000000704800000, 0x0000000704900000, 0x0000000704900000|100%| O|  |TS  0|AC  0|TAMS 0x0000000704800000, 0x0000000704800000|
|  73|0x0000000704900000, 0x00000007049fffb8, 0x0000000704a00000| 99%| O|  |TS  0|AC  0|TAMS 0x0000000704900000, 0x0000000704900000|
|  74|0x0000000704a00000, 0x0000000704accae0, 0x0000000704b00000| 79%| O|  |TS  0|AC  0|TAMS 0x0000000704a00000, 0x0000000704a00000|
|  75|0x0000000704b00000, 0x0000000704c00000, 0x0000000704c00000|100%|HS|  |TS  0|AC  0|TAMS 0x0000000704b00000, 0x0000000704b00000|
|  76|0x0000000704c00000, 0x0000000704d00000, 0x0000000704d00000|100%|HC|  |TS  0|AC  0|TAMS 0x0000000704c00000, 0x0000000704c00000|
|  77|0x0000000704d00000, 0x0000000704e00000, 0x0000000704e00000|100%|HS|  |TS  0|AC  0|TAMS 0x0000000704d00000, 0x0000000704d00000|
|  78|0x0000000704e00000, 0x0000000704f00000, 0x0000000704f00000|100%|HC|  |TS  0|AC  0|TAMS 0x0000000704e00000, 0x0000000704e00000|
|  79|0x0000000704f00000, 0x0000000704f00000, 0x0000000705000000|  0%| F|  |TS  0|AC  0|TAMS 0x0000000704f00000, 0x0000000704f00000|
|  80|0x0000000705000000, 0x0000000705000000, 0x0000000705100000|  0%| F|  |TS  0|AC  0|TAMS 0x0000000705000000, 0x0000000705000000|
|  81|0x0000000705100000, 0x0000000705200000, 0x0000000705200000|100%|HS|  |TS  0|AC  0|TAMS 0x0000000705100000, 0x0000000705100000|
|  82|0x0000000705200000, 0x0000000705300000, 0x0000000705300000|100%|HC|  |TS  0|AC  0|TAMS 0x0000000705200000, 0x0000000705200000|
|  83|0x0000000705300000, 0x0000000705400000, 0x0000000705400000|100%|HC|  |TS  0|AC  0|TAMS 0x0000000705300000, 0x0000000705300000|
|  84|0x0000000705400000, 0x0000000705500000, 0x0000000705500000|100%|HC|  |TS  0|AC  0|TAMS 0x0000000705400000, 0x0000000705400000|
|  85|0x0000000705500000, 0x0000000705500000, 0x0000000705600000|  0%| F|  |TS  0|AC  0|TAMS 0x0000000705500000, 0x0000000705500000|
|  86|0x0000000705600000, 0x0000000705600000, 0x0000000705700000|  0%| F|  |TS  0|AC  0|TAMS 0x0000000705600000, 0x0000000705600000|
|  87|0x0000000705700000, 0x0000000705700000, 0x0000000705800000|  0%| F|  |TS  0|AC  0|TAMS 0x0000000705700000, 0x0000000705700000|
|  88|0x0000000705800000, 0x0000000705800000, 0x0000000705900000|  0%| F|  |TS  0|AC  0|TAMS 0x0000000705800000, 0x0000000705800000|
|  89|0x0000000705900000, 0x0000000705900000, 0x0000000705a00000|  0%| F|  |TS  0|AC  0|TAMS 0x0000000705900000, 0x0000000705900000|
|  90|0x0000000705a00000, 0x0000000705a00000, 0x0000000705b00000|  0%| F|  |TS  0|AC  0|TAMS 0x0000000705a00000, 0x0000000705a00000|
|  91|0x0000000705b00000, 0x0000000705b00000, 0x0000000705c00000|  0%| F|  |TS  0|AC  0|TAMS 0x0000000705b00000, 0x0000000705b00000|
|  92|0x0000000705c00000, 0x0000000705c00000, 0x0000000705d00000|  0%| F|  |TS  0|AC  0|TAMS 0x0000000705c00000, 0x0000000705c00000|
|  93|0x0000000705d00000, 0x0000000705d00000, 0x0000000705e00000|  0%| F|  |TS  0|AC  0|TAMS 0x0000000705d00000, 0x0000000705d00000|
|  94|0x0000000705e00000, 0x0000000705e00000, 0x0000000705f00000|  0%| F|  |TS  0|AC  0|TAMS 0x0000000705e00000, 0x0000000705e00000|
|  95|0x0000000705f00000, 0x0000000705f00000, 0x0000000706000000|  0%| F|  |TS  0|AC  0|TAMS 0x0000000705f00000, 0x0000000705f00000|
|  96|0x0000000706000000, 0x0000000706000000, 0x0000000706100000|  0%| F|  |TS  0|AC  0|TAMS 0x0000000706000000, 0x0000000706000000|
|  97|0x0000000706100000, 0x0000000706100000, 0x0000000706200000|  0%| F|  |TS  0|AC  0|TAMS 0x0000000706100000, 0x0000000706100000|
|  98|0x0000000706200000, 0x0000000706200000, 0x0000000706300000|  0%| F|  |TS  0|AC  0|TAMS 0x0000000706200000, 0x0000000706200000|
|  99|0x0000000706300000, 0x0000000706300000, 0x0000000706400000|  0%| F|  |TS  0|AC  0|TAMS 0x0000000706300000, 0x0000000706300000|
| 100|0x0000000706400000, 0x0000000706400000, 0x0000000706500000|  0%| F|  |TS  0|AC  0|TAMS 0x0000000706400000, 0x0000000706400000|
| 101|0x0000000706500000, 0x0000000706500000, 0x0000000706600000|  0%| F|  |TS  0|AC  0|TAMS 0x0000000706500000, 0x0000000706500000|
| 102|0x0000000706600000, 0x0000000706600000, 0x0000000706700000|  0%| F|  |TS  0|AC  0|TAMS 0x0000000706600000, 0x0000000706600000|
| 103|0x0000000706700000, 0x0000000706700000, 0x0000000706800000|  0%| F|  |TS  0|AC  0|TAMS 0x0000000706700000, 0x0000000706700000|
| 104|0x0000000706800000, 0x0000000706800000, 0x0000000706900000|  0%| F|  |TS  0|AC  0|TAMS 0x0000000706800000, 0x0000000706800000|
| 105|0x0000000706900000, 0x0000000706900000, 0x0000000706a00000|  0%| F|  |TS  0|AC  0|TAMS 0x0000000706900000, 0x0000000706900000|
| 106|0x0000000706a00000, 0x0000000706a00000, 0x0000000706b00000|  0%| F|  |TS  0|AC  0|TAMS 0x0000000706a00000, 0x0000000706a00000|
| 107|0x0000000706b00000, 0x0000000706b00000, 0x0000000706c00000|  0%| F|  |TS  0|AC  0|TAMS 0x0000000706b00000, 0x0000000706b00000|
| 108|0x0000000706c00000, 0x0000000706c00000, 0x0000000706d00000|  0%| F|  |TS  0|AC  0|TAMS 0x0000000706c00000, 0x0000000706c00000|
| 109|0x0000000706d00000, 0x0000000706d00000, 0x0000000706e00000|  0%| F|  |TS  0|AC  0|TAMS 0x0000000706d00000, 0x0000000706d00000|
| 110|0x0000000706e00000, 0x0000000706e00000, 0x0000000706f00000|  0%| F|  |TS  0|AC  0|TAMS 0x0000000706e00000, 0x0000000706e00000|
| 111|0x0000000706f00000, 0x0000000706f00000, 0x0000000707000000|  0%| F|  |TS  0|AC  0|TAMS 0x0000000706f00000, 0x0000000706f00000|
| 112|0x0000000707000000, 0x0000000707000000, 0x0000000707100000|  0%| F|  |TS  0|AC  0|TAMS 0x0000000707000000, 0x0000000707000000|
| 113|0x0000000707100000, 0x0000000707100000, 0x0000000707200000|  0%| F|  |TS  0|AC  0|TAMS 0x0000000707100000, 0x0000000707100000|
| 114|0x0000000707200000, 0x0000000707200000, 0x0000000707300000|  0%| F|  |TS  0|AC  0|TAMS 0x0000000707200000, 0x0000000707200000|
| 115|0x0000000707300000, 0x0000000707300000, 0x0000000707400000|  0%| F|  |TS  0|AC  0|TAMS 0x0000000707300000, 0x0000000707300000|
| 116|0x0000000707400000, 0x0000000707400000, 0x0000000707500000|  0%| F|  |TS  0|AC  0|TAMS 0x0000000707400000, 0x0000000707400000|
| 117|0x0000000707500000, 0x0000000707500000, 0x0000000707600000|  0%| F|  |TS  0|AC  0|TAMS 0x0000000707500000, 0x0000000707500000|
| 118|0x0000000707600000, 0x0000000707600000, 0x0000000707700000|  0%| F|  |TS  0|AC  0|TAMS 0x0000000707600000, 0x0000000707600000|
| 119|0x0000000707700000, 0x0000000707700000, 0x0000000707800000|  0%| F|  |TS  0|AC  0|TAMS 0x0000000707700000, 0x0000000707700000|
| 120|0x0000000707800000, 0x0000000707800000, 0x0000000707900000|  0%| F|  |TS  0|AC  0|TAMS 0x0000000707800000, 0x0000000707800000|
| 121|0x0000000707900000, 0x0000000707900000, 0x0000000707a00000|  0%| F|  |TS  0|AC  0|TAMS 0x0000000707900000, 0x0000000707900000|
| 122|0x0000000707a00000, 0x0000000707a00000, 0x0000000707b00000|  0%| F|  |TS  0|AC  0|TAMS 0x0000000707a00000, 0x0000000707a00000|
| 123|0x0000000707b00000, 0x0000000707b00000, 0x0000000707c00000|  0%| F|  |TS  0|AC  0|TAMS 0x0000000707b00000, 0x0000000707b00000|
| 124|0x0000000707c00000, 0x0000000707c00000, 0x0000000707d00000|  0%| F|  |TS  0|AC  0|TAMS 0x0000000707c00000, 0x0000000707c00000|
| 125|0x0000000707d00000, 0x0000000707d00000, 0x0000000707e00000|  0%| F|  |TS  0|AC  0|TAMS 0x0000000707d00000, 0x0000000707d00000|
| 126|0x0000000707e00000, 0x0000000707e00000, 0x0000000707f00000|  0%| F|  |TS  0|AC  0|TAMS 0x0000000707e00000, 0x0000000707e00000|
| 127|0x0000000707f00000, 0x0000000707f00000, 0x0000000708000000|  0%| F|  |TS  0|AC  0|TAMS 0x0000000707f00000, 0x0000000707f00000|
| 128|0x0000000708000000, 0x0000000708000000, 0x0000000708100000|  0%| F|  |TS  0|AC  0|TAMS 0x0000000708000000, 0x0000000708000000|
| 129|0x0000000708100000, 0x0000000708100000, 0x0000000708200000|  0%| F|  |TS  0|AC  0|TAMS 0x0000000708100000, 0x0000000708100000|
| 130|0x0000000708200000, 0x0000000708200000, 0x0000000708300000|  0%| F|  |TS  0|AC  0|TAMS 0x0000000708200000, 0x0000000708200000|
| 131|0x0000000708300000, 0x0000000708300000, 0x0000000708400000|  0%| F|  |TS  0|AC  0|TAMS 0x0000000708300000, 0x0000000708300000|
| 132|0x0000000708400000, 0x0000000708400000, 0x0000000708500000|  0%| F|  |TS  0|AC  0|TAMS 0x0000000708400000, 0x0000000708400000|
| 133|0x0000000708500000, 0x0000000708500000, 0x0000000708600000|  0%| F|  |TS  0|AC  0|TAMS 0x0000000708500000, 0x0000000708500000|
| 134|0x0000000708600000, 0x0000000708600000, 0x0000000708700000|  0%| F|  |TS  0|AC  0|TAMS 0x0000000708600000, 0x0000000708600000|
| 135|0x0000000708700000, 0x0000000708700000, 0x0000000708800000|  0%| F|  |TS  0|AC  0|TAMS 0x0000000708700000, 0x0000000708700000|
| 136|0x0000000708800000, 0x0000000708800000, 0x0000000708900000|  0%| F|  |TS  0|AC  0|TAMS 0x0000000708800000, 0x0000000708800000|
| 137|0x0000000708900000, 0x0000000708900000, 0x0000000708a00000|  0%| F|  |TS  0|AC  0|TAMS 0x0000000708900000, 0x0000000708900000|
| 138|0x0000000708a00000, 0x0000000708a00000, 0x0000000708b00000|  0%| F|  |TS  0|AC  0|TAMS 0x0000000708a00000, 0x0000000708a00000|
| 139|0x0000000708b00000, 0x0000000708b00000, 0x0000000708c00000|  0%| F|  |TS  0|AC  0|TAMS 0x0000000708b00000, 0x0000000708b00000|
| 140|0x0000000708c00000, 0x0000000708c00000, 0x0000000708d00000|  0%| F|  |TS  0|AC  0|TAMS 0x0000000708c00000, 0x0000000708c00000|
| 141|0x0000000708d00000, 0x0000000708d00000, 0x0000000708e00000|  0%| F|  |TS 15|AC  0|TAMS 0x0000000708d00000, 0x0000000708d00000|
| 142|0x0000000708e00000, 0x0000000708e81678, 0x0000000708f00000| 50%| S|CS|TS 15|AC  0|TAMS 0x0000000708e00000, 0x0000000708e00000|
| 143|0x0000000708f00000, 0x0000000708f00000, 0x0000000709000000|  0%| F|  |TS 15|AC  0|TAMS 0x0000000708f00000, 0x0000000708f00000|
| 144|0x0000000709000000, 0x0000000709000000, 0x0000000709100000|  0%| F|  |TS 15|AC  0|TAMS 0x0000000709000000, 0x0000000709000000|
| 145|0x0000000709100000, 0x0000000709100000, 0x0000000709200000|  0%| F|  |TS 15|AC  0|TAMS 0x0000000709100000, 0x0000000709100000|
| 146|0x0000000709200000, 0x0000000709200000, 0x0000000709300000|  0%| F|  |TS 15|AC  0|TAMS 0x0000000709200000, 0x0000000709200000|
| 147|0x0000000709300000, 0x0000000709300000, 0x0000000709400000|  0%| F|  |TS 15|AC  0|TAMS 0x0000000709300000, 0x0000000709300000|
| 148|0x0000000709400000, 0x0000000709400000, 0x0000000709500000|  0%| F|  |TS 15|AC  0|TAMS 0x0000000709400000, 0x0000000709400000|
| 149|0x0000000709500000, 0x0000000709500000, 0x0000000709600000|  0%| F|  |TS 15|AC  0|TAMS 0x0000000709500000, 0x0000000709500000|
| 150|0x0000000709600000, 0x0000000709600000, 0x0000000709700000|  0%| F|  |TS 15|AC  0|TAMS 0x0000000709600000, 0x0000000709600000|
| 151|0x0000000709700000, 0x0000000709700000, 0x0000000709800000|  0%| F|  |TS 15|AC  0|TAMS 0x0000000709700000, 0x0000000709700000|
| 152|0x0000000709800000, 0x000000070980c930, 0x0000000709900000|  4%| E|  |TS 15|AC  0|TAMS 0x0000000709800000, 0x0000000709800000|
| 153|0x0000000709900000, 0x0000000709a00000, 0x0000000709a00000|100%| E|CS|TS 15|AC  0|TAMS 0x0000000709900000, 0x0000000709900000|
| 154|0x0000000709a00000, 0x0000000709b00000, 0x0000000709b00000|100%| E|CS|TS 15|AC  0|TAMS 0x0000000709a00000, 0x0000000709a00000|
| 155|0x0000000709b00000, 0x0000000709c00000, 0x0000000709c00000|100%| E|CS|TS 15|AC  0|TAMS 0x0000000709b00000, 0x0000000709b00000|
| 156|0x0000000709c00000, 0x0000000709d00000, 0x0000000709d00000|100%| E|CS|TS 15|AC  0|TAMS 0x0000000709c00000, 0x0000000709c00000|
| 157|0x0000000709d00000, 0x0000000709e00000, 0x0000000709e00000|100%| E|CS|TS 15|AC  0|TAMS 0x0000000709d00000, 0x0000000709d00000|
| 158|0x0000000709e00000, 0x0000000709f00000, 0x0000000709f00000|100%| E|CS|TS 15|AC  0|TAMS 0x0000000709e00000, 0x0000000709e00000|
| 159|0x0000000709f00000, 0x000000070a000000, 0x000000070a000000|100%| E|CS|TS 15|AC  0|TAMS 0x0000000709f00000, 0x0000000709f00000|
| 160|0x000000070a000000, 0x000000070a100000, 0x000000070a100000|100%| E|CS|TS 15|AC  0|TAMS 0x000000070a000000, 0x000000070a000000|
| 161|0x000000070a100000, 0x000000070a200000, 0x000000070a200000|100%| E|CS|TS 15|AC  0|TAMS 0x000000070a100000, 0x000000070a100000|
| 162|0x000000070a200000, 0x000000070a300000, 0x000000070a300000|100%| E|CS|TS 15|AC  0|TAMS 0x000000070a200000, 0x000000070a200000|
| 163|0x000000070a300000, 0x000000070a400000, 0x000000070a400000|100%| E|CS|TS 15|AC  0|TAMS 0x000000070a300000, 0x000000070a300000|
| 164|0x000000070a400000, 0x000000070a500000, 0x000000070a500000|100%| E|CS|TS 15|AC  0|TAMS 0x000000070a400000, 0x000000070a400000|
| 165|0x000000070a500000, 0x000000070a600000, 0x000000070a600000|100%| E|CS|TS 15|AC  0|TAMS 0x000000070a500000, 0x000000070a500000|
| 166|0x000000070a600000, 0x000000070a700000, 0x000000070a700000|100%| E|CS|TS 15|AC  0|TAMS 0x000000070a600000, 0x000000070a600000|
| 167|0x000000070a700000, 0x000000070a800000, 0x000000070a800000|100%| E|CS|TS 15|AC  0|TAMS 0x000000070a700000, 0x000000070a700000|
| 168|0x000000070a800000, 0x000000070a900000, 0x000000070a900000|100%| E|CS|TS 15|AC  0|TAMS 0x000000070a800000, 0x000000070a800000|
| 169|0x000000070a900000, 0x000000070aa00000, 0x000000070aa00000|100%| E|CS|TS 15|AC  0|TAMS 0x000000070a900000, 0x000000070a900000|
| 170|0x000000070aa00000, 0x000000070ab00000, 0x000000070ab00000|100%| E|CS|TS 15|AC  0|TAMS 0x000000070aa00000, 0x000000070aa00000|
| 171|0x000000070ab00000, 0x000000070ac00000, 0x000000070ac00000|100%| E|CS|TS 15|AC  0|TAMS 0x000000070ab00000, 0x000000070ab00000|
| 172|0x000000070ac00000, 0x000000070ad00000, 0x000000070ad00000|100%| E|CS|TS 15|AC  0|TAMS 0x000000070ac00000, 0x000000070ac00000|
| 173|0x000000070ad00000, 0x000000070ae00000, 0x000000070ae00000|100%| E|CS|TS 15|AC  0|TAMS 0x000000070ad00000, 0x000000070ad00000|
| 174|0x000000070ae00000, 0x000000070af00000, 0x000000070af00000|100%| E|CS|TS 15|AC  0|TAMS 0x000000070ae00000, 0x000000070ae00000|
| 175|0x000000070af00000, 0x000000070b000000, 0x000000070b000000|100%| E|CS|TS 15|AC  0|TAMS 0x000000070af00000, 0x000000070af00000|
| 176|0x000000070b000000, 0x000000070b100000, 0x000000070b100000|100%| E|CS|TS 15|AC  0|TAMS 0x000000070b000000, 0x000000070b000000|
| 177|0x000000070b100000, 0x000000070b200000, 0x000000070b200000|100%| E|CS|TS 15|AC  0|TAMS 0x000000070b100000, 0x000000070b100000|
| 178|0x000000070b200000, 0x000000070b300000, 0x000000070b300000|100%| E|CS|TS 15|AC  0|TAMS 0x000000070b200000, 0x000000070b200000|
| 179|0x000000070b300000, 0x000000070b400000, 0x000000070b400000|100%| E|CS|TS 15|AC  0|TAMS 0x000000070b300000, 0x000000070b300000|
| 180|0x000000070b400000, 0x000000070b500000, 0x000000070b500000|100%| E|CS|TS 15|AC  0|TAMS 0x000000070b400000, 0x000000070b400000|
| 181|0x000000070b500000, 0x000000070b600000, 0x000000070b600000|100%| E|CS|TS 15|AC  0|TAMS 0x000000070b500000, 0x000000070b500000|
| 182|0x000000070b600000, 0x000000070b700000, 0x000000070b700000|100%| E|CS|TS 15|AC  0|TAMS 0x000000070b600000, 0x000000070b600000|
| 183|0x000000070b700000, 0x000000070b800000, 0x000000070b800000|100%| E|CS|TS 15|AC  0|TAMS 0x000000070b700000, 0x000000070b700000|
| 184|0x000000070b800000, 0x000000070b900000, 0x000000070b900000|100%| E|CS|TS 15|AC  0|TAMS 0x000000070b800000, 0x000000070b800000|
| 185|0x000000070b900000, 0x000000070ba00000, 0x000000070ba00000|100%| E|CS|TS 15|AC  0|TAMS 0x000000070b900000, 0x000000070b900000|
| 186|0x000000070ba00000, 0x000000070bb00000, 0x000000070bb00000|100%| E|CS|TS 15|AC  0|TAMS 0x000000070ba00000, 0x000000070ba00000|
| 187|0x000000070bb00000, 0x000000070bc00000, 0x000000070bc00000|100%| E|CS|TS 15|AC  0|TAMS 0x000000070bb00000, 0x000000070bb00000|
| 188|0x000000070bc00000, 0x000000070bd00000, 0x000000070bd00000|100%| E|CS|TS 15|AC  0|TAMS 0x000000070bc00000, 0x000000070bc00000|
| 189|0x000000070bd00000, 0x000000070be00000, 0x000000070be00000|100%| E|CS|TS 15|AC  0|TAMS 0x000000070bd00000, 0x000000070bd00000|
| 190|0x000000070be00000, 0x000000070bf00000, 0x000000070bf00000|100%| E|CS|TS 15|AC  0|TAMS 0x000000070be00000, 0x000000070be00000|
| 191|0x000000070bf00000, 0x000000070c000000, 0x000000070c000000|100%| E|CS|TS 15|AC  0|TAMS 0x000000070bf00000, 0x000000070bf00000|
| 192|0x000000070c000000, 0x000000070c100000, 0x000000070c100000|100%| E|CS|TS 15|AC  0|TAMS 0x000000070c000000, 0x000000070c000000|
| 193|0x000000070c100000, 0x000000070c200000, 0x000000070c200000|100%| E|CS|TS 15|AC  0|TAMS 0x000000070c100000, 0x000000070c100000|
| 194|0x000000070c200000, 0x000000070c300000, 0x000000070c300000|100%| E|CS|TS 15|AC  0|TAMS 0x000000070c200000, 0x000000070c200000|
| 195|0x000000070c300000, 0x000000070c400000, 0x000000070c400000|100%| E|CS|TS 15|AC  0|TAMS 0x000000070c300000, 0x000000070c300000|
| 196|0x000000070c400000, 0x000000070c500000, 0x000000070c500000|100%| E|CS|TS 15|AC  0|TAMS 0x000000070c400000, 0x000000070c400000|
| 197|0x000000070c500000, 0x000000070c600000, 0x000000070c600000|100%| E|CS|TS 15|AC  0|TAMS 0x000000070c500000, 0x000000070c500000|
| 198|0x000000070c600000, 0x000000070c700000, 0x000000070c700000|100%| E|CS|TS 15|AC  0|TAMS 0x000000070c600000, 0x000000070c600000|
| 199|0x000000070c700000, 0x000000070c800000, 0x000000070c800000|100%| E|CS|TS 15|AC  0|TAMS 0x000000070c700000, 0x000000070c700000|
| 200|0x000000070c800000, 0x000000070c900000, 0x000000070c900000|100%| E|CS|TS 15|AC  0|TAMS 0x000000070c800000, 0x000000070c800000|
| 201|0x000000070c900000, 0x000000070ca00000, 0x000000070ca00000|100%| E|CS|TS 15|AC  0|TAMS 0x000000070c900000, 0x000000070c900000|

Card table byte_map: [0x0000025abe640000,0x0000025abec40000] byte_map_base: 0x0000025abae40000

Marking Bits (Prev, Next): (CMBitMap*) 0x0000025aa4f776f8, (CMBitMap*) 0x0000025aa4f776c0
 Prev Bits: [0x0000025ac2240000, 0x0000025ac5240000)
 Next Bits: [0x0000025abf240000, 0x0000025ac2240000)

Polling page: 0x0000025a9dff0000

CodeHeap 'non-profiled nmethods': size=120000Kb used=23523Kb max_used=23544Kb free=96476Kb
 bounds [0x0000025ab61e0000, 0x0000025ab78e0000, 0x0000025abd710000]
CodeHeap 'profiled nmethods': size=120000Kb used=45705Kb max_used=45705Kb free=74294Kb
 bounds [0x0000025aaecb0000, 0x0000025ab19a0000, 0x0000025ab61e0000]
CodeHeap 'non-nmethods': size=5760Kb used=1813Kb max_used=1882Kb free=3946Kb
 bounds [0x0000025aae710000, 0x0000025aae980000, 0x0000025aaecb0000]
 total_blobs=33646 nmethods=18335 adapters=1155
 compilation: enabled

Compilation events (10 events):
Event: 1003.821 Thread 0x0000025aa506f800 nmethod 22933 0x0000025ab1995110 code [0x0000025ab1995360, 0x0000025ab1996360]
Event: 1003.904 Thread 0x0000025aa506f800 22934       3       sun.awt.util.IdentityArrayList::ensureCapacity (58 bytes)
Event: 1003.905 Thread 0x0000025aa506f800 nmethod 22934 0x0000025ab1996690 code [0x0000025ab1996860, 0x0000025ab1996c30]
Event: 1003.918 Thread 0x0000025aa2d9e000 22935       4       ui.views.V.O::convert (119 bytes)
Event: 1003.924 Thread 0x0000025aa2d9e000 nmethod 22935 0x0000025ab6efbc10 code [0x0000025ab6efbe20, 0x0000025ab6efc430]
Event: 1003.943 Thread 0x0000025aa4b59800 22936       4       java.awt.Container::createChildHierarchyEvents (76 bytes)
Event: 1003.945 Thread 0x0000025aa4b59800 nmethod 22936 0x0000025ab6efb690 code [0x0000025ab6efb840, 0x0000025ab6efb9f8]
Event: 1004.763 Thread 0x0000025aa506f800 22937       3       com.jidesoft.swing.SimpleScrollPane::stateChanged (16 bytes)
Event: 1004.764 Thread 0x0000025aa506f800 nmethod 22937 0x0000025ab1996d90 code [0x0000025ab1996f40, 0x0000025ab1997250]
Event: 1004.834 Thread 0x0000025aa4b5a000 22938       4       java.lang.invoke.BoundMethodHandle$SpeciesData::extendWith (9 bytes)

GC Heap History (10 events):
Event: 970.980 GC heap before
{Heap before GC invocations=288 (full 92):
 garbage-first heap   total 206848K, used 143535K [0x0000000700000000, 0x0000000700100650, 0x00000007c0000000)
  region size 1024K, 60 young (61440K), 1 survivors (1024K)
 Metaspace       used 86268K, capacity 92894K, committed 93104K, reserved 1130496K
  class space    used 11762K, capacity 12897K, committed 12976K, reserved 1048576K
}
Event: 970.982 GC heap after
{Heap after GC invocations=289 (full 92):
 garbage-first heap   total 206848K, used 82902K [0x0000000700000000, 0x0000000700100650, 0x00000007c0000000)
  region size 1024K, 1 young (1024K), 1 survivors (1024K)
 Metaspace       used 86268K, capacity 92894K, committed 93104K, reserved 1130496K
  class space    used 11762K, capacity 12897K, committed 12976K, reserved 1048576K
}
Event: 973.358 GC heap before
{Heap before GC invocations=289 (full 92):
 garbage-first heap   total 206848K, used 143318K [0x0000000700000000, 0x0000000700100650, 0x00000007c0000000)
  region size 1024K, 60 young (61440K), 1 survivors (1024K)
 Metaspace       used 86275K, capacity 92894K, committed 93104K, reserved 1130496K
  class space    used 11762K, capacity 12897K, committed 12976K, reserved 1048576K
}
Event: 973.360 GC heap after
{Heap after GC invocations=290 (full 92):
 garbage-first heap   total 206848K, used 82952K [0x0000000700000000, 0x0000000700100650, 0x00000007c0000000)
  region size 1024K, 1 young (1024K), 1 survivors (1024K)
 Metaspace       used 86275K, capacity 92894K, committed 93104K, reserved 1130496K
  class space    used 11762K, capacity 12897K, committed 12976K, reserved 1048576K
}
Event: 974.145 GC heap before
{Heap before GC invocations=290 (full 92):
 garbage-first heap   total 206848K, used 143368K [0x0000000700000000, 0x0000000700100650, 0x00000007c0000000)
  region size 1024K, 60 young (61440K), 1 survivors (1024K)
 Metaspace       used 86276K, capacity 92894K, committed 93104K, reserved 1130496K
  class space    used 11762K, capacity 12897K, committed 12976K, reserved 1048576K
}
Event: 974.147 GC heap after
{Heap after GC invocations=291 (full 92):
 garbage-first heap   total 206848K, used 83039K [0x0000000700000000, 0x0000000700100650, 0x00000007c0000000)
  region size 1024K, 1 young (1024K), 1 survivors (1024K)
 Metaspace       used 86276K, capacity 92894K, committed 93104K, reserved 1130496K
  class space    used 11762K, capacity 12897K, committed 12976K, reserved 1048576K
}
Event: 974.299 GC heap before
{Heap before GC invocations=291 (full 92):
 garbage-first heap   total 206848K, used 143455K [0x0000000700000000, 0x0000000700100650, 0x00000007c0000000)
  region size 1024K, 60 young (61440K), 1 survivors (1024K)
 Metaspace       used 86279K, capacity 92894K, committed 93104K, reserved 1130496K
  class space    used 11762K, capacity 12897K, committed 12976K, reserved 1048576K
}
Event: 974.301 GC heap after
{Heap after GC invocations=292 (full 92):
 garbage-first heap   total 206848K, used 82984K [0x0000000700000000, 0x0000000700100650, 0x00000007c0000000)
  region size 1024K, 1 young (1024K), 1 survivors (1024K)
 Metaspace       used 86279K, capacity 92894K, committed 93104K, reserved 1130496K
  class space    used 11762K, capacity 12897K, committed 12976K, reserved 1048576K
}
Event: 992.956 GC heap before
{Heap before GC invocations=292 (full 92):
 garbage-first heap   total 206848K, used 145448K [0x0000000700000000, 0x0000000700100650, 0x00000007c0000000)
  region size 1024K, 60 young (61440K), 1 survivors (1024K)
 Metaspace       used 86295K, capacity 92894K, committed 93104K, reserved 1130496K
  class space    used 11762K, capacity 12897K, committed 12976K, reserved 1048576K
}
Event: 992.958 GC heap after
{Heap after GC invocations=293 (full 92):
 garbage-first heap   total 206848K, used 85020K [0x0000000700000000, 0x0000000700100650, 0x00000007c0000000)
  region size 1024K, 1 young (1024K), 1 survivors (1024K)
 Metaspace       used 86295K, capacity 92894K, committed 93104K, reserved 1130496K
  class space    used 11762K, capacity 12897K, committed 12976K, reserved 1048576K
}

Deoptimization events (10 events):
Event: 869.559 Thread 0x0000025ac8d8d000 Uncommon trap: reason=unloaded action=reinterpret pc=0x0000025ab717cc0c method=ui.data.n.b.a.a(Lui/data/n/a;Ljava/lang/Object;Lui/data/n/d/f;)Ljava/lang/Object; @ 371 c2
Event: 870.813 Thread 0x0000025ac8d8d000 Uncommon trap: reason=class_check action=maybe_recompile pc=0x0000025ab70dfe80 method=sun.java2d.pipe.SpanShapeRenderer.fill(Lsun/java2d/SunGraphics2D;Ljava/awt/Shape;)V @ 1 c2
Event: 872.139 Thread 0x0000025ac8d8d000 Uncommon trap: reason=class_check action=maybe_recompile pc=0x0000025ab70dfe80 method=sun.java2d.pipe.SpanShapeRenderer.fill(Lsun/java2d/SunGraphics2D;Ljava/awt/Shape;)V @ 1 c2
Event: 985.919 Thread 0x0000025aa73bd000 Uncommon trap: reason=unstable_if action=reinterpret pc=0x0000025ab75c0920 method=java.awt.event.MouseEvent.setOldModifiers()V @ 153 c2
Event: 987.865 Thread 0x0000025ac8d8d000 Uncommon trap: reason=uninitialized action=reinterpret pc=0x0000025ab7556de8 method=java.awt.Component.dispatchEventImpl(Ljava/awt/AWTEvent;)V @ 568 c2
Event: 988.807 Thread 0x0000025ac8d8d000 Uncommon trap: reason=unstable_if action=reinterpret pc=0x0000025ab75deae0 method=com.jidesoft.editor.CodeEditorPainter.paintLine(Ljava/awt/Graphics;Lcom/jidesoft/editor/tokenmarker/TokenMarker;IILcom/jidesoft/editor/caret/CaretPosition;Lcom/jidesoft/edit
Event: 988.807 Thread 0x0000025ac8d8d000 Uncommon trap: reason=unstable_if action=reinterpret pc=0x0000025ab6fdf6f4 method=com.jidesoft.editor.CodeEditor._offsetToX(I)I @ 157 c2
Event: 989.393 Thread 0x0000025ac8d8d000 Uncommon trap: reason=unstable_if action=reinterpret pc=0x0000025ab76111ac method=ui.views.V.a.bc.paint(Lcom/jidesoft/marker/MarkerArea;Ljava/awt/Graphics;Ljava/awt/Rectangle;)V @ 99 c2
Event: 1003.925 Thread 0x0000025ac8d8d000 Uncommon trap: reason=class_check action=maybe_recompile pc=0x0000025ab72d8fd0 method=javax.swing.AbstractButton.setEnabled(Z)V @ 21 c2
Event: 1004.834 Thread 0x0000025ac8d8d000 Uncommon trap: reason=unstable_if action=reinterpret pc=0x0000025ab68100f8 method=java.lang.Throwable.getOurStackTrace()[Ljava/lang/StackTraceElement; @ 7 c2

Classes redefined (0 events):
No events

Internal exceptions (10 events):
Event: 839.671 Thread 0x0000025ac8d8d000 Implicit null exception at 0x0000025ab6dfde79 to 0x0000025ab6dff2dd
Event: 839.671 Thread 0x0000025ac8d8d000 Implicit null exception at 0x0000025ab6a806dc to 0x0000025ab6a80749
Event: 849.219 Thread 0x0000025ac8d8d000 Exception <a 'java/lang/NoSuchMethodError'{0x000000070c7647b8}: method resolution failed> (0x000000070c7647b8) thrown at [t:/workspace/hotspot/src/share/vm/prims/methodHandles.cpp, line 1256]
Event: 849.219 Thread 0x0000025ac8d8d000 Exception <a 'java/lang/NoSuchMethodError'{0x000000070c7688f0}: java.lang.invoke.DelegatingMethodHandle$Holder.reinvoke_L(Ljava/lang/Object;Ljava/lang/Object;IILjava/lang/Object;Ljava/lang/Object;ILjava/lang/Object;II)Ljava/lang/Object;> (0x000000070c7688
Event: 849.220 Thread 0x0000025ac8d8d000 Exception <a 'java/lang/NoSuchMethodError'{0x000000070c7d5368}: java.lang.invoke.DirectMethodHandle$Holder.invokeSpecial(Ljava/lang/Object;Ljava/lang/Object;IIILjava/lang/Object;Ljava/lang/Object;ILjava/lang/Object;II)Ljava/lang/Object;> (0x000000070c7d53
Event: 849.220 Thread 0x0000025ac8d8d000 Exception <a 'java/lang/NoSuchMethodError'{0x000000070c7d8e90}: java.lang.invoke.DelegatingMethodHandle$Holder.reinvoke_L(Ljava/lang/Object;IIILjava/lang/Object;Ljava/lang/Object;ILjava/lang/Object;II)Ljava/lang/Object;> (0x000000070c7d8e90) thrown at [t:
Event: 849.221 Thread 0x0000025ac8d8d000 Exception <a 'java/lang/NoSuchMethodError'{0x000000070c7f7150}: method resolution failed> (0x000000070c7f7150) thrown at [t:/workspace/hotspot/src/share/vm/prims/methodHandles.cpp, line 1256]
Event: 849.308 Thread 0x0000025ac8d8d000 Exception <a 'java/lang/NoSuchMethodError'{0x000000070c665de0}: java.lang.invoke.DirectMethodHandle$Holder.invokeSpecial(Ljava/lang/Object;Ljava/lang/Object;ILjava/lang/Object;)V> (0x000000070c665de0) thrown at [t:/workspace/hotspot/src/share/vm/interpret
Event: 849.308 Thread 0x0000025ac8d8d000 Exception <a 'java/lang/NoSuchMethodError'{0x000000070c66b708}: java.lang.invoke.DirectMethodHandle$Holder.invokeStatic(Ljava/lang/Object;Ljava/lang/Object;ILjava/lang/Object;)Ljava/lang/Object;> (0x000000070c66b708) thrown at [t:/workspace/hotspot/src/sh
Event: 1004.833 Thread 0x0000025ac8d8d000 Exception <a 'ui/frmwork/CommandFailedException'{0x000000070992a0a0}: Unknown exception occurred> (0x000000070992a0a0) thrown at [t:/workspace/hotspot/src/share/vm/prims/jni.cpp, line 625]

Events (10 events):
Event: 1003.980 Thread 0x0000025acba66800 Thread exited: 0x0000025acba66800
Event: 1004.832 loading class ui/frmwork/CommandFailedException
Event: 1004.832 loading class ui/frmwork/CommandFailedException done
Event: 1004.833 loading class java/lang/IndexOutOfBoundsException
Event: 1004.833 loading class java/lang/IndexOutOfBoundsException done
Event: 1004.833 loading class java/util/NoSuchElementException
Event: 1004.833 loading class java/util/NoSuchElementException done
Event: 1004.834 Thread 0x0000025ac8d8d000 Uncommon trap: trap_request=0xffffff5d fr.pc=0x0000025ab68100f8 relative=0x0000000000000718
Event: 1004.834 Thread 0x0000025ac8d8d000 DEOPT PACKING pc=0x0000025ab68100f8 sp=0x000000d3d63f4d10
Event: 1004.834 Thread 0x0000025ac8d8d000 DEOPT UNPACKING pc=0x0000025aae75da29 sp=0x000000d3d63f4ce8 mode 2


Dynamic libraries:
0x00007ff7111c0000 - 0x00007ff7111f0000 	F:\Vivado2018\Vivado\2018.3\bin\unwrapped\win64.o\vivado.exe
0x00007ffc1ca30000 - 0x00007ffc1cc28000 	C:\Windows\SYSTEM32\ntdll.dll
0x00007ffc1c420000 - 0x00007ffc1c4df000 	C:\Windows\System32\KERNEL32.DLL
0x00007ffc1a4f0000 - 0x00007ffc1a7c2000 	C:\Windows\System32\KERNELBASE.dll
0x00007ffc1a120000 - 0x00007ffc1a220000 	C:\Windows\System32\ucrtbase.dll
0x00007ffbfe580000 - 0x00007ffbfe60e000 	C:\Windows\SYSTEM32\MSVCP140.dll
0x00007ffc146e0000 - 0x00007ffc146f4000 	F:\Vivado2018\Vivado\2018.3\lib\win64.o\librdi_commonmain.dll
0x00007ffc067e0000 - 0x00007ffc067fb000 	C:\Windows\SYSTEM32\VCRUNTIME140.dll
0x00007ffc14560000 - 0x00007ffc14574000 	F:\Vivado2018\Vivado\2018.3\lib\win64.o\libboost_signals.dll
0x00007ffb869c0000 - 0x00007ffb87854000 	F:\Vivado2018\Vivado\2018.3\lib\win64.o\librdi_common.dll
0x00007ffc067d0000 - 0x00007ffc067dc000 	C:\Windows\SYSTEM32\VCRUNTIME140_1.dll
0x00007ffc1bdc0000 - 0x00007ffc1bf61000 	C:\Windows\System32\USER32.dll
0x00007ffc1a850000 - 0x00007ffc1a872000 	C:\Windows\System32\win32u.dll
0x00007ffc06880000 - 0x00007ffc068a6000 	F:\Vivado2018\Vivado\2018.3\lib\win64.o\libboost_filesystem.dll
0x00007ffc1c5c0000 - 0x00007ffc1c5eb000 	C:\Windows\System32\GDI32.dll
0x00007ffc1af50000 - 0x00007ffc1affe000 	C:\Windows\System32\ADVAPI32.dll
0x00007ffc1a2c0000 - 0x00007ffc1a3cf000 	C:\Windows\System32\gdi32full.dll
0x00007ffc1aeb0000 - 0x00007ffc1af4e000 	C:\Windows\System32\msvcrt.dll
0x00007ffc1a220000 - 0x00007ffc1a2bd000 	C:\Windows\System32\msvcp_win.dll
0x00007ffc1adf0000 - 0x00007ffc1ae8c000 	C:\Windows\System32\sechost.dll
0x00007ffc1c830000 - 0x00007ffc1c955000 	C:\Windows\System32\RPCRT4.dll
0x00007ffc1b660000 - 0x00007ffc1bda5000 	C:\Windows\System32\SHELL32.dll
0x00007ffc157e0000 - 0x00007ffc157ea000 	F:\Vivado2018\Vivado\2018.3\lib\win64.o\librdi_commonversion.dll
0x00007ffbd9200000 - 0x00007ffbd9321000 	F:\Vivado2018\Vivado\2018.3\lib\win64.o\librdi_commonxillic.dll
0x000000006b930000 - 0x000000006ba5b000 	F:\Vivado2018\Vivado\2018.3\lib\win64.o\tcl85t.dll
0x00007ffc1bfd0000 - 0x00007ffc1c03b000 	C:\Windows\System32\WS2_32.dll
0x00007ffbd8560000 - 0x00007ffbd88ce000 	F:\Vivado2018\Vivado\2018.3\lib\win64.o\libCOIN-all.dll
0x00007ffc144a0000 - 0x00007ffc144b4000 	F:\Vivado2018\Vivado\2018.3\lib\win64.o\libboost_date_time.dll
0x00007ffbd82a0000 - 0x00007ffbd8555000 	F:\Vivado2018\Vivado\2018.3\lib\win64.o\libXil_lmgr11.dll
0x00007ffc1c4e0000 - 0x00007ffc1c5ba000 	C:\Windows\System32\COMDLG32.dll
0x00007ffc1aa70000 - 0x00007ffc1adc5000 	C:\Windows\System32\combase.dll
0x00007ffc1c780000 - 0x00007ffc1c82d000 	C:\Windows\System32\shcore.dll
0x00007ffc1b000000 - 0x00007ffc1b055000 	C:\Windows\System32\SHLWAPI.dll
0x00007ffbe0580000 - 0x00007ffbe05ff000 	F:\Vivado2018\Vivado\2018.3\lib\win64.o\libboost_program_options.dll
0x00007ffbd90e0000 - 0x00007ffbd91f4000 	F:\Vivado2018\Vivado\2018.3\lib\win64.o\libboost_regex.dll
0x00007ffc1c040000 - 0x00007ffc1c10d000 	C:\Windows\System32\OLEAUT32.dll
0x00007ffc1b530000 - 0x00007ffc1b65a000 	C:\Windows\System32\ole32.dll
0x00007ffc157a0000 - 0x00007ffc157ab000 	F:\Vivado2018\Vivado\2018.3\lib\win64.o\libboost_system.dll
0x00007ffc1a480000 - 0x00007ffc1a4e9000 	C:\Windows\System32\WINTRUST.dll
0x00007ffc1a880000 - 0x00007ffc1a9d6000 	C:\Windows\System32\CRYPT32.dll
0x00007ffc01370000 - 0x00007ffc01391000 	F:\Vivado2018\Vivado\2018.3\lib\win64.o\libboost_thread.dll
0x00007ffc14c30000 - 0x00007ffc14c3f000 	F:\Vivado2018\Vivado\2018.3\lib\win64.o\libboost_xilinx.dll
0x00007ffbdecd0000 - 0x00007ffbded52000 	F:\Vivado2018\Vivado\2018.3\lib\win64.o\libhdlpsolve.dll
0x00007ffbdd160000 - 0x00007ffbdd205000 	F:\Vivado2018\Vivado\2018.3\lib\win64.o\libhdxml.dll
0x00007ffbec8a0000 - 0x00007ffbec8ce000 	F:\Vivado2018\Vivado\2018.3\lib\win64.o\libisl_sysinfo.dll
0x00007ffbe1260000 - 0x00007ffbe12c5000 	F:\Vivado2018\Vivado\2018.3\lib\win64.o\liblmx6.0.dll
0x00007ffc14230000 - 0x00007ffc1424a000 	F:\Vivado2018\Vivado\2018.3\lib\win64.o\pthreadVC2.dll
0x00007ffbd2ed0000 - 0x00007ffbd371e600 	F:\Vivado2018\Vivado\2018.3\lib\win64.o\libisl_iostreams.dll
0x00007ffc14160000 - 0x00007ffc1417c000 	F:\Vivado2018\Vivado\2018.3\lib\win64.o\librdiconfig.dll
0x00007ffbec4c0000 - 0x00007ffbec4e1000 	F:\Vivado2018\Vivado\2018.3\lib\win64.o\librdizlib.dll
0x0000000012000000 - 0x0000000012272000 	F:\Vivado2018\Vivado\2018.3\lib\win64.o\xerces-c_3_1.dll
0x00007ffbfe420000 - 0x00007ffbfe439000 	C:\Windows\SYSTEM32\NETAPI32.dll
0x00007ffc00db0000 - 0x00007ffc01289000 	C:\Windows\SYSTEM32\WININET.dll
0x00007ffc125c0000 - 0x00007ffc126cc000 	C:\Windows\SYSTEM32\WINHTTP.dll
0x00007ffc0e1a0000 - 0x00007ffc0e38c000 	C:\Windows\SYSTEM32\urlmon.dll
0x00007ffbec870000 - 0x00007ffbec879000 	C:\Windows\SYSTEM32\WSOCK32.dll
0x00007ffbeae10000 - 0x00007ffbeae41000 	C:\Windows\SYSTEM32\VCOMP140.DLL
0x00007ffb85b20000 - 0x00007ffb869b1000 	F:\Vivado2018\Vivado\2018.3\lib\win64.o\gurobi65.dll
0x00007ffc09020000 - 0x00007ffc090d0000 	C:\Windows\WinSxS\amd64_microsoft.windows.common-controls_6595b64144ccf1df_5.82.19041.1110_none_792d1c772443f647\COMCTL32.dll
0x00007ffc121c0000 - 0x00007ffc121dd000 	C:\Windows\SYSTEM32\dhcpcsvc.DLL
0x00007ffc14a10000 - 0x00007ffc14a1d000 	F:\Vivado2018\Vivado\2018.3\lib\win64.o\libboost_chrono.dll
0x00007ffbeaa00000 - 0x00007ffbeaa25000 	F:\Vivado2018\Vivado\2018.3\lib\win64.o\libisl_iosutils.dll
0x00007ffc07cd0000 - 0x00007ffc07ceb000 	F:\Vivado2018\Vivado\2018.3\lib\win64.o\libboost_iostreams.dll
0x00007ffc0b640000 - 0x00007ffc0b8f1000 	C:\Windows\SYSTEM32\iertutil.dll
0x00007ffc0b1e0000 - 0x00007ffc0b208000 	C:\Windows\SYSTEM32\srvcli.dll
0x00007ffc195c0000 - 0x00007ffc195cc000 	C:\Windows\SYSTEM32\netutils.dll
0x00007ffc1c110000 - 0x00007ffc1c142000 	C:\Windows\System32\IMM32.DLL
0x00007ffc19d10000 - 0x00007ffc19d22000 	C:\Windows\SYSTEM32\MSASN1.dll
0x00007ffc18970000 - 0x00007ffc18982000 	C:\Windows\SYSTEM32\kernel.appcore.dll
0x00007ffbae180000 - 0x00007ffbae675000 	F:\Vivado2018\Vivado\2018.3\lib\win64.o\librdi_commontasks.dll
0x00007ffc12220000 - 0x00007ffc1222a000 	C:\Windows\SYSTEM32\VERSION.dll
0x0000000064b10000 - 0x0000000065535000 	F:\Vivado2018\Vivado\2018.3\tps\win64\jre9.0.4\bin\server\jvm.dll
0x00007ffbd5b10000 - 0x00007ffbd5d8f000 	F:\Vivado2018\Vivado\2018.3\lib\win64.o\librdi_sio.dll
0x00007ffc1aea0000 - 0x00007ffc1aea8000 	C:\Windows\System32\PSAPI.DLL
0x00007ffc0e390000 - 0x00007ffc0e3b7000 	C:\Windows\SYSTEM32\WINMM.dll
0x00007ffc19580000 - 0x00007ffc195bb000 	C:\Windows\SYSTEM32\IPHLPAPI.DLL
0x00007ffc053e0000 - 0x00007ffc054cf000 	C:\Windows\SYSTEM32\MSVCR120.dll
0x00007ffc198e0000 - 0x00007ffc1994a000 	C:\Windows\SYSTEM32\MSWSOCK.DLL
0x00007ffc17e80000 - 0x00007ffc18612000 	C:\Windows\SYSTEM32\windows.storage.dll
0x00007ffc19b80000 - 0x00007ffc19bb0000 	C:\Windows\SYSTEM32\Wldp.dll
0x00007ffb83750000 - 0x00007ffb85b12000 	F:\Vivado2018\Vivado\2018.3\lib\win64.o\librdi_tcltasks.dll
0x00007ffbd3bf0000 - 0x00007ffbd3fcc000 	F:\Vivado2018\Vivado\2018.3\lib\win64.o\librdi_bitstream.dll
0x00007ffbd8c90000 - 0x00007ffbd8cfa000 	F:\Vivado2018\Vivado\2018.3\lib\win64.o\librdi_boarddep.dll
0x00007ffbd8e70000 - 0x00007ffbd8f4c000 	F:\Vivado2018\Vivado\2018.3\lib\win64.o\librdi_chipscope.dll
0x00007ffbd8b10000 - 0x00007ffbd8c8e000 	F:\Vivado2018\Vivado\2018.3\lib\win64.o\librdi_board.dll
0x00007ffbd5890000 - 0x00007ffbd5a49000 	F:\Vivado2018\Vivado\2018.3\lib\win64.o\librdi_chipscopeimpl.dll
0x00007ffbd5650000 - 0x00007ffbd5798000 	F:\Vivado2018\Vivado\2018.3\lib\win64.o\librdi_containers.dll
0x00007ffb81150000 - 0x00007ffb82a55000 	F:\Vivado2018\Vivado\2018.3\lib\win64.o\librdi_constraints.dll
0x00007ffb928b0000 - 0x00007ffb92f8a000 	F:\Vivado2018\Vivado\2018.3\lib\win64.o\librdi_coregenipxact.dll
0x00007ffb7f330000 - 0x00007ffb8114f000 	F:\Vivado2018\Vivado\2018.3\lib\win64.o\librdi_coregen.dll
0x00007ffb7b530000 - 0x00007ffb7f32b000 	F:\Vivado2018\Vivado\2018.3\lib\win64.o\librdi_designutils.dll
0x00007ffbae800000 - 0x00007ffbaeb1b000 	F:\Vivado2018\Vivado\2018.3\lib\win64.o\librdi_dlyest.dll
0x00007ffb92350000 - 0x00007ffb928b0000 	F:\Vivado2018\Vivado\2018.3\lib\win64.o\librdi_drc.dll
0x00007ffbd60d0000 - 0x00007ffbd6192000 	F:\Vivado2018\Vivado\2018.3\lib\win64.o\librdi_dsp.dll
0x00007ffb8ffc0000 - 0x00007ffb905ff000 	F:\Vivado2018\Vivado\2018.3\lib\win64.o\librdi_filemgmt.dll
0x00007ffbad710000 - 0x00007ffbad9ea000 	F:\Vivado2018\Vivado\2018.3\lib\win64.o\librdi_guitools.dll
0x00007ffbe44d0000 - 0x00007ffbe452d000 	F:\Vivado2018\Vivado\2018.3\lib\win64.o\librdi_hdf.dll
0x00007ffb55070000 - 0x00007ffb65dc2000 	F:\Vivado2018\Vivado\2018.3\lib\win64.o\librdi_device.dll
0x00007ffb83130000 - 0x00007ffb83745000 	F:\Vivado2018\Vivado\2018.3\lib\win64.o\librdi_memdata.dll
0x00007ffb7a190000 - 0x00007ffb7b521000 	F:\Vivado2018\Vivado\2018.3\lib\win64.o\librdi_implflow.dll
0x00007ffbd5e70000 - 0x00007ffbd5ee1000 	F:\Vivado2018\Vivado\2018.3\lib\win64.o\librdi_memoryarray.dll
0x00007ffbea8f0000 - 0x00007ffbea940000 	F:\Vivado2018\Vivado\2018.3\lib\win64.o\librdi_pfi.dll
0x00007ffb75c60000 - 0x00007ffb7629b000 	F:\Vivado2018\Vivado\2018.3\lib\win64.o\librdi_netlist.dll
0x00007ffbacdf0000 - 0x00007ffbad0f7000 	F:\Vivado2018\Vivado\2018.3\lib\win64.o\librdi_platform.dll
0x00007ffb52450000 - 0x00007ffb52b45000 	F:\Vivado2018\Vivado\2018.3\lib\win64.o\librdi_power.dll
0x00007ffb52b50000 - 0x00007ffb55064000 	F:\Vivado2018\Vivado\2018.3\lib\win64.o\librdi_place.dll
0x00007ffb75700000 - 0x00007ffb75c56000 	F:\Vivado2018\Vivado\2018.3\lib\win64.o\librdi_project.dll
0x00007ffb51d50000 - 0x00007ffb52443000 	F:\Vivado2018\Vivado\2018.3\lib\win64.o\librdi_psta.dll
0x00007ffb51670000 - 0x00007ffb51d49000 	F:\Vivado2018\Vivado\2018.3\lib\win64.o\librdi_rsb.dll
0x00007ffb8d460000 - 0x00007ffb8d837000 	F:\Vivado2018\Vivado\2018.3\lib\win64.o\librdi_runs.dll
0x00007ffb767e0000 - 0x00007ffb7a18c000 	F:\Vivado2018\Vivado\2018.3\lib\win64.o\librdi_mig.dll
0x00007ffb508e0000 - 0x00007ffb5166d000 	F:\Vivado2018\Vivado\2018.3\lib\win64.o\librdi_timing.dll
0x00007ffbd50f0000 - 0x00007ffbd5244000 	F:\Vivado2018\Vivado\2018.3\lib\win64.o\librdi_advchipscopeimpl.dll
0x00007ffbe8d90000 - 0x00007ffbe8ddc000 	F:\Vivado2018\Vivado\2018.3\lib\win64.o\libboost_serialization.dll
0x00007ffbc8950000 - 0x00007ffbc8a08000 	F:\Vivado2018\Vivado\2018.3\lib\win64.o\librdi_hip_devdesign.dll
0x00007ffbd57e0000 - 0x00007ffbd588b000 	F:\Vivado2018\Vivado\2018.3\lib\win64.o\librdi_ipconfig_readwrite.dll
0x00007ffbe3f20000 - 0x00007ffbe3f58000 	F:\Vivado2018\Vivado\2018.3\lib\win64.o\librdi_noc_frameworks.dll
0x00007ffb4fd90000 - 0x00007ffb508d7000 	F:\Vivado2018\Vivado\2018.3\lib\win64.o\libverific.dll
0x00007ffb87c20000 - 0x00007ffb87fd5000 	F:\Vivado2018\Vivado\2018.3\lib\win64.o\librdi_hip_config.dll
0x00007ffb4f840000 - 0x00007ffb4fd8e000 	F:\Vivado2018\Vivado\2018.3\lib\win64.o\librdi_xdm.dll
0x00007ffbd5dd0000 - 0x00007ffbd5e6e000 	F:\Vivado2018\Vivado\2018.3\lib\win64.o\libise.dll
0x00007ffbd5300000 - 0x00007ffbd53d8000 	F:\Vivado2018\Vivado\2018.3\lib\win64.o\librdi_runsbase.dll
0x00007ffbad4e0000 - 0x00007ffbad708000 	F:\Vivado2018\Vivado\2018.3\lib\win64.o\librdi_simdata.dll
0x00007ffbd9090000 - 0x00007ffbd90d9000 	F:\Vivado2018\Vivado\2018.3\lib\win64.o\librdi_wavedata_SimpleApi.dll
0x00007ffb4f250000 - 0x00007ffb4f834000 	F:\Vivado2018\Vivado\2018.3\lib\win64.o\librdi_wavedata.dll
0x00007ffbd5aa0000 - 0x00007ffbd5b03000 	F:\Vivado2018\Vivado\2018.3\lib\win64.o\librdi_hip_mathengine.dll
0x00007ffb4e240000 - 0x00007ffb4f242000 	F:\Vivado2018\Vivado\2018.3\lib\win64.o\librdi_route.dll
0x00007ffbac990000 - 0x00007ffbacbe0000 	F:\Vivado2018\Vivado\2018.3\lib\win64.o\librdi_hsm.dll

VM Arguments:
jvm_args: -Dsun.java2d.pmoffscreen=false -Dsun.java2d.xrender=false -Dsun.java2d.d3d=false -Dsun.awt.nopixfmt=true -Dsun.java2d.dpiaware=true -Dsun.java2d.uiScale.enabled=false -Xverify:none -Dswing.aatext=true -XX:-UsePerfData -Djdk.map.althashing.threshold=512 -XX:StringTableSize=4072 --add-opens=java.base/java.nio=ALL-UNNAMED --add-opens=java.desktop/sun.swing=ALL-UNNAMED --add-opens=java.desktop/javax.swing=ALL-UNNAMED --add-opens=java.desktop/javax.swing.tree=ALL-UNNAMED --add-opens=java.desktop/javax.swing.plaf.basic=ALL-UNNAMED --add-opens=java.desktop/javax.swing.plaf.synth=ALL-UNNAMED --add-opens=java.desktop/com.sun.awt=ALL-UNNAMED -XX:NewSize=60m -XX:MaxNewSize=60m -Xms128m -Xmx3072m -Xss5m 
java_command: <unknown>
java_class_path (initial): F:/Vivado2018/Vivado/2018.3\lib\classes\alloy.jar;F:/Vivado2018/Vivado/2018.3\lib\classes\autopilot.scelaborator.jar;F:/Vivado2018/Vivado/2018.3\lib\classes\autopilot.sourceprocessor.jar;F:/Vivado2018/Vivado/2018.3\lib\classes\autopilot.tbprocessor.jar;F:/Vivado2018/Vivado/2018.3\lib\classes\batik-anim.jar;F:/Vivado2018/Vivado/2018.3\lib\classes\batik-awt-util.jar;F:/Vivado2018/Vivado/2018.3\lib\classes\batik-bridge.jar;F:/Vivado2018/Vivado/2018.3\lib\classes\batik-codec.jar;F:/Vivado2018/Vivado/2018.3\lib\classes\batik-css.jar;F:/Vivado2018/Vivado/2018.3\lib\classes\batik-dom.jar;F:/Vivado2018/Vivado/2018.3\lib\classes\batik-ext.jar;F:/Vivado2018/Vivado/2018.3\lib\classes\batik-gui-util.jar;F:/Vivado2018/Vivado/2018.3\lib\classes\batik-gvt.jar;F:/Vivado2018/Vivado/2018.3\lib\classes\batik-parser.jar;F:/Vivado2018/Vivado/2018.3\lib\classes\batik-script.jar;F:/Vivado2018/Vivado/2018.3\lib\classes\batik-svg-dom.jar;F:/Vivado2018/Vivado/2018.3\lib\classes\batik-swing.jar;F:/Vivado2018/Vivado/2018.3\lib\classes\batik-transcoder.jar;F:/Vivado2018/Vivado/2018.3\lib\classes\batik-util.jar;F:/Vivado2018/Vivado/2018.3\lib\classes\batik-xml.jar;F:/Vivado2018/Vivado/2018.3\lib\classes\com.ibm.icu_4.4.2.v20110208.jar;F:/Vivado2018/Vivado/2018.3\lib\classes\commons-collections4-4.1.jar;F:/Vivado2018/Vivado/2018.3\lib\classes\commons-math-2.2.jar;F:/Vivado2018/Vivado/2018.3\lib\classes\dom4j-1.6.1.jar;F:/Vivado2018/Vivado/2018.3\lib\classes\guava-18.0.jar;F:/Vivado2018/Vivado/2018.3\lib\classes\help.jar;F:/Vivado2018/Vivado/2018.3\lib\classes\hsqldb.jar;F:/Vivado2018/Vivado/2018.3\lib\classes\jargs.jar;F:/Vivado2018/Vivado/2018.3\lib\classes\jaxb-api-2.3.0.jar;F:/Vivado2018/Vivado/2018.3\lib\classes\jh.jar;F:/Vivado2018/Vivado/2018.3\lib\classes\jide-action.jar;F:/Vivado2018/Vivado/2018.3\lib\classes\jide-charts.jar;F:/Vivado2018/Vivado/2018.3\lib\classes\jide-common.jar;F:/Vivado2018/Vivado/2018.3\lib\classes\jide-components.jar;F:/Vivado2018/Vivado/
Launcher Type: generic

Logging:
Log output configuration:
#0: stdout all=warning uptime,level,tags
#1: stderr all=off uptime,level,tags

Environment Variables:
JAVA_HOME=C:\jdk-17
PATH=F:/Vivado2018/Vivado/2018.3/bin;F:/Vivado2018/Vivado/2018.3/lib/win64.o;F:/Vivado2018/Vivado/2018.3/tps/win64/jre9.0.4/bin/server;F:/Vivado2018/Vivado/2018.3/tps/win64/jre9.0.4/bin;F:/Vivado2018/SDK/2018.3/bin;F:/Vivado2018/Vivado/2018.3/ids_lite/ISE/bin/nt64;F:/Vivado2018/Vivado/2018.3/ids_lite/ISE/lib/nt64;F:\VMware\bin\;C:\Program Files (x86)\Common Files\Intel\Shared Libraries\redist\intel64\compiler;C:\Program Files\Common Files\Oracle\Java\javapath;C:\Program Files (x86)\Common Files\Oracle\Java\javapath;C:\Windows\system32;C:\Windows;C:\Windows\System32\Wbem;C:\Windows\System32\WindowsPowerShell\v1.0\;C:\Windows\System32\OpenSSH\;C:\Program Files (x86)\NVIDIA Corporation\PhysX\Common;C:\Program Files\NVIDIA Corporation\NVIDIA NvDLISR;C:\jdk-17\bin;C:\jdk-17\jre\bin;C:\apache-tomcat-10.0.11\bin;C:\apache-maven-3.8.2\bin;C:\Program Files\Microsoft SQL Server\130\Tools\Binn\;E:\PyCharm 2021.3.1\bin;F:\Î¢ÐÅweb¿ª·¢Õß¹¤¾ß\dll;F:\mys;l-8.0.28-winx64\bin;C:\Program Files\dotnet\;F:\Git\cmd;F:\Bandizip\;F:\Pandoc\;C:\nodejs\;C:\Program Files\Google\Chrome\Application;F:\anoconda3;F:\anoconda3\Library\mingw-w64\bin;F:\anoconda3\Library\usr\bin;F:\anoconda3\Library\bin;F:\anoconda3\Scripts;C:\python\Scripts\;C:\python\;C:\Users\nhx1091939105\AppData\Local\Microsoft\WindowsApps;E:\Microsoft VS Code\bin;F:\IntelliJ IDEA 2021.3.2\bin;F:\PyCharm 2022.1.1\bin;F:\WebStorm 2021.3.2\bin;F:\CLion 2022.2\bin;C:\Users\nhx1091939105\.dotnet\tools;F:\texlive\2022\bin\win32;F:\Microsoft VS Code\bin;C:\Users\nhx1091939105\AppData\Roaming\npm;C:\Users\nhx1091939105\AppData\Local\gitkraken\bin;F:\Fiddler;F:\WebStorm 2022.3.1\bin;;F:\DevEco Studio 3.1.0.200\bin;F:\Hyper\resources\bin;F:/Vivado2018/Vivado/2018.3\tps\mingw\6.2.0\win64.o\nt\bin;F:/Vivado2018/Vivado/2018.3\tps\mingw\6.2.0\win64.o\nt\libexec\gcc\x86_64-w64-mingw32\6.2.0
USERNAME=nhx1091939105
OS=Windows_NT
PROCESSOR_IDENTIFIER=AMD64 Family 25 Model 80 Stepping 0, AuthenticAMD



---------------  S Y S T E M  ---------------

OS: Windows 10 , 64 bit Build 19041 (10.0.19041.2546)

CPU:total 12 (initial active 12) (12 cores per cpu, 1 threads per core) family 25 model 80 stepping 0, cmov, cx8, fxsr, mmx, sse, sse2, sse3, ssse3, sse4.1, sse4.2, popcnt, avx, avx2, aes, clmul, erms, mmxext, 3dnowpref, lzcnt, sse4a, tsc, tscinvbit, tscinv, bmi1

Memory: 4k page, physical 14528572k(6499828k free), swap 26587196k(12727624k free)

vm_info: Java HotSpot(TM) 64-Bit Server VM (9.0.4+11) for windows-amd64 JRE (9.0.4+11), built on Dec 20 2017 02:18:54 by "mach5one" with MS VC++ 12.0 (VS2013)

END.
