#-----------------------------------------------------------
# Vivado v2018.3 (64-bit)
# SW Build 2405991 on Thu Dec  6 23:38:27 MST 2018
# IP Build 2404404 on Fri Dec  7 01:43:56 MST 2018
# Start of session at: Sat Nov 26 09:56:53 2022
# Process ID: 21684
# Current directory: E:/homework/computer_organization/lab3
# Command line: vivado.exe -gui_launcher_event rodinguilauncherevent26604 E:\homework\computer_organization\lab3\lab3.xpr
# Log file: E:/homework/computer_organization/lab3/vivado.log
# Journal file: E:/homework/computer_organization/lab3\vivado.jou
#-----------------------------------------------------------
start_gui
open_project E:/homework/computer_organization/lab3/lab3.xpr
Scanning sources...
Finished scanning sources
INFO: [IP_Flow 19-234] Refreshing IP repositories
INFO: [IP_Flow 19-1704] No user IP repositories specified
INFO: [IP_Flow 19-2313] Loaded Vivado IP repository 'F:/Vivado2018/Vivado/2018.3/data/ip'.
open_project: Time (s): cpu = 00:00:10 ; elapsed = 00:00:05 . Memory (MB): peak = 797.992 ; gain = 162.387
update_compile_order -fileset sources_1
exit
INFO: [Common 17-206] Exiting Vivado at Sat Nov 26 10:03:58 2022...
