#-----------------------------------------------------------
# Vivado v2018.3 (64-bit)
# SW Build 2405991 on Thu Dec  6 23:38:27 MST 2018
# IP Build 2404404 on Fri Dec  7 01:43:56 MST 2018
# Start of session at: Wed Nov 16 07:58:11 2022
# Process ID: 16376
# Current directory: D:/exp/resource/exp2_3/exp2_3
# Command line: vivado.exe -gui_launcher_event rodinguilauncherevent7740 D:\exp\resource\exp2_3\exp2_3\exp2_3.xpr
# Log file: D:/exp/resource/exp2_3/exp2_3/vivado.log
# Journal file: D:/exp/resource/exp2_3/exp2_3\vivado.jou
#-----------------------------------------------------------
start_gui
open_project D:/exp/resource/exp2_3/exp2_3/exp2_3.xpr
Scanning sources...
Finished scanning sources
INFO: [IP_Flow 19-234] Refreshing IP repositories
INFO: [IP_Flow 19-1704] No user IP repositories specified
INFO: [IP_Flow 19-2313] Loaded Vivado IP repository 'D:/exp/vivado/Vivado/2018.3/data/ip'.
update_compile_order -fileset sources_1
exit
INFO: [Common 17-206] Exiting Vivado at Wed Nov 16 07:58:35 2022...
