
*** Running vivado
    with args -log top_seg.vds -m64 -product Vivado -mode batch -messageDb vivado.pb -notrace -source top_seg.tcl


****** Vivado v2018.3 (64-bit)
  **** SW Build 2405991 on Thu Dec  6 23:38:27 MST 2018
  **** IP Build 2404404 on Fri Dec  7 01:43:56 MST 2018
    ** Copyright 1986-2018 Xilinx, Inc. All Rights Reserved.

source top_seg.tcl -notrace
Command: synth_design -top top_seg -part xc7a100tcsg324-1
Starting synth_design
Attempting to get a license for feature 'Synthesis' and/or device 'xc7a100t'
INFO: [Common 17-349] Got license for feature 'Synthesis' and/or device 'xc7a100t'
INFO: Launching helper process for spawning children vivado processes
INFO: Helper process launched with PID 10204 
---------------------------------------------------------------------------------
Starting RTL Elaboration : Time (s): cpu = 00:00:03 ; elapsed = 00:00:02 . Memory (MB): peak = 434.391 ; gain = 103.227
---------------------------------------------------------------------------------
INFO: [Synth 8-6157] synthesizing module 'top_seg' [C:/Users/Administrator/Desktop/lab2/lab2.srcs/sources_1/new/top_seg.v:23]
INFO: [Synth 8-6157] synthesizing module 'seg7x16' [C:/Users/Administrator/Desktop/lab2/lab2.srcs/sources_1/new/seg7x16.v:23]
INFO: [Synth 8-155] case statement is not full and has no default [C:/Users/Administrator/Desktop/lab2/lab2.srcs/sources_1/new/seg7x16.v:95]
INFO: [Synth 8-6155] done synthesizing module 'seg7x16' (1#1) [C:/Users/Administrator/Desktop/lab2/lab2.srcs/sources_1/new/seg7x16.v:23]
ERROR: [Synth 8-448] named port connection 'data' does not exist for instance 'u_seg7x16' of module 'seg7x16' [C:/Users/Administrator/Desktop/lab2/lab2.srcs/sources_1/new/top_seg.v:33]
ERROR: [Synth 8-6156] failed synthesizing module 'top_seg' [C:/Users/Administrator/Desktop/lab2/lab2.srcs/sources_1/new/top_seg.v:23]
---------------------------------------------------------------------------------
Finished RTL Elaboration : Time (s): cpu = 00:00:03 ; elapsed = 00:00:03 . Memory (MB): peak = 485.039 ; gain = 153.875
---------------------------------------------------------------------------------
RTL Elaboration failed
INFO: [Common 17-83] Releasing license: Synthesis
6 Infos, 0 Warnings, 0 Critical Warnings and 3 Errors encountered.
synth_design failed
ERROR: [Common 17-69] Command failed: Synthesis failed - please see the console or run log file for details
INFO: [Common 17-206] Exiting Vivado at Sun Nov 13 16:36:34 2022...
