Copyright 1986-2018 Xilinx, Inc. All Rights Reserved.
-------------------------------------------------------------------------------------
| Tool Version : Vivado v.2018.3 (win64) Build 2405991 Thu Dec  6 23:38:27 MST 2018
| Date         : Wed Mar 22 21:52:38 2023
| Host         : LAPTOP-UHL51CUR running 64-bit major release  (build 9200)
| Command      : report_control_sets -verbose -file Computer_control_sets_placed.rpt
| Design       : Computer
| Device       : xc7a100t
-------------------------------------------------------------------------------------

Control Set Information

Table of Contents
-----------------
1. Summary
2. Histogram
3. Flip-Flop Distribution
4. Detailed Control Set Information

1. Summary
----------

+----------------------------------------------------------+-------+
|                          Status                          | Count |
+----------------------------------------------------------+-------+
| Number of unique control sets                            |   266 |
| Unused register locations in slices containing registers |  1143 |
+----------------------------------------------------------+-------+


2. Histogram
------------

+--------+--------------+
| Fanout | Control Sets |
+--------+--------------+
|      1 |           22 |
|      2 |           23 |
|      3 |           25 |
|      4 |          131 |
|      5 |           49 |
|      8 |            1 |
|     12 |            4 |
|     13 |            4 |
|    16+ |            7 |
+--------+--------------+


3. Flip-Flop Distribution
-------------------------

+--------------+-----------------------+------------------------+-----------------+--------------+
| Clock Enable | Synchronous Set/Reset | Asynchronous Set/Reset | Total Registers | Total Slices |
+--------------+-----------------------+------------------------+-----------------+--------------+
| No           | No                    | No                     |               8 |            3 |
| No           | No                    | Yes                    |             465 |          172 |
| No           | Yes                   | No                     |               0 |            0 |
| Yes          | No                    | No                     |               0 |            0 |
| Yes          | No                    | Yes                    |            1024 |          494 |
| Yes          | Yes                   | No                     |               0 |            0 |
+--------------+-----------------------+------------------------+-----------------+--------------+


4. Detailed Control Set Information
-----------------------------------

+---------------------+------------------------------------+------------------------------------------+------------------+----------------+
|     Clock Signal    |            Enable Signal           |             Set/Reset Signal             | Slice Load Count | Bel Load Count |
+---------------------+------------------------------------+------------------------------------------+------------------+----------------+
|  Clk_CPU_BUFG       | myMEMWB/RegisterWriteOut_reg_1[0]  | myRegisterFile/Registers[30][5]_i_1_n_0  |                1 |              1 |
|  Clk_CPU_BUFG       | myMEMWB/RegisterWriteOut_reg_2[0]  | myRegisterFile/Registers[30][5]_i_1_n_0  |                1 |              1 |
|  Clk_CPU_BUFG       | myMEMWB/RegisterWriteOut_reg_15[0] | myRegisterFile/Registers[30][5]_i_1_n_0  |                1 |              1 |
|  Clk_CPU_BUFG       | myMEMWB/RegisterWriteOut_reg_9[0]  | myRegisterFile/Registers[30][5]_i_1_n_0  |                1 |              1 |
|  Clk_CPU_BUFG       | myMEMWB/RegisterWriteOut_reg_8[0]  | myRegisterFile/Registers[30][5]_i_1_n_0  |                1 |              1 |
|  Clk_CPU_BUFG       | myMEMWB/RegisterWriteOut_reg_14[0] | myRegisterFile/Registers[30][5]_i_1_n_0  |                1 |              1 |
|  Clk_CPU_BUFG       | myMEMWB/RegisterWriteOut_reg_5[0]  | myRegisterFile/Registers[30][5]_i_1_n_0  |                1 |              1 |
|  Clk_CPU_BUFG       | myMEMWB/RegisterWriteOut_reg_30[0] | myRegisterFile/rstn                      |                1 |              1 |
|  Clk_CPU_BUFG       | myMEMWB/RegisterWriteOut_reg_1[0]  | myRegisterFile/rstn_0                    |                1 |              1 |
|  Clk_CPU_BUFG       | myMEMWB/RegisterWriteOut_reg_4[0]  | myRegisterFile/Registers[30][5]_i_1_n_0  |                1 |              1 |
|  Clk_CPU_BUFG       | myMEMWB/RegisterWriteOut_reg_13[0] | myRegisterFile/Registers[30][5]_i_1_n_0  |                1 |              1 |
|  Clk_CPU_BUFG       | myMEMWB/RegisterWriteOut_reg_11[0] | myRegisterFile/Registers[30][5]_i_1_n_0  |                1 |              1 |
|  Clk_CPU_BUFG       | myMEMWB/RegisterWriteOut_reg_6[0]  | myRegisterFile/Registers[30][5]_i_1_n_0  |                1 |              1 |
|  Clk_CPU_BUFG       | myMEMWB/RegisterWriteOut_reg_7[0]  | myRegisterFile/Registers[30][5]_i_1_n_0  |                1 |              1 |
|  Clk_CPU_BUFG       | myMEMWB/RegisterWriteOut_reg_16[0] | myRegisterFile/Registers[30][5]_i_1_n_0  |                1 |              1 |
|  Clk_CPU_BUFG       | myMEMWB/RegisterWriteOut_reg_10[0] | myRegisterFile/Registers[30][5]_i_1_n_0  |                1 |              1 |
|  Clk_CPU_BUFG       | myMEMWB/RegisterWriteOut_reg_12[0] | myRegisterFile/Registers[30][5]_i_1_n_0  |                1 |              1 |
|  Clk_CPU_BUFG       | myMEMWB/RegisterWriteOut_reg_17[0] | myRegisterFile/Registers[30][5]_i_1_n_0  |                1 |              1 |
|  Clk_CPU_BUFG       | myMEMWB/RegisterWriteOut_reg_3[0]  | myRegisterFile/Registers[30][5]_i_1_n_0  |                1 |              1 |
|  Clk_CPU_BUFG       | myMEMWB/RegisterWriteOut_reg_18[0] | myRegisterFile/Registers[30][5]_i_1_n_0  |                1 |              1 |
|  Clk_CPU_BUFG       | myMEMWB/RegisterWriteOut_reg_0[0]  | myRegisterFile/rstn_0                    |                1 |              1 |
|  Clk_CPU_BUFG       | myMEMWB/RegisterWriteOut_reg_0[0]  | myRegisterFile/Registers[30][5]_i_1_n_0  |                1 |              1 |
|  Clk_CPU_BUFG       | myMEMWB/RegisterWriteOut_reg_8[0]  | myRegisterFile/rstn_0                    |                1 |              2 |
|  Clk_CPU_BUFG       | myMEMWB/RegisterWriteOut_reg_21[0] | myRegisterFile/rstn_0                    |                1 |              2 |
|  Clk_CPU_BUFG       | myMEMWB/RegisterWriteOut_reg_11[0] | myRegisterFile/rstn_0                    |                1 |              2 |
|  Clk_CPU_BUFG       |                                    | myRegisterFile/rstn                      |                1 |              2 |
|  Clk_CPU_BUFG       | myMEMWB/RegisterWriteOut_reg_20[0] | myRegisterFile/rstn_0                    |                1 |              2 |
|  Clk_CPU_BUFG       | myMEMWB/E[0]                       | myRegisterFile/rstn_0                    |                1 |              2 |
|  Clk_CPU_BUFG       | myMEMWB/RegisterWriteOut_reg_3[0]  | myRegisterFile/rstn_0                    |                1 |              2 |
|  Clk_CPU_BUFG       | myMEMWB/RegisterWriteOut_reg_13[0] | myRegisterFile/rstn_0                    |                1 |              2 |
|  Clk_CPU_BUFG       | myMEMWB/RegisterWriteOut_reg_15[0] | myRegisterFile/rstn_0                    |                1 |              2 |
|  Clk_CPU_BUFG       | myMEMWB/RegisterWriteOut_reg_10[0] | myRegisterFile/rstn_0                    |                1 |              2 |
|  Clk_CPU_BUFG       | myMEMWB/RegisterWriteOut_reg_18[0] | myRegisterFile/rstn_0                    |                1 |              2 |
|  Clk_CPU_BUFG       | myMEMWB/RegisterWriteOut_reg_22[0] | myRegisterFile/rstn_0                    |                1 |              2 |
|  Clk_CPU_BUFG       | myMEMWB/RegisterWriteOut_reg_2[0]  | myRegisterFile/rstn_0                    |                1 |              2 |
|  Clk_CPU_BUFG       | myMEMWB/RegisterWriteOut_reg_14[0] | myRegisterFile/rstn_0                    |                1 |              2 |
|  Clk_CPU_BUFG       | myMEMWB/RegisterWriteOut_reg_16[0] | myRegisterFile/rstn_0                    |                1 |              2 |
|  Clk_CPU_BUFG       | myMEMWB/RegisterWriteOut_reg_4[0]  | myRegisterFile/rstn_0                    |                1 |              2 |
|  Clk_CPU_BUFG       | myMEMWB/RegisterWriteOut_reg_5[0]  | myRegisterFile/rstn_0                    |                2 |              2 |
|  Clk_CPU_BUFG       | myMEMWB/RegisterWriteOut_reg_17[0] | myRegisterFile/rstn_0                    |                1 |              2 |
|  Clk_CPU_BUFG       | myMEMWB/RegisterWriteOut_reg_12[0] | myRegisterFile/rstn_0                    |                1 |              2 |
|  Clk_CPU_BUFG       | myMEMWB/RegisterWriteOut_reg_19[0] | myRegisterFile/rstn_0                    |                1 |              2 |
|  Clk_CPU_BUFG       | myMEMWB/RegisterWriteOut_reg_7[0]  | myRegisterFile/rstn_0                    |                1 |              2 |
|  Clk_CPU_BUFG       | myMEMWB/RegisterWriteOut_reg_9[0]  | myRegisterFile/rstn_0                    |                1 |              2 |
|  Clk_CPU_BUFG       | myMEMWB/RegisterWriteOut_reg_6[0]  | myRegisterFile/rstn_0                    |                2 |              2 |
|  mySeg7x16/seg7_clk |                                    | mySeg7x16/rstn                           |                2 |              3 |
|  Clk_CPU_BUFG       | myMEMWB/RegisterWriteOut_reg_27[0] | myPC/rstn                                |                2 |              3 |
|  Clk_CPU_BUFG       | myMEMWB/RegisterWriteOut_reg_2[0]  | myRegisterFile/Registers[30][4]_i_1_n_0  |                1 |              3 |
|  Clk_CPU_BUFG       | myMEMWB/RegisterWriteOut_reg_0[0]  | myRegisterFile/Registers[30][4]_i_1_n_0  |                2 |              3 |
|  Clk_CPU_BUFG       | myMEMWB/RegisterWriteOut_reg_18[0] | myRegisterFile/Registers[30][9]_i_1_n_0  |                2 |              3 |
|  Clk_CPU_BUFG       | myMEMWB/RegisterWriteOut_reg_28[0] | myPC/rstn                                |                1 |              3 |
|  Clk_CPU_BUFG       | myMEMWB/RegisterWriteOut_reg_29[0] | myPC/rstn                                |                1 |              3 |
|  Clk_CPU_BUFG       | myMEMWB/RegisterWriteOut_reg_17[0] | myRegisterFile/Registers[30][9]_i_1_n_0  |                2 |              3 |
|  Clk_CPU_BUFG       | myMEMWB/RegisterWriteOut_reg_30[0] | myPC/rstn                                |                1 |              3 |
|  Clk_CPU_BUFG       | myMEMWB/RegisterWriteOut_reg_12[0] | myRegisterFile/Registers[30][13]_i_1_n_0 |                1 |              3 |
|  Clk_CPU_BUFG       | myMEMWB/RegisterWriteOut_reg_13[0] | myRegisterFile/Registers[30][13]_i_1_n_0 |                1 |              3 |
|  Clk_CPU_BUFG       | myMEMWB/RegisterWriteOut_reg_30[0] | myRegisterFile/Registers[30][4]_i_1_n_0  |                3 |              3 |
|  Clk_CPU_BUFG       | myMEMWB/RegisterWriteOut_reg_14[0] | myRegisterFile/Registers[30][9]_i_1_n_0  |                1 |              3 |
|  Clk_CPU_BUFG       | myMEMWB/RegisterWriteOut_reg_7[0]  | myRegisterFile/Registers[30][15]_i_1_n_0 |                2 |              3 |
|  Clk_CPU_BUFG       | myMEMWB/RegisterWriteOut_reg_11[0] | myRegisterFile/Registers[30][13]_i_1_n_0 |                1 |              3 |
|  Clk_CPU_BUFG       | myMEMWB/RegisterWriteOut_reg_4[0]  | myRegisterFile/Registers[30][15]_i_1_n_0 |                2 |              3 |
|  Clk_CPU_BUFG       | myMEMWB/RegisterWriteOut_reg_16[0] | myRegisterFile/Registers[30][9]_i_1_n_0  |                2 |              3 |
|  Clk_CPU_BUFG       | myMEMWB/RegisterWriteOut_reg_10[0] | myRegisterFile/Registers[30][13]_i_1_n_0 |                2 |              3 |
|  Clk_CPU_BUFG       | myMEMWB/RegisterWriteOut_reg_3[0]  | myRegisterFile/Registers[30][4]_i_1_n_0  |                1 |              3 |
|  Clk_CPU_BUFG       | myMEMWB/RegisterWriteOut_reg_8[0]  | myRegisterFile/Registers[30][15]_i_1_n_0 |                2 |              3 |
|  Clk_CPU_BUFG       | myMEMWB/RegisterWriteOut_reg_15[0] | myRegisterFile/Registers[30][9]_i_1_n_0  |                2 |              3 |
|  Clk_CPU_BUFG       | myMEMWB/RegisterWriteOut_reg_5[0]  | myRegisterFile/Registers[30][15]_i_1_n_0 |                2 |              3 |
|  Clk_CPU_BUFG       | myMEMWB/RegisterWriteOut_reg_9[0]  | myRegisterFile/Registers[30][13]_i_1_n_0 |                2 |              3 |
|  Clk_CPU_BUFG       | myMEMWB/RegisterWriteOut_reg_1[0]  | myRegisterFile/Registers[30][4]_i_1_n_0  |                1 |              3 |
|  Clk_CPU_BUFG       | myMEMWB/RegisterWriteOut_reg_6[0]  | myRegisterFile/Registers[30][15]_i_1_n_0 |                2 |              3 |
|  Clk_CPU_BUFG       | myMEMWB/RegisterWriteOut_reg_23[0] | myRegisterFile/Registers[30][15]_i_1_n_0 |                3 |              4 |
|  Clk_CPU_BUFG       | myMEMWB/RegisterWriteOut_reg_22[0] | myRegisterFile/Registers[30][9]_i_1_n_0  |                2 |              4 |
|  Clk_CPU_BUFG       | myMEMWB/RegisterWriteOut_reg_23[0] | myRegisterFile/Registers[30][4]_i_1_n_0  |                2 |              4 |
|  Clk_CPU_BUFG       | myMEMWB/RegisterWriteOut_reg_22[0] | myRegisterFile/rstn                      |                2 |              4 |
|  Clk_CPU_BUFG       | myMEMWB/RegisterWriteOut_reg_26[0] | myPC/rstn                                |                2 |              4 |
|  Clk_CPU_BUFG       | myMEMWB/RegisterWriteOut_reg_26[0] | myRegisterFile/Registers[30][13]_i_1_n_0 |                1 |              4 |
|  Clk_CPU_BUFG       | myMEMWB/RegisterWriteOut_reg_29[0] | myRegisterFile/Registers[30][13]_i_1_n_0 |                1 |              4 |
|  Clk_CPU_BUFG       | myMEMWB/RegisterWriteOut_reg_26[0] | myRegisterFile/Registers[30][4]_i_1_n_0  |                3 |              4 |
|  Clk_CPU_BUFG       | myMEMWB/RegisterWriteOut_reg_26[0] | myRegisterFile/Registers[30][9]_i_1_n_0  |                2 |              4 |
|  Clk_CPU_BUFG       | myMEMWB/RegisterWriteOut_reg_27[0] | myRegisterFile/Registers[30][13]_i_1_n_0 |                1 |              4 |
|  Clk_CPU_BUFG       | myMEMWB/RegisterWriteOut_reg_27[0] | myRegisterFile/Registers[30][15]_i_1_n_0 |                3 |              4 |
|  Clk_CPU_BUFG       | myMEMWB/RegisterWriteOut_reg_27[0] | myRegisterFile/Registers[30][4]_i_1_n_0  |                3 |              4 |
|  Clk_CPU_BUFG       | myMEMWB/RegisterWriteOut_reg_28[0] | myRegisterFile/Registers[30][9]_i_1_n_0  |                3 |              4 |
|  Clk_CPU_BUFG       | myMEMWB/RegisterWriteOut_reg_11[0] | myRegisterFile/Registers[30][15]_i_1_n_0 |                2 |              4 |
|  Clk_CPU_BUFG       | myMEMWB/RegisterWriteOut_reg_11[0] | myRegisterFile/Registers[30][4]_i_1_n_0  |                2 |              4 |
|  Clk_CPU_BUFG       | myMEMWB/RegisterWriteOut_reg_28[0] | myRegisterFile/Registers[30][4]_i_1_n_0  |                1 |              4 |
|  Clk_CPU_BUFG       | myMEMWB/RegisterWriteOut_reg_11[0] | myRegisterFile/Registers[30][9]_i_1_n_0  |                1 |              4 |
|  Clk_CPU_BUFG       | myMEMWB/RegisterWriteOut_reg_23[0] | myRegisterFile/Registers[30][9]_i_1_n_0  |                3 |              4 |
|  Clk_CPU_BUFG       | myMEMWB/RegisterWriteOut_reg_11[0] | myRegisterFile/rstn                      |                1 |              4 |
|  Clk_CPU_BUFG       | myMEMWB/RegisterWriteOut_reg_15[0] | myRegisterFile/Registers[30][13]_i_1_n_0 |                2 |              4 |
|  Clk_CPU_BUFG       | myMEMWB/RegisterWriteOut_reg_15[0] | myRegisterFile/Registers[30][15]_i_1_n_0 |                3 |              4 |
|  Clk_CPU_BUFG       | myMEMWB/RegisterWriteOut_reg_15[0] | myRegisterFile/Registers[30][4]_i_1_n_0  |                2 |              4 |
|  Clk_CPU_BUFG       | myMEMWB/RegisterWriteOut_reg_24[0] | myPC/rstn                                |                3 |              4 |
|  Clk_CPU_BUFG       | myMEMWB/RegisterWriteOut_reg_24[0] | myRegisterFile/Registers[30][13]_i_1_n_0 |                1 |              4 |
|  Clk_CPU_BUFG       | myMEMWB/RegisterWriteOut_reg_15[0] | myRegisterFile/rstn                      |                1 |              4 |
|  Clk_CPU_BUFG       | myMEMWB/RegisterWriteOut_reg_21[0] | myRegisterFile/Registers[30][13]_i_1_n_0 |                2 |              4 |
|  Clk_CPU_BUFG       | myMEMWB/RegisterWriteOut_reg_21[0] | myRegisterFile/Registers[30][15]_i_1_n_0 |                3 |              4 |
|  Clk_CPU_BUFG       | myMEMWB/RegisterWriteOut_reg_21[0] | myRegisterFile/Registers[30][4]_i_1_n_0  |                2 |              4 |
|  Clk_CPU_BUFG       | myMEMWB/RegisterWriteOut_reg_24[0] | myRegisterFile/Registers[30][15]_i_1_n_0 |                3 |              4 |
|  Clk_CPU_BUFG       | myMEMWB/RegisterWriteOut_reg_21[0] | myRegisterFile/Registers[30][9]_i_1_n_0  |                3 |              4 |
|  Clk_CPU_BUFG       | myMEMWB/RegisterWriteOut_reg_27[0] | myRegisterFile/Registers[30][9]_i_1_n_0  |                2 |              4 |
|  Clk_CPU_BUFG       | myMEMWB/RegisterWriteOut_reg_21[0] | myRegisterFile/rstn                      |                1 |              4 |
|  Clk_CPU_BUFG       | myMEMWB/RegisterWriteOut_reg_2[0]  | myRegisterFile/Registers[30][13]_i_1_n_0 |                2 |              4 |
|  Clk_CPU_BUFG       | myMEMWB/RegisterWriteOut_reg_2[0]  | myRegisterFile/Registers[30][15]_i_1_n_0 |                2 |              4 |
|  Clk_CPU_BUFG       | myMEMWB/RegisterWriteOut_reg_16[0] | myRegisterFile/Registers[30][15]_i_1_n_0 |                3 |              4 |
|  Clk_CPU_BUFG       | myMEMWB/RegisterWriteOut_reg_16[0] | myRegisterFile/Registers[30][13]_i_1_n_0 |                1 |              4 |
|  Clk_CPU_BUFG       | myMEMWB/RegisterWriteOut_reg_2[0]  | myRegisterFile/Registers[31][22]_i_2_n_0 |                1 |              4 |
|  Clk_CPU_BUFG       | myMEMWB/RegisterWriteOut_reg_2[0]  | myRegisterFile/Registers[30][9]_i_1_n_0  |                1 |              4 |
|  Clk_CPU_BUFG       | myMEMWB/RegisterWriteOut_reg_29[0] | myRegisterFile/Registers[30][9]_i_1_n_0  |                2 |              4 |
|  Clk_CPU_BUFG       | myMEMWB/RegisterWriteOut_reg_24[0] | myRegisterFile/Registers[30][4]_i_1_n_0  |                1 |              4 |
|  Clk_CPU_BUFG       | myMEMWB/RegisterWriteOut_reg_16[0] | myRegisterFile/Registers[30][4]_i_1_n_0  |                1 |              4 |
|  Clk_CPU_BUFG       | myMEMWB/RegisterWriteOut_reg_29[0] | myRegisterFile/Registers[30][4]_i_1_n_0  |                1 |              4 |
|  Clk_CPU_BUFG       |                                    | mySeg7x16/rstn                           |                1 |              4 |
|  Clk_CPU_BUFG       | myMEMWB/RegisterWriteOut_reg_28[0] | myRegisterFile/Registers[30][15]_i_1_n_0 |                2 |              4 |
|  Clk_CPU_BUFG       | myMEMWB/RegisterWriteOut_reg_16[0] | myRegisterFile/rstn                      |                1 |              4 |
|  Clk_CPU_BUFG       | myMEMWB/RegisterWriteOut_reg_25[0] | myPC/rstn                                |                2 |              4 |
|  Clk_CPU_BUFG       | myMEMWB/RegisterWriteOut_reg_25[0] | myRegisterFile/Registers[30][13]_i_1_n_0 |                1 |              4 |
|  Clk_CPU_BUFG       | myMEMWB/RegisterWriteOut_reg_25[0] | myRegisterFile/Registers[30][15]_i_1_n_0 |                2 |              4 |
|  Clk_CPU_BUFG       | myMEMWB/RegisterWriteOut_reg_25[0] | myRegisterFile/Registers[30][4]_i_1_n_0  |                1 |              4 |
|  Clk_CPU_BUFG       | myMEMWB/RegisterWriteOut_reg_25[0] | myRegisterFile/Registers[30][9]_i_1_n_0  |                4 |              4 |
|  Clk_CPU_BUFG       | myMEMWB/RegisterWriteOut_reg_3[0]  | myRegisterFile/Registers[30][13]_i_1_n_0 |                1 |              4 |
|  Clk_CPU_BUFG       | myMEMWB/RegisterWriteOut_reg_3[0]  | myRegisterFile/Registers[30][15]_i_1_n_0 |                2 |              4 |
|  Clk_CPU_BUFG       | myMEMWB/E[0]                       | myRegisterFile/Registers[31][26]_i_2_n_0 |                1 |              4 |
|  Clk_CPU_BUFG       | myMEMWB/RegisterWriteOut_reg_29[0] | myRegisterFile/Registers[30][15]_i_1_n_0 |                3 |              4 |
|  Clk_CPU_BUFG       | myMEMWB/RegisterWriteOut_reg_3[0]  | myRegisterFile/Registers[30][9]_i_1_n_0  |                2 |              4 |
|  Clk_CPU_BUFG       | myMEMWB/RegisterWriteOut_reg_28[0] | myRegisterFile/Registers[30][13]_i_1_n_0 |                1 |              4 |
|  Clk_CPU_BUFG       | myMEMWB/RegisterWriteOut_reg_3[0]  | myRegisterFile/rstn                      |                2 |              4 |
|  Clk_CPU_BUFG       | myMEMWB/RegisterWriteOut_reg_10[0] | myRegisterFile/Registers[30][15]_i_1_n_0 |                2 |              4 |
|  Clk_CPU_BUFG       | myMEMWB/RegisterWriteOut_reg_30[0] | myRegisterFile/Registers[30][13]_i_1_n_0 |                1 |              4 |
|  Clk_CPU_BUFG       | myMEMWB/RegisterWriteOut_reg_30[0] | myRegisterFile/Registers[30][15]_i_1_n_0 |                3 |              4 |
|  Clk_CPU_BUFG       | myMEMWB/RegisterWriteOut_reg_10[0] | myRegisterFile/Registers[30][4]_i_1_n_0  |                2 |              4 |
|  Clk_CPU_BUFG       | myMEMWB/RegisterWriteOut_reg_30[0] | myRegisterFile/Registers[30][9]_i_1_n_0  |                2 |              4 |
|  Clk_CPU_BUFG       | myMEMWB/RegisterWriteOut_reg_10[0] | myRegisterFile/Registers[30][9]_i_1_n_0  |                2 |              4 |
|  Clk_CPU_BUFG       | myMEMWB/RegisterWriteOut_reg_4[0]  | myRegisterFile/Registers[30][13]_i_1_n_0 |                1 |              4 |
|  Clk_CPU_BUFG       | myMEMWB/RegisterWriteOut_reg_13[0] | myRegisterFile/Registers[30][15]_i_1_n_0 |                2 |              4 |
|  Clk_CPU_BUFG       | myMEMWB/RegisterWriteOut_reg_4[0]  | myRegisterFile/Registers[30][4]_i_1_n_0  |                1 |              4 |
|  Clk_CPU_BUFG       | myMEMWB/RegisterWriteOut_reg_10[0] | myRegisterFile/rstn                      |                1 |              4 |
|  Clk_CPU_BUFG       | myMEMWB/RegisterWriteOut_reg_4[0]  | myRegisterFile/Registers[30][9]_i_1_n_0  |                1 |              4 |
|  Clk_CPU_BUFG       | myMEMWB/RegisterWriteOut_reg_14[0] | myRegisterFile/Registers[30][13]_i_1_n_0 |                2 |              4 |
|  Clk_CPU_BUFG       | myMEMWB/RegisterWriteOut_reg_4[0]  | myRegisterFile/rstn                      |                1 |              4 |
|  Clk_CPU_BUFG       | myMEMWB/RegisterWriteOut_reg_5[0]  | myRegisterFile/Registers[30][13]_i_1_n_0 |                1 |              4 |
|  Clk_CPU_BUFG       | myMEMWB/RegisterWriteOut_reg_14[0] | myRegisterFile/Registers[30][15]_i_1_n_0 |                2 |              4 |
|  Clk_CPU_BUFG       | myMEMWB/RegisterWriteOut_reg_5[0]  | myRegisterFile/Registers[30][4]_i_1_n_0  |                1 |              4 |
|  Clk_CPU_BUFG       | myMEMWB/RegisterWriteOut_reg_14[0] | myRegisterFile/Registers[30][4]_i_1_n_0  |                2 |              4 |
|  Clk_CPU_BUFG       | myMEMWB/RegisterWriteOut_reg_5[0]  | myRegisterFile/Registers[30][9]_i_1_n_0  |                2 |              4 |
|  Clk_CPU_BUFG       | myMEMWB/RegisterWriteOut_reg_13[0] | myRegisterFile/Registers[30][4]_i_1_n_0  |                2 |              4 |
|  Clk_CPU_BUFG       | myMEMWB/RegisterWriteOut_reg_5[0]  | myRegisterFile/rstn                      |                2 |              4 |
|  Clk_CPU_BUFG       | myMEMWB/RegisterWriteOut_reg_0[0]  | myRegisterFile/Registers[30][13]_i_1_n_0 |                2 |              4 |
|  Clk_CPU_BUFG       | myMEMWB/RegisterWriteOut_reg_0[0]  | myRegisterFile/Registers[30][15]_i_1_n_0 |                2 |              4 |
|  Clk_CPU_BUFG       | myMEMWB/RegisterWriteOut_reg_14[0] | myRegisterFile/rstn                      |                1 |              4 |
|  Clk_CPU_BUFG       | myMEMWB/RegisterWriteOut_reg_1[0]  | myRegisterFile/Registers[30][13]_i_1_n_0 |                1 |              4 |
|  Clk_CPU_BUFG       | myMEMWB/RegisterWriteOut_reg_0[0]  | myRegisterFile/Registers[30][9]_i_1_n_0  |                3 |              4 |
|  Clk_CPU_BUFG       | myMEMWB/RegisterWriteOut_reg_1[0]  | myRegisterFile/Registers[30][15]_i_1_n_0 |                2 |              4 |
|  Clk_CPU_BUFG       | myMEMWB/RegisterWriteOut_reg_17[0] | myRegisterFile/Registers[30][13]_i_1_n_0 |                1 |              4 |
|  Clk_CPU_BUFG       | myMEMWB/RegisterWriteOut_reg_17[0] | myRegisterFile/Registers[30][15]_i_1_n_0 |                3 |              4 |
|  Clk_CPU_BUFG       | myMEMWB/RegisterWriteOut_reg_17[0] | myRegisterFile/Registers[30][4]_i_1_n_0  |                2 |              4 |
|  Clk_CPU_BUFG       | myMEMWB/RegisterWriteOut_reg_26[0] | myRegisterFile/Registers[30][15]_i_1_n_0 |                2 |              4 |
|  Clk_CPU_BUFG       | myMEMWB/RegisterWriteOut_reg_24[0] | myRegisterFile/Registers[30][9]_i_1_n_0  |                2 |              4 |
|  Clk_CPU_BUFG       | myMEMWB/RegisterWriteOut_reg_1[0]  | myRegisterFile/Registers[30][9]_i_1_n_0  |                3 |              4 |
|  Clk_CPU_BUFG       | myMEMWB/RegisterWriteOut_reg_17[0] | myRegisterFile/rstn                      |                2 |              4 |
|  Clk_CPU_BUFG       | myMEMWB/RegisterWriteOut_reg_13[0] | myRegisterFile/Registers[30][9]_i_1_n_0  |                2 |              4 |
|  Clk_CPU_BUFG       | myMEMWB/RegisterWriteOut_reg_12[0] | myRegisterFile/Registers[30][15]_i_1_n_0 |                2 |              4 |
|  Clk_CPU_BUFG       | myMEMWB/RegisterWriteOut_reg_12[0] | myRegisterFile/Registers[30][4]_i_1_n_0  |                2 |              4 |
|  Clk_CPU_BUFG       | myMEMWB/RegisterWriteOut_reg_18[0] | myRegisterFile/Registers[30][13]_i_1_n_0 |                1 |              4 |
|  Clk_CPU_BUFG       | myMEMWB/RegisterWriteOut_reg_12[0] | myRegisterFile/Registers[30][9]_i_1_n_0  |                1 |              4 |
|  Clk_CPU_BUFG       | myMEMWB/RegisterWriteOut_reg_18[0] | myRegisterFile/Registers[30][15]_i_1_n_0 |                2 |              4 |
|  Clk_CPU_BUFG       | myMEMWB/RegisterWriteOut_reg_12[0] | myRegisterFile/rstn                      |                3 |              4 |
|  Clk_CPU_BUFG       | myMEMWB/RegisterWriteOut_reg_19[0] | myRegisterFile/Registers[30][13]_i_1_n_0 |                1 |              4 |
|  Clk_CPU_BUFG       | myMEMWB/RegisterWriteOut_reg_19[0] | myRegisterFile/Registers[30][15]_i_1_n_0 |                2 |              4 |
|  Clk_CPU_BUFG       | myMEMWB/RegisterWriteOut_reg_19[0] | myRegisterFile/Registers[30][4]_i_1_n_0  |                1 |              4 |
|  Clk_CPU_BUFG       | myMEMWB/RegisterWriteOut_reg_19[0] | myRegisterFile/Registers[30][9]_i_1_n_0  |                3 |              4 |
|  Clk_CPU_BUFG       | myMEMWB/RegisterWriteOut_reg_18[0] | myRegisterFile/Registers[30][4]_i_1_n_0  |                2 |              4 |
|  Clk_CPU_BUFG       | myMEMWB/RegisterWriteOut_reg_19[0] | myRegisterFile/rstn                      |                3 |              4 |
|  Clk_CPU_BUFG       | myMEMWB/RegisterWriteOut_reg_7[0]  | myRegisterFile/Registers[30][13]_i_1_n_0 |                3 |              4 |
|  Clk_CPU_BUFG       | myMEMWB/RegisterWriteOut_reg_13[0] | myRegisterFile/rstn                      |                3 |              4 |
|  Clk_CPU_BUFG       | myMEMWB/RegisterWriteOut_reg_7[0]  | myRegisterFile/Registers[30][4]_i_1_n_0  |                2 |              4 |
|  Clk_CPU_BUFG       | myMEMWB/RegisterWriteOut_reg_18[0] | myRegisterFile/rstn                      |                1 |              4 |
|  Clk_CPU_BUFG       | myMEMWB/RegisterWriteOut_reg_7[0]  | myRegisterFile/Registers[30][9]_i_1_n_0  |                3 |              4 |
|  Clk_CPU_BUFG       | myMEMWB/RegisterWriteOut_reg_20[0] | myRegisterFile/Registers[30][13]_i_1_n_0 |                1 |              4 |
|  Clk_CPU_BUFG       | myMEMWB/RegisterWriteOut_reg_7[0]  | myRegisterFile/rstn                      |                1 |              4 |
|  Clk_CPU_BUFG       | myMEMWB/RegisterWriteOut_reg_6[0]  | myRegisterFile/Registers[30][13]_i_1_n_0 |                2 |              4 |
|  Clk_CPU_BUFG       | myMEMWB/RegisterWriteOut_reg_20[0] | myRegisterFile/Registers[30][15]_i_1_n_0 |                2 |              4 |
|  Clk_CPU_BUFG       | myMEMWB/RegisterWriteOut_reg_6[0]  | myRegisterFile/Registers[30][4]_i_1_n_0  |                1 |              4 |
|  Clk_CPU_BUFG       | myMEMWB/RegisterWriteOut_reg_20[0] | myRegisterFile/Registers[30][4]_i_1_n_0  |                1 |              4 |
|  Clk_CPU_BUFG       | myMEMWB/RegisterWriteOut_reg_6[0]  | myRegisterFile/Registers[30][9]_i_1_n_0  |                3 |              4 |
|  Clk_CPU_BUFG       | myMEMWB/RegisterWriteOut_reg_23[0] | myPC/rstn                                |                3 |              4 |
|  Clk_CPU_BUFG       | myMEMWB/RegisterWriteOut_reg_6[0]  | myRegisterFile/rstn                      |                2 |              4 |
|  Clk_CPU_BUFG       | myMEMWB/RegisterWriteOut_reg_8[0]  | myRegisterFile/Registers[30][13]_i_1_n_0 |                2 |              4 |
|  Clk_CPU_BUFG       | myMEMWB/RegisterWriteOut_reg_20[0] | myRegisterFile/Registers[30][9]_i_1_n_0  |                3 |              4 |
|  Clk_CPU_BUFG       | myMEMWB/RegisterWriteOut_reg_8[0]  | myRegisterFile/Registers[30][4]_i_1_n_0  |                2 |              4 |
|  Clk_CPU_BUFG       | myMEMWB/RegisterWriteOut_reg_23[0] | myRegisterFile/Registers[30][13]_i_1_n_0 |                2 |              4 |
|  Clk_CPU_BUFG       | myMEMWB/RegisterWriteOut_reg_8[0]  | myRegisterFile/Registers[30][9]_i_1_n_0  |                1 |              4 |
|  Clk_CPU_BUFG       | myMEMWB/RegisterWriteOut_reg_20[0] | myRegisterFile/rstn                      |                1 |              4 |
|  Clk_CPU_BUFG       | myMEMWB/RegisterWriteOut_reg_8[0]  | myRegisterFile/rstn                      |                1 |              4 |
|  Clk_CPU_BUFG       | myMEMWB/RegisterWriteOut_reg_22[0] | myRegisterFile/Registers[30][13]_i_1_n_0 |                1 |              4 |
|  Clk_CPU_BUFG       | myMEMWB/RegisterWriteOut_reg_9[0]  | myRegisterFile/Registers[30][15]_i_1_n_0 |                2 |              4 |
|  Clk_CPU_BUFG       | myMEMWB/RegisterWriteOut_reg_9[0]  | myRegisterFile/Registers[30][4]_i_1_n_0  |                2 |              4 |
|  Clk_CPU_BUFG       | myMEMWB/RegisterWriteOut_reg_22[0] | myRegisterFile/Registers[30][15]_i_1_n_0 |                2 |              4 |
|  Clk_CPU_BUFG       | myMEMWB/RegisterWriteOut_reg_9[0]  | myRegisterFile/Registers[30][9]_i_1_n_0  |                2 |              4 |
|  Clk_CPU_BUFG       | myMEMWB/RegisterWriteOut_reg_22[0] | myRegisterFile/Registers[30][4]_i_1_n_0  |                2 |              4 |
|  Clk_CPU_BUFG       | myMEMWB/RegisterWriteOut_reg_9[0]  | myRegisterFile/rstn                      |                2 |              4 |
|  Clk_CPU_BUFG       | myMEMWB/RegisterWriteOut_reg_12[0] | myRegisterFile/Registers[31][22]_i_2_n_0 |                2 |              5 |
|  Clk_CPU_BUFG       | myMEMWB/RegisterWriteOut_reg_16[0] | myRegisterFile/Registers[31][22]_i_2_n_0 |                2 |              5 |
|  Clk_CPU_BUFG       | myMEMWB/RegisterWriteOut_reg_4[0]  | myRegisterFile/Registers[31][22]_i_2_n_0 |                3 |              5 |
|  Clk_CPU_BUFG       | myMEMWB/RegisterWriteOut_reg_12[0] | myRegisterFile/Registers[31][26]_i_2_n_0 |                3 |              5 |
|  Clk_CPU_BUFG       | myMEMWB/RegisterWriteOut_reg_10[0] | myRegisterFile/Registers[31][26]_i_2_n_0 |                1 |              5 |
|  Clk_CPU_BUFG       | myMEMWB/RegisterWriteOut_reg_14[0] | myRegisterFile/Registers[31][22]_i_2_n_0 |                2 |              5 |
|  Clk_CPU_BUFG       | myMEMWB/RegisterWriteOut_reg_4[0]  | myRegisterFile/Registers[31][26]_i_2_n_0 |                2 |              5 |
|  Clk_CPU_BUFG       | myMEMWB/RegisterWriteOut_reg_16[0] | myRegisterFile/Registers[31][26]_i_2_n_0 |                2 |              5 |
|  Clk_CPU_BUFG       | myMEMWB/RegisterWriteOut_reg_19[0] | myRegisterFile/Registers[31][22]_i_2_n_0 |                1 |              5 |
|  Clk_CPU_BUFG       | myMEMWB/RegisterWriteOut_reg_14[0] | myRegisterFile/Registers[31][26]_i_2_n_0 |                3 |              5 |
|  Clk_CPU_BUFG       | myMEMWB/RegisterWriteOut_reg_1[0]  | myRegisterFile/Registers[31][22]_i_2_n_0 |                2 |              5 |
|  Clk_CPU_BUFG       | myMEMWB/RegisterWriteOut_reg_19[0] | myRegisterFile/Registers[31][26]_i_2_n_0 |                3 |              5 |
|  Clk_CPU_BUFG       | myMEMWB/RegisterWriteOut_reg_1[0]  | myRegisterFile/Registers[31][26]_i_2_n_0 |                1 |              5 |
|  Clk_CPU_BUFG       | myMEMWB/RegisterWriteOut_reg_1[0]  | myRegisterFile/rstn                      |                1 |              5 |
|  Clk_CPU_BUFG       | myMEMWB/RegisterWriteOut_reg_5[0]  | myRegisterFile/Registers[31][22]_i_2_n_0 |                2 |              5 |
|  Clk_CPU_BUFG       | myMEMWB/RegisterWriteOut_reg_18[0] | myRegisterFile/Registers[31][22]_i_2_n_0 |                1 |              5 |
|  Clk_CPU_BUFG       | myMEMWB/RegisterWriteOut_reg_18[0] | myRegisterFile/Registers[31][26]_i_2_n_0 |                2 |              5 |
|  Clk_CPU_BUFG       | myMEMWB/RegisterWriteOut_reg_7[0]  | myRegisterFile/Registers[31][22]_i_2_n_0 |                2 |              5 |
|  Clk_CPU_BUFG       | myMEMWB/RegisterWriteOut_reg_5[0]  | myRegisterFile/Registers[31][26]_i_2_n_0 |                2 |              5 |
|  Clk_CPU_BUFG       | myMEMWB/RegisterWriteOut_reg_20[0] | myRegisterFile/Registers[31][22]_i_2_n_0 |                3 |              5 |
|  Clk_CPU_BUFG       | myMEMWB/RegisterWriteOut_reg_7[0]  | myRegisterFile/Registers[31][26]_i_2_n_0 |                3 |              5 |
|  Clk_CPU_BUFG       | myMEMWB/RegisterWriteOut_reg_20[0] | myRegisterFile/Registers[31][26]_i_2_n_0 |                2 |              5 |
|  Clk_CPU_BUFG       | myMEMWB/RegisterWriteOut_reg_22[0] | myRegisterFile/Registers[31][22]_i_2_n_0 |                3 |              5 |
|  Clk_CPU_BUFG       | myMEMWB/RegisterWriteOut_reg_22[0] | myRegisterFile/Registers[31][26]_i_2_n_0 |                4 |              5 |
|  Clk_CPU_BUFG       | myMEMWB/RegisterWriteOut_reg_3[0]  | myRegisterFile/Registers[31][22]_i_2_n_0 |                1 |              5 |
|  Clk_CPU_BUFG       | myMEMWB/RegisterWriteOut_reg_0[0]  | myRegisterFile/Registers[31][22]_i_2_n_0 |                3 |              5 |
|  Clk_CPU_BUFG       | myMEMWB/RegisterWriteOut_reg_6[0]  | myRegisterFile/Registers[31][22]_i_2_n_0 |                2 |              5 |
|  Clk_CPU_BUFG       | myMEMWB/RegisterWriteOut_reg_11[0] | myRegisterFile/Registers[31][22]_i_2_n_0 |                2 |              5 |
|  Clk_CPU_BUFG       | myMEMWB/RegisterWriteOut_reg_11[0] | myRegisterFile/Registers[31][26]_i_2_n_0 |                3 |              5 |
|  Clk_CPU_BUFG       | myMEMWB/RegisterWriteOut_reg_6[0]  | myRegisterFile/Registers[31][26]_i_2_n_0 |                2 |              5 |
|  Clk_CPU_BUFG       | myMEMWB/RegisterWriteOut_reg_0[0]  | myRegisterFile/Registers[31][26]_i_2_n_0 |                4 |              5 |
|  Clk_CPU_BUFG       | myMEMWB/RegisterWriteOut_reg_0[0]  | myRegisterFile/rstn                      |                3 |              5 |
|  Clk_CPU_BUFG       | myMEMWB/RegisterWriteOut_reg_3[0]  | myRegisterFile/Registers[31][26]_i_2_n_0 |                2 |              5 |
|  Clk_CPU_BUFG       | myMEMWB/RegisterWriteOut_reg_15[0] | myRegisterFile/Registers[31][22]_i_2_n_0 |                3 |              5 |
|  Clk_CPU_BUFG       | myMEMWB/RegisterWriteOut_reg_15[0] | myRegisterFile/Registers[31][26]_i_2_n_0 |                2 |              5 |
|  Clk_CPU_BUFG       | myMEMWB/RegisterWriteOut_reg_8[0]  | myRegisterFile/Registers[31][22]_i_2_n_0 |                3 |              5 |
|  Clk_CPU_BUFG       | myMEMWB/RegisterWriteOut_reg_21[0] | myRegisterFile/Registers[31][22]_i_2_n_0 |                2 |              5 |
|  Clk_CPU_BUFG       | myMEMWB/RegisterWriteOut_reg_17[0] | myRegisterFile/Registers[31][22]_i_2_n_0 |                2 |              5 |
|  Clk_CPU_BUFG       | myMEMWB/RegisterWriteOut_reg_8[0]  | myRegisterFile/Registers[31][26]_i_2_n_0 |                2 |              5 |
|  Clk_CPU_BUFG       | myMEMWB/RegisterWriteOut_reg_2[0]  | myRegisterFile/Registers[31][26]_i_2_n_0 |                2 |              5 |
|  Clk_CPU_BUFG       | myMEMWB/RegisterWriteOut_reg_2[0]  | myRegisterFile/rstn                      |                1 |              5 |
|  Clk_CPU_BUFG       | myMEMWB/RegisterWriteOut_reg_17[0] | myRegisterFile/Registers[31][26]_i_2_n_0 |                3 |              5 |
|  Clk_CPU_BUFG       | myMEMWB/RegisterWriteOut_reg_13[0] | myRegisterFile/Registers[31][22]_i_2_n_0 |                3 |              5 |
|  Clk_CPU_BUFG       | myMEMWB/RegisterWriteOut_reg_13[0] | myRegisterFile/Registers[31][26]_i_2_n_0 |                2 |              5 |
|  Clk_CPU_BUFG       | myMEMWB/RegisterWriteOut_reg_9[0]  | myRegisterFile/Registers[31][22]_i_2_n_0 |                2 |              5 |
|  Clk_CPU_BUFG       | myMEMWB/RegisterWriteOut_reg_21[0] | myRegisterFile/Registers[31][26]_i_2_n_0 |                3 |              5 |
|  Clk_CPU_BUFG       | myMEMWB/E[0]                       | myRegisterFile/Registers[31][22]_i_2_n_0 |                1 |              5 |
|  Clk_CPU_BUFG       | myMEMWB/RegisterWriteOut_reg_9[0]  | myRegisterFile/Registers[31][26]_i_2_n_0 |                3 |              5 |
|  Clk_CPU_BUFG       | myMEMWB/RegisterWriteOut_reg_10[0] | myRegisterFile/Registers[31][22]_i_2_n_0 |                2 |              5 |
|  myIFID/E[0]        |                                    |                                          |                3 |              8 |
|  Clk_CPU_BUFG       | myMEMWB/RegisterWriteOut_reg_25[0] | myRegisterFile/Registers[30][5]_i_1_n_0  |                7 |             12 |
|  Clk_CPU_BUFG       | myMEMWB/RegisterWriteOut_reg_24[0] | myRegisterFile/Registers[30][5]_i_1_n_0  |                9 |             12 |
|  Clk_CPU_BUFG       | myMEMWB/RegisterWriteOut_reg_23[0] | myRegisterFile/Registers[30][5]_i_1_n_0  |                6 |             12 |
|  Clk_CPU_BUFG       | myMEMWB/RegisterWriteOut_reg_26[0] | myRegisterFile/Registers[30][5]_i_1_n_0  |                4 |             12 |
|  Clk_CPU_BUFG       | myMEMWB/RegisterWriteOut_reg_29[0] | myRegisterFile/Registers[30][5]_i_1_n_0  |                7 |             13 |
|  Clk_CPU_BUFG       | myMEMWB/RegisterWriteOut_reg_30[0] | myRegisterFile/Registers[30][5]_i_1_n_0  |                5 |             13 |
|  Clk_CPU_BUFG       | myMEMWB/RegisterWriteOut_reg_28[0] | myRegisterFile/Registers[30][5]_i_1_n_0  |                6 |             13 |
|  Clk_CPU_BUFG       | myMEMWB/RegisterWriteOut_reg_27[0] | myRegisterFile/Registers[30][5]_i_1_n_0  |                7 |             13 |
|  Clk_CPU_BUFG       | myMEMWB/E[0]                       | myRegisterFile/rstn                      |                5 |             21 |
|  clk_IBUF_BUFG      |                                    | myIDEX/rstn                              |                7 |             26 |
|  clk_IBUF_BUFG      |                                    | mySeg7x16/rstn                           |               15 |             54 |
|  Clk_CPU_BUFG       |                                    | myRegisterFile/rstn_0                    |               19 |             73 |
|  Clk_CPU_BUFG       |                                    | myPC/rstn                                |               38 |             91 |
|  Clk_CPU_BUFG       |                                    | myIDEX/rstn                              |               50 |             93 |
|  Clk_CPU_BUFG       |                                    | myEXMEM/rstn                             |               39 |            119 |
+---------------------+------------------------------------+------------------------------------------+------------------+----------------+


