
*** Running vivado
    with args -log Computer.vdi -applog -m64 -product Vivado -messageDb vivado.pb -mode batch -source Computer.tcl -notrace


****** Vivado v2018.3 (64-bit)
  **** SW Build 2405991 on Thu Dec  6 23:38:27 MST 2018
  **** IP Build 2404404 on Fri Dec  7 01:43:56 MST 2018
    ** Copyright 1986-2018 Xilinx, Inc. All Rights Reserved.

source Computer.tcl -notrace
Command: link_design -top Computer -part xc7a100tcsg324-1
Design is defaulting to srcset: sources_1
Design is defaulting to constrset: constrs_1
INFO: [Netlist 29-17] Analyzing 45 Unisim elements for replacement
INFO: [Netlist 29-28] Unisim Transformation completed in 0 CPU seconds
INFO: [Project 1-479] Netlist was created with Vivado 2018.3
INFO: [Device 21-403] Loading part xc7a100tcsg324-1
INFO: [Project 1-570] Preparing netlist for logic optimization
Parsing XDC File [E:/homework/Computer-Organization/CPU-SingleCycle/CPU-SingleCycle.srcs/sources_1/new/icf.xdc]
WARNING: [Vivado 12-584] No ports matched 'led_o[0]'. [E:/homework/Computer-Organization/CPU-SingleCycle/CPU-SingleCycle.srcs/sources_1/new/icf.xdc:45]
CRITICAL WARNING: [Common 17-55] 'set_property' expects at least one object. [E:/homework/Computer-Organization/CPU-SingleCycle/CPU-SingleCycle.srcs/sources_1/new/icf.xdc:45]
Resolution: If [get_<value>] was used to populate the object, check to make sure this command returns at least one valid object.
WARNING: [Vivado 12-584] No ports matched 'led_o[1]'. [E:/homework/Computer-Organization/CPU-SingleCycle/CPU-SingleCycle.srcs/sources_1/new/icf.xdc:46]
CRITICAL WARNING: [Common 17-55] 'set_property' expects at least one object. [E:/homework/Computer-Organization/CPU-SingleCycle/CPU-SingleCycle.srcs/sources_1/new/icf.xdc:46]
Resolution: If [get_<value>] was used to populate the object, check to make sure this command returns at least one valid object.
WARNING: [Vivado 12-584] No ports matched 'led_o[2]'. [E:/homework/Computer-Organization/CPU-SingleCycle/CPU-SingleCycle.srcs/sources_1/new/icf.xdc:47]
CRITICAL WARNING: [Common 17-55] 'set_property' expects at least one object. [E:/homework/Computer-Organization/CPU-SingleCycle/CPU-SingleCycle.srcs/sources_1/new/icf.xdc:47]
Resolution: If [get_<value>] was used to populate the object, check to make sure this command returns at least one valid object.
WARNING: [Vivado 12-584] No ports matched 'led_o[3]'. [E:/homework/Computer-Organization/CPU-SingleCycle/CPU-SingleCycle.srcs/sources_1/new/icf.xdc:48]
CRITICAL WARNING: [Common 17-55] 'set_property' expects at least one object. [E:/homework/Computer-Organization/CPU-SingleCycle/CPU-SingleCycle.srcs/sources_1/new/icf.xdc:48]
Resolution: If [get_<value>] was used to populate the object, check to make sure this command returns at least one valid object.
WARNING: [Vivado 12-584] No ports matched 'led_o[4]'. [E:/homework/Computer-Organization/CPU-SingleCycle/CPU-SingleCycle.srcs/sources_1/new/icf.xdc:49]
CRITICAL WARNING: [Common 17-55] 'set_property' expects at least one object. [E:/homework/Computer-Organization/CPU-SingleCycle/CPU-SingleCycle.srcs/sources_1/new/icf.xdc:49]
Resolution: If [get_<value>] was used to populate the object, check to make sure this command returns at least one valid object.
WARNING: [Vivado 12-584] No ports matched 'led_o[5]'. [E:/homework/Computer-Organization/CPU-SingleCycle/CPU-SingleCycle.srcs/sources_1/new/icf.xdc:50]
CRITICAL WARNING: [Common 17-55] 'set_property' expects at least one object. [E:/homework/Computer-Organization/CPU-SingleCycle/CPU-SingleCycle.srcs/sources_1/new/icf.xdc:50]
Resolution: If [get_<value>] was used to populate the object, check to make sure this command returns at least one valid object.
WARNING: [Vivado 12-584] No ports matched 'led_o[6]'. [E:/homework/Computer-Organization/CPU-SingleCycle/CPU-SingleCycle.srcs/sources_1/new/icf.xdc:51]
CRITICAL WARNING: [Common 17-55] 'set_property' expects at least one object. [E:/homework/Computer-Organization/CPU-SingleCycle/CPU-SingleCycle.srcs/sources_1/new/icf.xdc:51]
Resolution: If [get_<value>] was used to populate the object, check to make sure this command returns at least one valid object.
WARNING: [Vivado 12-584] No ports matched 'led_o[7]'. [E:/homework/Computer-Organization/CPU-SingleCycle/CPU-SingleCycle.srcs/sources_1/new/icf.xdc:52]
CRITICAL WARNING: [Common 17-55] 'set_property' expects at least one object. [E:/homework/Computer-Organization/CPU-SingleCycle/CPU-SingleCycle.srcs/sources_1/new/icf.xdc:52]
Resolution: If [get_<value>] was used to populate the object, check to make sure this command returns at least one valid object.
WARNING: [Vivado 12-584] No ports matched 'led_o[8]'. [E:/homework/Computer-Organization/CPU-SingleCycle/CPU-SingleCycle.srcs/sources_1/new/icf.xdc:53]
CRITICAL WARNING: [Common 17-55] 'set_property' expects at least one object. [E:/homework/Computer-Organization/CPU-SingleCycle/CPU-SingleCycle.srcs/sources_1/new/icf.xdc:53]
Resolution: If [get_<value>] was used to populate the object, check to make sure this command returns at least one valid object.
WARNING: [Vivado 12-584] No ports matched 'led_o[9]'. [E:/homework/Computer-Organization/CPU-SingleCycle/CPU-SingleCycle.srcs/sources_1/new/icf.xdc:54]
CRITICAL WARNING: [Common 17-55] 'set_property' expects at least one object. [E:/homework/Computer-Organization/CPU-SingleCycle/CPU-SingleCycle.srcs/sources_1/new/icf.xdc:54]
Resolution: If [get_<value>] was used to populate the object, check to make sure this command returns at least one valid object.
WARNING: [Vivado 12-584] No ports matched 'led_o[10]'. [E:/homework/Computer-Organization/CPU-SingleCycle/CPU-SingleCycle.srcs/sources_1/new/icf.xdc:55]
CRITICAL WARNING: [Common 17-55] 'set_property' expects at least one object. [E:/homework/Computer-Organization/CPU-SingleCycle/CPU-SingleCycle.srcs/sources_1/new/icf.xdc:55]
Resolution: If [get_<value>] was used to populate the object, check to make sure this command returns at least one valid object.
WARNING: [Vivado 12-584] No ports matched 'led_o[11]'. [E:/homework/Computer-Organization/CPU-SingleCycle/CPU-SingleCycle.srcs/sources_1/new/icf.xdc:56]
CRITICAL WARNING: [Common 17-55] 'set_property' expects at least one object. [E:/homework/Computer-Organization/CPU-SingleCycle/CPU-SingleCycle.srcs/sources_1/new/icf.xdc:56]
Resolution: If [get_<value>] was used to populate the object, check to make sure this command returns at least one valid object.
WARNING: [Vivado 12-584] No ports matched 'led_o[12]'. [E:/homework/Computer-Organization/CPU-SingleCycle/CPU-SingleCycle.srcs/sources_1/new/icf.xdc:57]
CRITICAL WARNING: [Common 17-55] 'set_property' expects at least one object. [E:/homework/Computer-Organization/CPU-SingleCycle/CPU-SingleCycle.srcs/sources_1/new/icf.xdc:57]
Resolution: If [get_<value>] was used to populate the object, check to make sure this command returns at least one valid object.
WARNING: [Vivado 12-584] No ports matched 'led_o[13]'. [E:/homework/Computer-Organization/CPU-SingleCycle/CPU-SingleCycle.srcs/sources_1/new/icf.xdc:58]
CRITICAL WARNING: [Common 17-55] 'set_property' expects at least one object. [E:/homework/Computer-Organization/CPU-SingleCycle/CPU-SingleCycle.srcs/sources_1/new/icf.xdc:58]
Resolution: If [get_<value>] was used to populate the object, check to make sure this command returns at least one valid object.
WARNING: [Vivado 12-584] No ports matched 'led_o[14]'. [E:/homework/Computer-Organization/CPU-SingleCycle/CPU-SingleCycle.srcs/sources_1/new/icf.xdc:59]
CRITICAL WARNING: [Common 17-55] 'set_property' expects at least one object. [E:/homework/Computer-Organization/CPU-SingleCycle/CPU-SingleCycle.srcs/sources_1/new/icf.xdc:59]
Resolution: If [get_<value>] was used to populate the object, check to make sure this command returns at least one valid object.
WARNING: [Vivado 12-584] No ports matched 'led_o[15]'. [E:/homework/Computer-Organization/CPU-SingleCycle/CPU-SingleCycle.srcs/sources_1/new/icf.xdc:60]
CRITICAL WARNING: [Common 17-55] 'set_property' expects at least one object. [E:/homework/Computer-Organization/CPU-SingleCycle/CPU-SingleCycle.srcs/sources_1/new/icf.xdc:60]
Resolution: If [get_<value>] was used to populate the object, check to make sure this command returns at least one valid object.
Finished Parsing XDC File [E:/homework/Computer-Organization/CPU-SingleCycle/CPU-SingleCycle.srcs/sources_1/new/icf.xdc]
INFO: [Opt 31-138] Pushed 0 inverter(s) to 0 load pin(s).
Netlist sorting complete. Time (s): cpu = 00:00:00 ; elapsed = 00:00:00 . Memory (MB): peak = 666.934 ; gain = 0.000
INFO: [Project 1-111] Unisim Transformation Summary:
No Unisim elements were transformed.

7 Infos, 16 Warnings, 16 Critical Warnings and 0 Errors encountered.
link_design completed successfully
link_design: Time (s): cpu = 00:00:05 ; elapsed = 00:00:06 . Memory (MB): peak = 670.910 ; gain = 339.445
Command: opt_design
Attempting to get a license for feature 'Implementation' and/or device 'xc7a100t'
INFO: [Common 17-349] Got license for feature 'Implementation' and/or device 'xc7a100t'
Running DRC as a precondition to command opt_design

Starting DRC Task
INFO: [DRC 23-27] Running DRC with 2 threads
INFO: [Project 1-461] DRC finished with 0 Errors
INFO: [Project 1-462] Please refer to the DRC report (report_drc) for more information.

Time (s): cpu = 00:00:01 ; elapsed = 00:00:00.654 . Memory (MB): peak = 679.371 ; gain = 8.461

Starting Cache Timing Information Task
INFO: [Timing 38-35] Done setting XDC timing constraints.
Ending Cache Timing Information Task | Checksum: 16f7d47a7

Time (s): cpu = 00:00:08 ; elapsed = 00:00:08 . Memory (MB): peak = 1238.957 ; gain = 559.586

Starting Logic Optimization Task

Phase 1 Retarget
INFO: [Opt 31-138] Pushed 1 inverter(s) to 27 load pin(s).
INFO: [Opt 31-49] Retargeted 0 cell(s).
Phase 1 Retarget | Checksum: 11a823151

Time (s): cpu = 00:00:00 ; elapsed = 00:00:00.073 . Memory (MB): peak = 1335.789 ; gain = 0.000
INFO: [Opt 31-389] Phase Retarget created 35 cells and removed 36 cells

Phase 2 Constant propagation
INFO: [Opt 31-138] Pushed 31 inverter(s) to 40 load pin(s).
Phase 2 Constant propagation | Checksum: f6206e20

Time (s): cpu = 00:00:00 ; elapsed = 00:00:00.178 . Memory (MB): peak = 1335.789 ; gain = 0.000
INFO: [Opt 31-389] Phase Constant propagation created 111 cells and removed 211 cells

Phase 3 Sweep
Phase 3 Sweep | Checksum: f03ba859

Time (s): cpu = 00:00:00 ; elapsed = 00:00:00.292 . Memory (MB): peak = 1335.789 ; gain = 0.000
INFO: [Opt 31-389] Phase Sweep created 0 cells and removed 430 cells

Phase 4 BUFG optimization
Phase 4 BUFG optimization | Checksum: f03ba859

Time (s): cpu = 00:00:00 ; elapsed = 00:00:00.305 . Memory (MB): peak = 1335.789 ; gain = 0.000
INFO: [Opt 31-662] Phase BUFG optimization created 0 cells of which 0 are BUFGs and removed 0 cells.

Phase 5 Shift Register Optimization
Phase 5 Shift Register Optimization | Checksum: 11e41318f

Time (s): cpu = 00:00:01 ; elapsed = 00:00:00.378 . Memory (MB): peak = 1335.789 ; gain = 0.000
INFO: [Opt 31-389] Phase Shift Register Optimization created 0 cells and removed 0 cells

Phase 6 Post Processing Netlist
Phase 6 Post Processing Netlist | Checksum: 11e41318f

Time (s): cpu = 00:00:01 ; elapsed = 00:00:00.385 . Memory (MB): peak = 1335.789 ; gain = 0.000
INFO: [Opt 31-389] Phase Post Processing Netlist created 0 cells and removed 0 cells
Opt_design Change Summary
=========================


-------------------------------------------------------------------------------------------------------------------------
|  Phase                        |  #Cells created  |  #Cells Removed  |  #Constrained objects preventing optimizations  |
-------------------------------------------------------------------------------------------------------------------------
|  Retarget                     |              35  |              36  |                                              0  |
|  Constant propagation         |             111  |             211  |                                              0  |
|  Sweep                        |               0  |             430  |                                              0  |
|  BUFG optimization            |               0  |               0  |                                              0  |
|  Shift Register Optimization  |               0  |               0  |                                              0  |
|  Post Processing Netlist      |               0  |               0  |                                              0  |
-------------------------------------------------------------------------------------------------------------------------



Starting Connectivity Check Task

Time (s): cpu = 00:00:00 ; elapsed = 00:00:00.002 . Memory (MB): peak = 1335.789 ; gain = 0.000
Ending Logic Optimization Task | Checksum: 11e41318f

Time (s): cpu = 00:00:01 ; elapsed = 00:00:00.392 . Memory (MB): peak = 1335.789 ; gain = 0.000

Starting Power Optimization Task
INFO: [Pwropt 34-132] Skipping clock gating for clocks with a period < 2.00 ns.
Ending Power Optimization Task | Checksum: 11e41318f

Time (s): cpu = 00:00:00 ; elapsed = 00:00:00.007 . Memory (MB): peak = 1335.789 ; gain = 0.000

Starting Final Cleanup Task
Ending Final Cleanup Task | Checksum: 11e41318f

Time (s): cpu = 00:00:00 ; elapsed = 00:00:00 . Memory (MB): peak = 1335.789 ; gain = 0.000

Starting Netlist Obfuscation Task
Netlist sorting complete. Time (s): cpu = 00:00:00 ; elapsed = 00:00:00 . Memory (MB): peak = 1335.789 ; gain = 0.000
Ending Netlist Obfuscation Task | Checksum: 11e41318f

Time (s): cpu = 00:00:00 ; elapsed = 00:00:00 . Memory (MB): peak = 1335.789 ; gain = 0.000
INFO: [Common 17-83] Releasing license: Implementation
23 Infos, 16 Warnings, 16 Critical Warnings and 0 Errors encountered.
opt_design completed successfully
opt_design: Time (s): cpu = 00:00:11 ; elapsed = 00:00:10 . Memory (MB): peak = 1335.789 ; gain = 664.879
Netlist sorting complete. Time (s): cpu = 00:00:00 ; elapsed = 00:00:00.001 . Memory (MB): peak = 1335.789 ; gain = 0.000
INFO: [Timing 38-480] Writing timing data to binary archive.
Writing placer database...
Writing XDEF routing.
Writing XDEF routing logical nets.
Writing XDEF routing special nets.
Write XDEF Complete: Time (s): cpu = 00:00:00 ; elapsed = 00:00:00.082 . Memory (MB): peak = 1335.789 ; gain = 0.000
Netlist sorting complete. Time (s): cpu = 00:00:00 ; elapsed = 00:00:00 . Memory (MB): peak = 1335.789 ; gain = 0.000
INFO: [Common 17-1381] The checkpoint 'E:/homework/Computer-Organization/CPU-SingleCycle/CPU-SingleCycle.runs/impl_1/Computer_opt.dcp' has been generated.
INFO: [runtcl-4] Executing : report_drc -file Computer_drc_opted.rpt -pb Computer_drc_opted.pb -rpx Computer_drc_opted.rpx
Command: report_drc -file Computer_drc_opted.rpt -pb Computer_drc_opted.pb -rpx Computer_drc_opted.rpx
INFO: [IP_Flow 19-234] Refreshing IP repositories
INFO: [IP_Flow 19-1704] No user IP repositories specified
INFO: [IP_Flow 19-2313] Loaded Vivado IP repository 'F:/Vivado2018/Vivado/2018.3/data/ip'.
INFO: [DRC 23-27] Running DRC with 2 threads
INFO: [Coretcl 2-168] The results of DRC are in file E:/homework/Computer-Organization/CPU-SingleCycle/CPU-SingleCycle.runs/impl_1/Computer_drc_opted.rpt.
report_drc completed successfully
Command: place_design
Attempting to get a license for feature 'Implementation' and/or device 'xc7a100t'
INFO: [Common 17-349] Got license for feature 'Implementation' and/or device 'xc7a100t'
INFO: [DRC 23-27] Running DRC with 2 threads
INFO: [Vivado_Tcl 4-198] DRC finished with 0 Errors
INFO: [Vivado_Tcl 4-199] Please refer to the DRC report (report_drc) for more information.
Running DRC as a precondition to command place_design
INFO: [DRC 23-27] Running DRC with 2 threads
INFO: [Vivado_Tcl 4-198] DRC finished with 0 Errors
INFO: [Vivado_Tcl 4-199] Please refer to the DRC report (report_drc) for more information.

Starting Placer Task
INFO: [Place 30-611] Multithreading enabled for place_design using a maximum of 2 CPUs

Phase 1 Placer Initialization

Phase 1.1 Placer Initialization Netlist Sorting
Netlist sorting complete. Time (s): cpu = 00:00:00 ; elapsed = 00:00:00 . Memory (MB): peak = 1335.789 ; gain = 0.000
Phase 1.1 Placer Initialization Netlist Sorting | Checksum: 961a6932

Time (s): cpu = 00:00:00 ; elapsed = 00:00:00.004 . Memory (MB): peak = 1335.789 ; gain = 0.000
Netlist sorting complete. Time (s): cpu = 00:00:00 ; elapsed = 00:00:00.001 . Memory (MB): peak = 1335.789 ; gain = 0.000

Phase 1.2 IO Placement/ Clock Placement/ Build Placer Device
INFO: [Timing 38-35] Done setting XDC timing constraints.
Phase 1.2 IO Placement/ Clock Placement/ Build Placer Device | Checksum: de1c422c

Time (s): cpu = 00:00:01 ; elapsed = 00:00:00.884 . Memory (MB): peak = 1338.406 ; gain = 2.617

Phase 1.3 Build Placer Netlist Model
Phase 1.3 Build Placer Netlist Model | Checksum: 18254c5b9

Time (s): cpu = 00:00:02 ; elapsed = 00:00:01 . Memory (MB): peak = 1347.477 ; gain = 11.688

Phase 1.4 Constrain Clocks/Macros
Phase 1.4 Constrain Clocks/Macros | Checksum: 18254c5b9

Time (s): cpu = 00:00:02 ; elapsed = 00:00:01 . Memory (MB): peak = 1347.477 ; gain = 11.688
Phase 1 Placer Initialization | Checksum: 18254c5b9

Time (s): cpu = 00:00:02 ; elapsed = 00:00:01 . Memory (MB): peak = 1347.477 ; gain = 11.688

Phase 2 Global Placement

Phase 2.1 Floorplanning
Phase 2.1 Floorplanning | Checksum: f39fe7bf

Time (s): cpu = 00:00:02 ; elapsed = 00:00:01 . Memory (MB): peak = 1347.477 ; gain = 11.688

Phase 2.2 Physical Synthesis In Placer
INFO: [Physopt 32-65] No nets found for high-fanout optimization.
INFO: [Physopt 32-232] Optimized 0 net. Created 0 new instance.
INFO: [Physopt 32-775] End 1 Pass. Optimized 0 net or cell. Created 0 new cell, deleted 0 existing cell and moved 0 existing cell
INFO: [Physopt 32-670] No setup violation found.  DSP Register Optimization was not performed.
INFO: [Physopt 32-670] No setup violation found.  Shift Register Optimization was not performed.
INFO: [Physopt 32-670] No setup violation found.  BRAM Register Optimization was not performed.
INFO: [Physopt 32-949] No candidate nets found for HD net replication
INFO: [Physopt 32-775] End 1 Pass. Optimized 0 net or cell. Created 0 new cell, deleted 0 existing cell and moved 0 existing cell
Netlist sorting complete. Time (s): cpu = 00:00:00 ; elapsed = 00:00:00 . Memory (MB): peak = 1347.477 ; gain = 0.000

Summary of Physical Synthesis Optimizations
============================================


----------------------------------------------------------------------------------------------------------------------------------------
|  Optimization                  |  Added Cells  |  Removed Cells  |  Optimized Cells/Nets  |  Dont Touch  |  Iterations  |  Elapsed   |
----------------------------------------------------------------------------------------------------------------------------------------
|  Very High Fanout              |            0  |              0  |                     0  |           0  |           1  |  00:00:00  |
|  DSP Register                  |            0  |              0  |                     0  |           0  |           0  |  00:00:00  |
|  Shift Register                |            0  |              0  |                     0  |           0  |           0  |  00:00:00  |
|  BRAM Register                 |            0  |              0  |                     0  |           0  |           0  |  00:00:00  |
|  HD Interface Net Replication  |            0  |              0  |                     0  |           0  |           1  |  00:00:00  |
|  Total                         |            0  |              0  |                     0  |           0  |           2  |  00:00:00  |
----------------------------------------------------------------------------------------------------------------------------------------


Phase 2.2 Physical Synthesis In Placer | Checksum: 11a8aa92a

Time (s): cpu = 00:00:03 ; elapsed = 00:00:02 . Memory (MB): peak = 1347.477 ; gain = 11.688
Phase 2 Global Placement | Checksum: 101452e63

Time (s): cpu = 00:00:03 ; elapsed = 00:00:02 . Memory (MB): peak = 1347.477 ; gain = 11.688

Phase 3 Detail Placement

Phase 3.1 Commit Multi Column Macros
Phase 3.1 Commit Multi Column Macros | Checksum: 101452e63

Time (s): cpu = 00:00:03 ; elapsed = 00:00:02 . Memory (MB): peak = 1347.477 ; gain = 11.688

Phase 3.2 Commit Most Macros & LUTRAMs
Phase 3.2 Commit Most Macros & LUTRAMs | Checksum: 15f85ca2b

Time (s): cpu = 00:00:03 ; elapsed = 00:00:02 . Memory (MB): peak = 1347.477 ; gain = 11.688

Phase 3.3 Area Swap Optimization
Phase 3.3 Area Swap Optimization | Checksum: e921bb9c

Time (s): cpu = 00:00:03 ; elapsed = 00:00:02 . Memory (MB): peak = 1347.477 ; gain = 11.688

Phase 3.4 Pipeline Register Optimization
Phase 3.4 Pipeline Register Optimization | Checksum: 173b2a2da

Time (s): cpu = 00:00:03 ; elapsed = 00:00:02 . Memory (MB): peak = 1347.477 ; gain = 11.688

Phase 3.5 Small Shape Detail Placement
Phase 3.5 Small Shape Detail Placement | Checksum: 1e31e4027

Time (s): cpu = 00:00:04 ; elapsed = 00:00:02 . Memory (MB): peak = 1347.477 ; gain = 11.688

Phase 3.6 Re-assign LUT pins
Phase 3.6 Re-assign LUT pins | Checksum: 21be491bb

Time (s): cpu = 00:00:04 ; elapsed = 00:00:02 . Memory (MB): peak = 1347.477 ; gain = 11.688

Phase 3.7 Pipeline Register Optimization
Phase 3.7 Pipeline Register Optimization | Checksum: 18e4fa97d

Time (s): cpu = 00:00:04 ; elapsed = 00:00:02 . Memory (MB): peak = 1347.477 ; gain = 11.688
Phase 3 Detail Placement | Checksum: 18e4fa97d

Time (s): cpu = 00:00:04 ; elapsed = 00:00:02 . Memory (MB): peak = 1347.477 ; gain = 11.688

Phase 4 Post Placement Optimization and Clean-Up

Phase 4.1 Post Commit Optimization
INFO: [Timing 38-35] Done setting XDC timing constraints.

Phase 4.1.1 Post Placement Optimization
Post Placement Optimization Initialization | Checksum: 270925f14

Phase 4.1.1.1 BUFG Insertion
INFO: [Place 46-46] BUFG insertion identified 0 candidate nets, 0 success, 0 bufg driver replicated, 0 skipped for placement/routing, 0 skipped for timing, 0 skipped for netlist change reason
Phase 4.1.1.1 BUFG Insertion | Checksum: 270925f14

Time (s): cpu = 00:00:04 ; elapsed = 00:00:03 . Memory (MB): peak = 1352.602 ; gain = 16.812
INFO: [Place 30-746] Post Placement Timing Summary WNS=96.687. For the most accurate timing information please run report_timing.
Phase 4.1.1 Post Placement Optimization | Checksum: 2767a35ec

Time (s): cpu = 00:00:04 ; elapsed = 00:00:03 . Memory (MB): peak = 1352.602 ; gain = 16.812
Phase 4.1 Post Commit Optimization | Checksum: 2767a35ec

Time (s): cpu = 00:00:04 ; elapsed = 00:00:03 . Memory (MB): peak = 1352.602 ; gain = 16.812

Phase 4.2 Post Placement Cleanup
Phase 4.2 Post Placement Cleanup | Checksum: 2767a35ec

Time (s): cpu = 00:00:04 ; elapsed = 00:00:03 . Memory (MB): peak = 1352.602 ; gain = 16.812

Phase 4.3 Placer Reporting
Phase 4.3 Placer Reporting | Checksum: 2767a35ec

Time (s): cpu = 00:00:04 ; elapsed = 00:00:03 . Memory (MB): peak = 1352.602 ; gain = 16.812

Phase 4.4 Final Placement Cleanup
Netlist sorting complete. Time (s): cpu = 00:00:00 ; elapsed = 00:00:00 . Memory (MB): peak = 1352.602 ; gain = 0.000
Phase 4.4 Final Placement Cleanup | Checksum: 25af938e2

Time (s): cpu = 00:00:04 ; elapsed = 00:00:03 . Memory (MB): peak = 1352.602 ; gain = 16.812
Phase 4 Post Placement Optimization and Clean-Up | Checksum: 25af938e2

Time (s): cpu = 00:00:04 ; elapsed = 00:00:03 . Memory (MB): peak = 1352.602 ; gain = 16.812
Ending Placer Task | Checksum: 17f06e6cb

Time (s): cpu = 00:00:04 ; elapsed = 00:00:03 . Memory (MB): peak = 1352.602 ; gain = 16.812
INFO: [Common 17-83] Releasing license: Implementation
52 Infos, 16 Warnings, 16 Critical Warnings and 0 Errors encountered.
place_design completed successfully
Netlist sorting complete. Time (s): cpu = 00:00:00 ; elapsed = 00:00:00 . Memory (MB): peak = 1352.602 ; gain = 0.000
INFO: [Timing 38-480] Writing timing data to binary archive.
Writing placer database...
Netlist sorting complete. Time (s): cpu = 00:00:00 ; elapsed = 00:00:00.001 . Memory (MB): peak = 1360.195 ; gain = 0.000
Writing XDEF routing.
Writing XDEF routing logical nets.
Writing XDEF routing special nets.
Write XDEF Complete: Time (s): cpu = 00:00:00 ; elapsed = 00:00:00.123 . Memory (MB): peak = 1360.195 ; gain = 7.594
INFO: [Common 17-1381] The checkpoint 'E:/homework/Computer-Organization/CPU-SingleCycle/CPU-SingleCycle.runs/impl_1/Computer_placed.dcp' has been generated.
INFO: [runtcl-4] Executing : report_io -file Computer_io_placed.rpt
report_io: Time (s): cpu = 00:00:01 ; elapsed = 00:00:00.046 . Memory (MB): peak = 1360.199 ; gain = 0.000
INFO: [runtcl-4] Executing : report_utilization -file Computer_utilization_placed.rpt -pb Computer_utilization_placed.pb
INFO: [runtcl-4] Executing : report_control_sets -verbose -file Computer_control_sets_placed.rpt
report_control_sets: Time (s): cpu = 00:00:00 ; elapsed = 00:00:00.003 . Memory (MB): peak = 1360.199 ; gain = 0.000
Command: route_design
Attempting to get a license for feature 'Implementation' and/or device 'xc7a100t'
INFO: [Common 17-349] Got license for feature 'Implementation' and/or device 'xc7a100t'
Running DRC as a precondition to command route_design
INFO: [DRC 23-27] Running DRC with 2 threads
INFO: [Vivado_Tcl 4-198] DRC finished with 0 Errors
INFO: [Vivado_Tcl 4-199] Please refer to the DRC report (report_drc) for more information.


Starting Routing Task
INFO: [Route 35-254] Multithreading enabled for route_design using a maximum of 2 CPUs
Checksum: PlaceDB: efa5c3fe ConstDB: 0 ShapeSum: 8f6122cd RouteDB: 0

Phase 1 Build RT Design
Phase 1 Build RT Design | Checksum: c5694434

Time (s): cpu = 00:00:32 ; elapsed = 00:00:28 . Memory (MB): peak = 1525.809 ; gain = 165.609
Post Restoration Checksum: NetGraph: 7672d8ee NumContArr: 4ef66b46 Constraints: 0 Timing: 0

Phase 2 Router Initialization

Phase 2.1 Create Timer
Phase 2.1 Create Timer | Checksum: c5694434

Time (s): cpu = 00:00:32 ; elapsed = 00:00:28 . Memory (MB): peak = 1558.125 ; gain = 197.926

Phase 2.2 Fix Topology Constraints
Phase 2.2 Fix Topology Constraints | Checksum: c5694434

Time (s): cpu = 00:00:32 ; elapsed = 00:00:28 . Memory (MB): peak = 1564.133 ; gain = 203.934

Phase 2.3 Pre Route Cleanup
Phase 2.3 Pre Route Cleanup | Checksum: c5694434

Time (s): cpu = 00:00:32 ; elapsed = 00:00:28 . Memory (MB): peak = 1564.133 ; gain = 203.934
 Number of Nodes with overlaps = 0

Phase 2.4 Update Timing
Phase 2.4 Update Timing | Checksum: 1f464c98a

Time (s): cpu = 00:00:32 ; elapsed = 00:00:28 . Memory (MB): peak = 1580.582 ; gain = 220.383
INFO: [Route 35-416] Intermediate Timing Summary | WNS=96.721 | TNS=0.000  | WHS=-0.002 | THS=-0.033 |

Phase 2 Router Initialization | Checksum: 228a84d46

Time (s): cpu = 00:00:32 ; elapsed = 00:00:28 . Memory (MB): peak = 1580.582 ; gain = 220.383

Phase 3 Initial Routing
Phase 3 Initial Routing | Checksum: 12b3017b1

Time (s): cpu = 00:00:33 ; elapsed = 00:00:28 . Memory (MB): peak = 1580.582 ; gain = 220.383

Phase 4 Rip-up And Reroute

Phase 4.1 Global Iteration 0
 Number of Nodes with overlaps = 42
 Number of Nodes with overlaps = 0
INFO: [Route 35-416] Intermediate Timing Summary | WNS=96.498 | TNS=0.000  | WHS=N/A    | THS=N/A    |

Phase 4.1 Global Iteration 0 | Checksum: 1d3c37989

Time (s): cpu = 00:00:33 ; elapsed = 00:00:29 . Memory (MB): peak = 1580.582 ; gain = 220.383
Phase 4 Rip-up And Reroute | Checksum: 1d3c37989

Time (s): cpu = 00:00:33 ; elapsed = 00:00:29 . Memory (MB): peak = 1580.582 ; gain = 220.383

Phase 5 Delay and Skew Optimization

Phase 5.1 Delay CleanUp
Phase 5.1 Delay CleanUp | Checksum: 1d3c37989

Time (s): cpu = 00:00:33 ; elapsed = 00:00:29 . Memory (MB): peak = 1580.582 ; gain = 220.383

Phase 5.2 Clock Skew Optimization
Phase 5.2 Clock Skew Optimization | Checksum: 1d3c37989

Time (s): cpu = 00:00:33 ; elapsed = 00:00:29 . Memory (MB): peak = 1580.582 ; gain = 220.383
Phase 5 Delay and Skew Optimization | Checksum: 1d3c37989

Time (s): cpu = 00:00:33 ; elapsed = 00:00:29 . Memory (MB): peak = 1580.582 ; gain = 220.383

Phase 6 Post Hold Fix

Phase 6.1 Hold Fix Iter

Phase 6.1.1 Update Timing
Phase 6.1.1 Update Timing | Checksum: 1d6e82dd5

Time (s): cpu = 00:00:33 ; elapsed = 00:00:29 . Memory (MB): peak = 1580.582 ; gain = 220.383
INFO: [Route 35-416] Intermediate Timing Summary | WNS=96.577 | TNS=0.000  | WHS=0.237  | THS=0.000  |

Phase 6.1 Hold Fix Iter | Checksum: 1d6e82dd5

Time (s): cpu = 00:00:33 ; elapsed = 00:00:29 . Memory (MB): peak = 1580.582 ; gain = 220.383
Phase 6 Post Hold Fix | Checksum: 1d6e82dd5

Time (s): cpu = 00:00:33 ; elapsed = 00:00:29 . Memory (MB): peak = 1580.582 ; gain = 220.383

Phase 7 Route finalize

Router Utilization Summary
  Global Vertical Routing Utilization    = 0.0728555 %
  Global Horizontal Routing Utilization  = 0.109193 %
  Routable Net Status*
  *Does not include unroutable nets such as driverless and loadless.
  Run report_route_status for detailed report.
  Number of Failed Nets               = 0
  Number of Unrouted Nets             = 0
  Number of Partially Routed Nets     = 0
  Number of Node Overlaps             = 0

Phase 7 Route finalize | Checksum: 1d6e82dd5

Time (s): cpu = 00:00:33 ; elapsed = 00:00:29 . Memory (MB): peak = 1580.582 ; gain = 220.383

Phase 8 Verifying routed nets

 Verification completed successfully
Phase 8 Verifying routed nets | Checksum: 1d6e82dd5

Time (s): cpu = 00:00:33 ; elapsed = 00:00:29 . Memory (MB): peak = 1580.582 ; gain = 220.383

Phase 9 Depositing Routes
Phase 9 Depositing Routes | Checksum: 16ccb9280

Time (s): cpu = 00:00:33 ; elapsed = 00:00:29 . Memory (MB): peak = 1580.582 ; gain = 220.383

Phase 10 Post Router Timing
INFO: [Route 35-57] Estimated Timing Summary | WNS=96.577 | TNS=0.000  | WHS=0.237  | THS=0.000  |

INFO: [Route 35-327] The final timing numbers are based on the router estimated timing analysis. For a complete and accurate timing signoff, please run report_timing_summary.
Phase 10 Post Router Timing | Checksum: 16ccb9280

Time (s): cpu = 00:00:33 ; elapsed = 00:00:29 . Memory (MB): peak = 1580.582 ; gain = 220.383
INFO: [Route 35-16] Router Completed Successfully

Time (s): cpu = 00:00:33 ; elapsed = 00:00:29 . Memory (MB): peak = 1580.582 ; gain = 220.383

Routing Is Done.
INFO: [Common 17-83] Releasing license: Implementation
69 Infos, 16 Warnings, 16 Critical Warnings and 0 Errors encountered.
route_design completed successfully
route_design: Time (s): cpu = 00:00:34 ; elapsed = 00:00:30 . Memory (MB): peak = 1580.582 ; gain = 220.383
Netlist sorting complete. Time (s): cpu = 00:00:00 ; elapsed = 00:00:00 . Memory (MB): peak = 1580.582 ; gain = 0.000
INFO: [Timing 38-480] Writing timing data to binary archive.
Writing placer database...
Writing XDEF routing.
Netlist sorting complete. Time (s): cpu = 00:00:00 ; elapsed = 00:00:00 . Memory (MB): peak = 1580.582 ; gain = 0.000
Writing XDEF routing logical nets.
Writing XDEF routing special nets.
Write XDEF Complete: Time (s): cpu = 00:00:00 ; elapsed = 00:00:00.150 . Memory (MB): peak = 1580.582 ; gain = 0.000
INFO: [Common 17-1381] The checkpoint 'E:/homework/Computer-Organization/CPU-SingleCycle/CPU-SingleCycle.runs/impl_1/Computer_routed.dcp' has been generated.
INFO: [runtcl-4] Executing : report_drc -file Computer_drc_routed.rpt -pb Computer_drc_routed.pb -rpx Computer_drc_routed.rpx
Command: report_drc -file Computer_drc_routed.rpt -pb Computer_drc_routed.pb -rpx Computer_drc_routed.rpx
INFO: [IP_Flow 19-1839] IP Catalog is up to date.
INFO: [DRC 23-27] Running DRC with 2 threads
INFO: [Coretcl 2-168] The results of DRC are in file E:/homework/Computer-Organization/CPU-SingleCycle/CPU-SingleCycle.runs/impl_1/Computer_drc_routed.rpt.
report_drc completed successfully
INFO: [runtcl-4] Executing : report_methodology -file Computer_methodology_drc_routed.rpt -pb Computer_methodology_drc_routed.pb -rpx Computer_methodology_drc_routed.rpx
Command: report_methodology -file Computer_methodology_drc_routed.rpt -pb Computer_methodology_drc_routed.pb -rpx Computer_methodology_drc_routed.rpx
INFO: [Timing 38-35] Done setting XDC timing constraints.
INFO: [DRC 23-133] Running Methodology with 2 threads
INFO: [Coretcl 2-1520] The results of Report Methodology are in file E:/homework/Computer-Organization/CPU-SingleCycle/CPU-SingleCycle.runs/impl_1/Computer_methodology_drc_routed.rpt.
report_methodology completed successfully
INFO: [runtcl-4] Executing : report_power -file Computer_power_routed.rpt -pb Computer_power_summary_routed.pb -rpx Computer_power_routed.rpx
Command: report_power -file Computer_power_routed.rpt -pb Computer_power_summary_routed.pb -rpx Computer_power_routed.rpx
INFO: [Timing 38-35] Done setting XDC timing constraints.
Running Vector-less Activity Propagation...

Finished Running Vector-less Activity Propagation
81 Infos, 16 Warnings, 16 Critical Warnings and 0 Errors encountered.
report_power completed successfully
INFO: [runtcl-4] Executing : report_route_status -file Computer_route_status.rpt -pb Computer_route_status.pb
INFO: [runtcl-4] Executing : report_timing_summary -max_paths 10 -file Computer_timing_summary_routed.rpt -pb Computer_timing_summary_routed.pb -rpx Computer_timing_summary_routed.rpx -warn_on_violation 
INFO: [Timing 38-91] UpdateTimingParams: Speed grade: -1, Delay Type: min_max.
INFO: [Timing 38-191] Multithreading enabled for timing update using a maximum of 2 CPUs
INFO: [runtcl-4] Executing : report_incremental_reuse -file Computer_incremental_reuse_routed.rpt
INFO: [Vivado_Tcl 4-1062] Incremental flow is disabled. No incremental reuse Info to report.
INFO: [runtcl-4] Executing : report_clock_utilization -file Computer_clock_utilization_routed.rpt
INFO: [runtcl-4] Executing : report_bus_skew -warn_on_violation -file Computer_bus_skew_routed.rpt -pb Computer_bus_skew_routed.pb -rpx Computer_bus_skew_routed.rpx
INFO: [Timing 38-91] UpdateTimingParams: Speed grade: -1, Delay Type: min_max.
INFO: [Timing 38-191] Multithreading enabled for timing update using a maximum of 2 CPUs
INFO: [Common 17-206] Exiting Vivado at Mon Mar 20 11:50:36 2023...

*** Running vivado
    with args -log Computer.vdi -applog -m64 -product Vivado -messageDb vivado.pb -mode batch -source Computer.tcl -notrace


****** Vivado v2018.3 (64-bit)
  **** SW Build 2405991 on Thu Dec  6 23:38:27 MST 2018
  **** IP Build 2404404 on Fri Dec  7 01:43:56 MST 2018
    ** Copyright 1986-2018 Xilinx, Inc. All Rights Reserved.

source Computer.tcl -notrace
Command: open_checkpoint Computer_routed.dcp

Starting open_checkpoint Task

Time (s): cpu = 00:00:00 ; elapsed = 00:00:00.041 . Memory (MB): peak = 255.246 ; gain = 0.000
INFO: [Netlist 29-17] Analyzing 45 Unisim elements for replacement
INFO: [Netlist 29-28] Unisim Transformation completed in 0 CPU seconds
INFO: [Project 1-479] Netlist was created with Vivado 2018.3
INFO: [Device 21-403] Loading part xc7a100tcsg324-1
INFO: [Project 1-570] Preparing netlist for logic optimization
INFO: [Timing 38-478] Restoring timing data from binary archive.
INFO: [Timing 38-479] Binary timing data restore complete.
INFO: [Project 1-856] Restoring constraints from binary archive.
INFO: [Project 1-853] Binary constraint restore complete.
Reading XDEF placement.
Reading placer database...
Reading XDEF routing.
Read XDEF File: Time (s): cpu = 00:00:00 ; elapsed = 00:00:00.128 . Memory (MB): peak = 1242.441 ; gain = 2.230
Restored from archive | CPU: 0.000000 secs | Memory: 0.000000 MB |
Finished XDEF File Restore: Time (s): cpu = 00:00:00 ; elapsed = 00:00:00.128 . Memory (MB): peak = 1242.441 ; gain = 2.230
Netlist sorting complete. Time (s): cpu = 00:00:00 ; elapsed = 00:00:00 . Memory (MB): peak = 1242.445 ; gain = 0.000
INFO: [Project 1-111] Unisim Transformation Summary:
No Unisim elements were transformed.

INFO: [Project 1-604] Checkpoint was created with Vivado v2018.3 (64-bit) build 2405991
open_checkpoint: Time (s): cpu = 00:00:15 ; elapsed = 00:00:16 . Memory (MB): peak = 1242.445 ; gain = 987.199
Command: write_bitstream -force Computer.bit
Attempting to get a license for feature 'Implementation' and/or device 'xc7a100t'
INFO: [Common 17-349] Got license for feature 'Implementation' and/or device 'xc7a100t'
Running DRC as a precondition to command write_bitstream
INFO: [IP_Flow 19-234] Refreshing IP repositories
INFO: [IP_Flow 19-1704] No user IP repositories specified
INFO: [IP_Flow 19-2313] Loaded Vivado IP repository 'F:/Vivado2018/Vivado/2018.3/data/ip'.
INFO: [DRC 23-27] Running DRC with 2 threads
WARNING: [DRC CFGBVS-1] Missing CFGBVS and CONFIG_VOLTAGE Design Properties: Neither the CFGBVS nor CONFIG_VOLTAGE voltage property is set in the current_design.  Configuration bank voltage select (CFGBVS) must be set to VCCO or GND, and CONFIG_VOLTAGE must be set to the correct configuration voltage, in order to determine the I/O voltage support for the pins in bank 0.  It is suggested to specify these either using the 'Edit Device Properties' function in the GUI or directly in the XDC file using the following syntax:

 set_property CFGBVS value1 [current_design]
 #where value1 is either VCCO or GND

 set_property CONFIG_VOLTAGE value2 [current_design]
 #where value2 is the voltage provided to configuration bank 0

Refer to the device configuration user guide for more information.
INFO: [Vivado 12-3199] DRC finished with 0 Errors, 1 Warnings
INFO: [Vivado 12-3200] Please refer to the DRC report (report_drc) for more information.
INFO: [Designutils 20-2272] Running write_bitstream with 2 threads.
Loading data files...
Loading site data...
Loading route data...
Processing options...
Creating bitmap...
Creating bitstream...
Writing bitstream ./Computer.bit...
INFO: [Vivado 12-1842] Bitgen Completed Successfully.
INFO: [Project 1-120] WebTalk data collection is mandatory when using a WebPACK part without a full Vivado license. To see the specific WebTalk data collected for your design, open the usage_statistics_webtalk.html or usage_statistics_webtalk.xml file in the implementation directory.
INFO: [Common 17-83] Releasing license: Implementation
22 Infos, 1 Warnings, 0 Critical Warnings and 0 Errors encountered.
write_bitstream completed successfully
write_bitstream: Time (s): cpu = 00:00:16 ; elapsed = 00:00:16 . Memory (MB): peak = 1752.699 ; gain = 510.254
INFO: [Common 17-206] Exiting Vivado at Mon Mar 20 11:51:35 2023...
