#-----------------------------------------------------------
# Vivado v2018.3 (64-bit)
# SW Build 2405991 on Thu Dec  6 23:38:27 MST 2018
# IP Build 2404404 on Fri Dec  7 01:43:56 MST 2018
# Start of session at: Wed Dec  7 23:59:22 2022
# Process ID: 81728
# Current directory: E:/homework/computer_organization/paomadeng
# Command line: vivado.exe -gui_launcher_event rodinguilauncherevent77328 E:\homework\computer_organization\paomadeng\paomadeng.xpr
# Log file: E:/homework/computer_organization/paomadeng/vivado.log
# Journal file: E:/homework/computer_organization/paomadeng\vivado.jou
#-----------------------------------------------------------
start_gui
open_project E:/homework/computer_organization/paomadeng/paomadeng.xpr
Scanning sources...
Finished scanning sources
INFO: [IP_Flow 19-234] Refreshing IP repositories
INFO: [IP_Flow 19-1704] No user IP repositories specified
INFO: [IP_Flow 19-2313] Loaded Vivado IP repository 'F:/Vivado2018/Vivado/2018.3/data/ip'.
open_project: Time (s): cpu = 00:00:11 ; elapsed = 00:00:06 . Memory (MB): peak = 815.184 ; gain = 189.543
update_compile_order -fileset sources_1
exit
INFO: [Common 17-206] Exiting Vivado at Thu Dec  8 00:02:06 2022...
