Copyright 1986-2018 Xilinx, Inc. All Rights Reserved.
--------------------------------------------------------------------------------------------------------------------------------------------------------------------------------------------
| Tool Version : Vivado v.2018.3 (win64) Build 2405991 Thu Dec  6 23:38:27 MST 2018
| Date         : Sun Nov 13 18:35:59 2022
| Host         : LAPTOP-UHL51CUR running 64-bit major release  (build 9200)
| Command      : report_timing_summary -max_paths 10 -file top_seg_timing_summary_routed.rpt -pb top_seg_timing_summary_routed.pb -rpx top_seg_timing_summary_routed.rpx -warn_on_violation
| Design       : top_seg
| Device       : 7a100t-csg324
| Speed File   : -1  PRODUCTION 1.23 2018-06-13
--------------------------------------------------------------------------------------------------------------------------------------------------------------------------------------------

Timing Summary Report

------------------------------------------------------------------------------------------------
| Timer Settings
| --------------
------------------------------------------------------------------------------------------------

  Enable Multi Corner Analysis               :  Yes
  Enable Pessimism Removal                   :  Yes
  Pessimism Removal Resolution               :  Nearest Common Node
  Enable Input Delay Default Clock           :  No
  Enable Preset / Clear Arcs                 :  No
  Disable Flight Delays                      :  No
  Ignore I/O Paths                           :  No
  Timing Early Launch at Borrowing Latches   :  false

  Corner  Analyze    Analyze    
  Name    Max Paths  Min Paths  
  ------  ---------  ---------  
  Slow    Yes        Yes        
  Fast    Yes        Yes        



check_timing report

Table of Contents
-----------------
1. checking no_clock
2. checking constant_clock
3. checking pulse_width_clock
4. checking unconstrained_internal_endpoints
5. checking no_input_delay
6. checking no_output_delay
7. checking multiple_clock
8. checking generated_clocks
9. checking loops
10. checking partial_input_delay
11. checking partial_output_delay
12. checking latch_loops

1. checking no_clock
--------------------
 There are 3 register/latch pins with no clock driven by root clock pin: u_seg7x16/cnt_reg[14]/Q (HIGH)


2. checking constant_clock
--------------------------
 There are 0 register/latch pins with constant_clock.


3. checking pulse_width_clock
-----------------------------
 There are 0 register/latch pins which need pulse_width check


4. checking unconstrained_internal_endpoints
--------------------------------------------
 There are 6 pins that are not constrained for maximum delay. (HIGH)

 There are 0 pins that are not constrained for maximum delay due to constant clock.


5. checking no_input_delay
--------------------------
 There is 1 input port with no input delay specified. (HIGH)

 There are 0 input ports with no input delay but user has a false path constraint.


6. checking no_output_delay
---------------------------
 There are 15 ports with no output delay specified. (HIGH)

 There are 0 ports with no output delay but user has a false path constraint

 There are 0 ports with no output delay but with a timing clock defined on it or propagating through it


7. checking multiple_clock
--------------------------
 There are 0 register/latch pins with multiple clocks.


8. checking generated_clocks
----------------------------
 There are 0 generated clocks that are not connected to a clock source.


9. checking loops
-----------------
 There are 0 combinational loops in the design.


10. checking partial_input_delay
--------------------------------
 There are 0 input ports with partial input delay specified.


11. checking partial_output_delay
---------------------------------
 There are 0 ports with partial output delay specified.


12. checking latch_loops
------------------------
 There are 0 combinational latch loops in the design through latch input



------------------------------------------------------------------------------------------------
| Design Timing Summary
| ---------------------
------------------------------------------------------------------------------------------------

    WNS(ns)      TNS(ns)  TNS Failing Endpoints  TNS Total Endpoints      WHS(ns)      THS(ns)  THS Failing Endpoints  THS Total Endpoints     WPWS(ns)     TPWS(ns)  TPWS Failing Endpoints  TPWS Total Endpoints  
    -------      -------  ---------------------  -------------------      -------      -------  ---------------------  -------------------     --------     --------  ----------------------  --------------------  
     97.711        0.000                      0                   22        0.265        0.000                      0                   22       49.500        0.000                       0                    24  


All user specified timing constraints are met.


------------------------------------------------------------------------------------------------
| Clock Summary
| -------------
------------------------------------------------------------------------------------------------

Clock        Waveform(ns)         Period(ns)      Frequency(MHz)
-----        ------------         ----------      --------------
sys_clk_pin  {0.000 50.000}       100.000         10.000          


------------------------------------------------------------------------------------------------
| Intra Clock Table
| -----------------
------------------------------------------------------------------------------------------------

Clock             WNS(ns)      TNS(ns)  TNS Failing Endpoints  TNS Total Endpoints      WHS(ns)      THS(ns)  THS Failing Endpoints  THS Total Endpoints     WPWS(ns)     TPWS(ns)  TPWS Failing Endpoints  TPWS Total Endpoints  
-----             -------      -------  ---------------------  -------------------      -------      -------  ---------------------  -------------------     --------     --------  ----------------------  --------------------  
sys_clk_pin        97.711        0.000                      0                   22        0.265        0.000                      0                   22       49.500        0.000                       0                    24  


------------------------------------------------------------------------------------------------
| Inter Clock Table
| -----------------
------------------------------------------------------------------------------------------------

From Clock    To Clock          WNS(ns)      TNS(ns)  TNS Failing Endpoints  TNS Total Endpoints      WHS(ns)      THS(ns)  THS Failing Endpoints  THS Total Endpoints  
----------    --------          -------      -------  ---------------------  -------------------      -------      -------  ---------------------  -------------------  


------------------------------------------------------------------------------------------------
| Other Path Groups Table
| -----------------------
------------------------------------------------------------------------------------------------

Path Group    From Clock    To Clock          WNS(ns)      TNS(ns)  TNS Failing Endpoints  TNS Total Endpoints      WHS(ns)      THS(ns)  THS Failing Endpoints  THS Total Endpoints  
----------    ----------    --------          -------      -------  ---------------------  -------------------      -------      -------  ---------------------  -------------------  


------------------------------------------------------------------------------------------------
| Timing Details
| --------------
------------------------------------------------------------------------------------------------


---------------------------------------------------------------------------------------------------
From Clock:  sys_clk_pin
  To Clock:  sys_clk_pin

Setup :            0  Failing Endpoints,  Worst Slack       97.711ns,  Total Violation        0.000ns
Hold  :            0  Failing Endpoints,  Worst Slack        0.265ns,  Total Violation        0.000ns
PW    :            0  Failing Endpoints,  Worst Slack       49.500ns,  Total Violation        0.000ns
---------------------------------------------------------------------------------------------------


Max Delay Paths
--------------------------------------------------------------------------------------
Slack (MET) :             97.711ns  (required time - arrival time)
  Source:                 u_seg7x16/cnt_reg[3]/C
                            (rising edge-triggered cell FDCE clocked by sys_clk_pin  {rise@0.000ns fall@50.000ns period=100.000ns})
  Destination:            u_seg7x16/cnt_reg[13]/D
                            (rising edge-triggered cell FDCE clocked by sys_clk_pin  {rise@0.000ns fall@50.000ns period=100.000ns})
  Path Group:             sys_clk_pin
  Path Type:              Setup (Max at Slow Process Corner)
  Requirement:            100.000ns  (sys_clk_pin rise@100.000ns - sys_clk_pin rise@0.000ns)
  Data Path Delay:        2.294ns  (logic 1.543ns (67.272%)  route 0.751ns (32.728%))
  Logic Levels:           4  (CARRY4=4)
  Clock Path Skew:        -0.022ns (DCD - SCD + CPR)
    Destination Clock Delay (DCD):    5.023ns = ( 105.023 - 100.000 ) 
    Source Clock Delay      (SCD):    5.320ns
    Clock Pessimism Removal (CPR):    0.275ns
  Clock Uncertainty:      0.035ns  ((TSJ^2 + TIJ^2)^1/2 + DJ) / 2 + PE
    Total System Jitter     (TSJ):    0.071ns
    Total Input Jitter      (TIJ):    0.000ns
    Discrete Jitter          (DJ):    0.000ns
    Phase Error              (PE):    0.000ns

    Location             Delay type                Incr(ns)  Path(ns)    Netlist Resource(s)
  -------------------------------------------------------------------    -------------------
                         (clock sys_clk_pin rise edge)
                                                      0.000     0.000 r  
    E3                                                0.000     0.000 r  clk (IN)
                         net (fo=0)                   0.000     0.000    clk
    E3                   IBUF (Prop_ibuf_I_O)         1.482     1.482 r  clk_IBUF_inst/O
                         net (fo=1, routed)           2.025     3.506    clk_IBUF
    BUFGCTRL_X0Y16       BUFG (Prop_bufg_I_O)         0.096     3.602 r  clk_IBUF_BUFG_inst/O
                         net (fo=23, routed)          1.717     5.320    u_seg7x16/clk_IBUF_BUFG
    SLICE_X0Y83          FDCE                                         r  u_seg7x16/cnt_reg[3]/C
  -------------------------------------------------------------------    -------------------
    SLICE_X0Y83          FDCE (Prop_fdce_C_Q)         0.456     5.776 r  u_seg7x16/cnt_reg[3]/Q
                         net (fo=1, routed)           0.751     6.526    u_seg7x16/cnt_reg_n_0_[3]
    SLICE_X0Y83          CARRY4 (Prop_carry4_S[3]_CO[3])
                                                      0.525     7.051 r  u_seg7x16/cnt_reg[0]_i_1/CO[3]
                         net (fo=1, routed)           0.000     7.051    u_seg7x16/cnt_reg[0]_i_1_n_0
    SLICE_X0Y84          CARRY4 (Prop_carry4_CI_CO[3])
                                                      0.114     7.165 r  u_seg7x16/cnt_reg[4]_i_1/CO[3]
                         net (fo=1, routed)           0.000     7.165    u_seg7x16/cnt_reg[4]_i_1_n_0
    SLICE_X0Y85          CARRY4 (Prop_carry4_CI_CO[3])
                                                      0.114     7.279 r  u_seg7x16/cnt_reg[8]_i_1/CO[3]
                         net (fo=1, routed)           0.000     7.279    u_seg7x16/cnt_reg[8]_i_1_n_0
    SLICE_X0Y86          CARRY4 (Prop_carry4_CI_O[1])
                                                      0.334     7.613 r  u_seg7x16/cnt_reg[12]_i_1/O[1]
                         net (fo=1, routed)           0.000     7.613    u_seg7x16/cnt_reg[12]_i_1_n_6
    SLICE_X0Y86          FDCE                                         r  u_seg7x16/cnt_reg[13]/D
  -------------------------------------------------------------------    -------------------

                         (clock sys_clk_pin rise edge)
                                                    100.000   100.000 r  
    E3                                                0.000   100.000 r  clk (IN)
                         net (fo=0)                   0.000   100.000    clk
    E3                   IBUF (Prop_ibuf_I_O)         1.411   101.411 r  clk_IBUF_inst/O
                         net (fo=1, routed)           1.920   103.331    clk_IBUF
    BUFGCTRL_X0Y16       BUFG (Prop_bufg_I_O)         0.091   103.422 r  clk_IBUF_BUFG_inst/O
                         net (fo=23, routed)          1.600   105.023    u_seg7x16/clk_IBUF_BUFG
    SLICE_X0Y86          FDCE                                         r  u_seg7x16/cnt_reg[13]/C
                         clock pessimism              0.275   105.298    
                         clock uncertainty           -0.035   105.262    
    SLICE_X0Y86          FDCE (Setup_fdce_C_D)        0.062   105.324    u_seg7x16/cnt_reg[13]
  -------------------------------------------------------------------
                         required time                        105.324    
                         arrival time                          -7.613    
  -------------------------------------------------------------------
                         slack                                 97.711    

Slack (MET) :             97.806ns  (required time - arrival time)
  Source:                 u_seg7x16/cnt_reg[3]/C
                            (rising edge-triggered cell FDCE clocked by sys_clk_pin  {rise@0.000ns fall@50.000ns period=100.000ns})
  Destination:            u_seg7x16/cnt_reg[14]/D
                            (rising edge-triggered cell FDCE clocked by sys_clk_pin  {rise@0.000ns fall@50.000ns period=100.000ns})
  Path Group:             sys_clk_pin
  Path Type:              Setup (Max at Slow Process Corner)
  Requirement:            100.000ns  (sys_clk_pin rise@100.000ns - sys_clk_pin rise@0.000ns)
  Data Path Delay:        2.199ns  (logic 1.448ns (65.858%)  route 0.751ns (34.142%))
  Logic Levels:           4  (CARRY4=4)
  Clock Path Skew:        -0.022ns (DCD - SCD + CPR)
    Destination Clock Delay (DCD):    5.023ns = ( 105.023 - 100.000 ) 
    Source Clock Delay      (SCD):    5.320ns
    Clock Pessimism Removal (CPR):    0.275ns
  Clock Uncertainty:      0.035ns  ((TSJ^2 + TIJ^2)^1/2 + DJ) / 2 + PE
    Total System Jitter     (TSJ):    0.071ns
    Total Input Jitter      (TIJ):    0.000ns
    Discrete Jitter          (DJ):    0.000ns
    Phase Error              (PE):    0.000ns

    Location             Delay type                Incr(ns)  Path(ns)    Netlist Resource(s)
  -------------------------------------------------------------------    -------------------
                         (clock sys_clk_pin rise edge)
                                                      0.000     0.000 r  
    E3                                                0.000     0.000 r  clk (IN)
                         net (fo=0)                   0.000     0.000    clk
    E3                   IBUF (Prop_ibuf_I_O)         1.482     1.482 r  clk_IBUF_inst/O
                         net (fo=1, routed)           2.025     3.506    clk_IBUF
    BUFGCTRL_X0Y16       BUFG (Prop_bufg_I_O)         0.096     3.602 r  clk_IBUF_BUFG_inst/O
                         net (fo=23, routed)          1.717     5.320    u_seg7x16/clk_IBUF_BUFG
    SLICE_X0Y83          FDCE                                         r  u_seg7x16/cnt_reg[3]/C
  -------------------------------------------------------------------    -------------------
    SLICE_X0Y83          FDCE (Prop_fdce_C_Q)         0.456     5.776 r  u_seg7x16/cnt_reg[3]/Q
                         net (fo=1, routed)           0.751     6.526    u_seg7x16/cnt_reg_n_0_[3]
    SLICE_X0Y83          CARRY4 (Prop_carry4_S[3]_CO[3])
                                                      0.525     7.051 r  u_seg7x16/cnt_reg[0]_i_1/CO[3]
                         net (fo=1, routed)           0.000     7.051    u_seg7x16/cnt_reg[0]_i_1_n_0
    SLICE_X0Y84          CARRY4 (Prop_carry4_CI_CO[3])
                                                      0.114     7.165 r  u_seg7x16/cnt_reg[4]_i_1/CO[3]
                         net (fo=1, routed)           0.000     7.165    u_seg7x16/cnt_reg[4]_i_1_n_0
    SLICE_X0Y85          CARRY4 (Prop_carry4_CI_CO[3])
                                                      0.114     7.279 r  u_seg7x16/cnt_reg[8]_i_1/CO[3]
                         net (fo=1, routed)           0.000     7.279    u_seg7x16/cnt_reg[8]_i_1_n_0
    SLICE_X0Y86          CARRY4 (Prop_carry4_CI_O[2])
                                                      0.239     7.518 r  u_seg7x16/cnt_reg[12]_i_1/O[2]
                         net (fo=1, routed)           0.000     7.518    u_seg7x16/cnt_reg[12]_i_1_n_5
    SLICE_X0Y86          FDCE                                         r  u_seg7x16/cnt_reg[14]/D
  -------------------------------------------------------------------    -------------------

                         (clock sys_clk_pin rise edge)
                                                    100.000   100.000 r  
    E3                                                0.000   100.000 r  clk (IN)
                         net (fo=0)                   0.000   100.000    clk
    E3                   IBUF (Prop_ibuf_I_O)         1.411   101.411 r  clk_IBUF_inst/O
                         net (fo=1, routed)           1.920   103.331    clk_IBUF
    BUFGCTRL_X0Y16       BUFG (Prop_bufg_I_O)         0.091   103.422 r  clk_IBUF_BUFG_inst/O
                         net (fo=23, routed)          1.600   105.023    u_seg7x16/clk_IBUF_BUFG
    SLICE_X0Y86          FDCE                                         r  u_seg7x16/cnt_reg[14]/C
                         clock pessimism              0.275   105.298    
                         clock uncertainty           -0.035   105.262    
    SLICE_X0Y86          FDCE (Setup_fdce_C_D)        0.062   105.324    u_seg7x16/cnt_reg[14]
  -------------------------------------------------------------------
                         required time                        105.324    
                         arrival time                          -7.518    
  -------------------------------------------------------------------
                         slack                                 97.806    

Slack (MET) :             97.822ns  (required time - arrival time)
  Source:                 u_seg7x16/cnt_reg[3]/C
                            (rising edge-triggered cell FDCE clocked by sys_clk_pin  {rise@0.000ns fall@50.000ns period=100.000ns})
  Destination:            u_seg7x16/cnt_reg[12]/D
                            (rising edge-triggered cell FDCE clocked by sys_clk_pin  {rise@0.000ns fall@50.000ns period=100.000ns})
  Path Group:             sys_clk_pin
  Path Type:              Setup (Max at Slow Process Corner)
  Requirement:            100.000ns  (sys_clk_pin rise@100.000ns - sys_clk_pin rise@0.000ns)
  Data Path Delay:        2.183ns  (logic 1.432ns (65.608%)  route 0.751ns (34.392%))
  Logic Levels:           4  (CARRY4=4)
  Clock Path Skew:        -0.022ns (DCD - SCD + CPR)
    Destination Clock Delay (DCD):    5.023ns = ( 105.023 - 100.000 ) 
    Source Clock Delay      (SCD):    5.320ns
    Clock Pessimism Removal (CPR):    0.275ns
  Clock Uncertainty:      0.035ns  ((TSJ^2 + TIJ^2)^1/2 + DJ) / 2 + PE
    Total System Jitter     (TSJ):    0.071ns
    Total Input Jitter      (TIJ):    0.000ns
    Discrete Jitter          (DJ):    0.000ns
    Phase Error              (PE):    0.000ns

    Location             Delay type                Incr(ns)  Path(ns)    Netlist Resource(s)
  -------------------------------------------------------------------    -------------------
                         (clock sys_clk_pin rise edge)
                                                      0.000     0.000 r  
    E3                                                0.000     0.000 r  clk (IN)
                         net (fo=0)                   0.000     0.000    clk
    E3                   IBUF (Prop_ibuf_I_O)         1.482     1.482 r  clk_IBUF_inst/O
                         net (fo=1, routed)           2.025     3.506    clk_IBUF
    BUFGCTRL_X0Y16       BUFG (Prop_bufg_I_O)         0.096     3.602 r  clk_IBUF_BUFG_inst/O
                         net (fo=23, routed)          1.717     5.320    u_seg7x16/clk_IBUF_BUFG
    SLICE_X0Y83          FDCE                                         r  u_seg7x16/cnt_reg[3]/C
  -------------------------------------------------------------------    -------------------
    SLICE_X0Y83          FDCE (Prop_fdce_C_Q)         0.456     5.776 r  u_seg7x16/cnt_reg[3]/Q
                         net (fo=1, routed)           0.751     6.526    u_seg7x16/cnt_reg_n_0_[3]
    SLICE_X0Y83          CARRY4 (Prop_carry4_S[3]_CO[3])
                                                      0.525     7.051 r  u_seg7x16/cnt_reg[0]_i_1/CO[3]
                         net (fo=1, routed)           0.000     7.051    u_seg7x16/cnt_reg[0]_i_1_n_0
    SLICE_X0Y84          CARRY4 (Prop_carry4_CI_CO[3])
                                                      0.114     7.165 r  u_seg7x16/cnt_reg[4]_i_1/CO[3]
                         net (fo=1, routed)           0.000     7.165    u_seg7x16/cnt_reg[4]_i_1_n_0
    SLICE_X0Y85          CARRY4 (Prop_carry4_CI_CO[3])
                                                      0.114     7.279 r  u_seg7x16/cnt_reg[8]_i_1/CO[3]
                         net (fo=1, routed)           0.000     7.279    u_seg7x16/cnt_reg[8]_i_1_n_0
    SLICE_X0Y86          CARRY4 (Prop_carry4_CI_O[0])
                                                      0.223     7.502 r  u_seg7x16/cnt_reg[12]_i_1/O[0]
                         net (fo=1, routed)           0.000     7.502    u_seg7x16/cnt_reg[12]_i_1_n_7
    SLICE_X0Y86          FDCE                                         r  u_seg7x16/cnt_reg[12]/D
  -------------------------------------------------------------------    -------------------

                         (clock sys_clk_pin rise edge)
                                                    100.000   100.000 r  
    E3                                                0.000   100.000 r  clk (IN)
                         net (fo=0)                   0.000   100.000    clk
    E3                   IBUF (Prop_ibuf_I_O)         1.411   101.411 r  clk_IBUF_inst/O
                         net (fo=1, routed)           1.920   103.331    clk_IBUF
    BUFGCTRL_X0Y16       BUFG (Prop_bufg_I_O)         0.091   103.422 r  clk_IBUF_BUFG_inst/O
                         net (fo=23, routed)          1.600   105.023    u_seg7x16/clk_IBUF_BUFG
    SLICE_X0Y86          FDCE                                         r  u_seg7x16/cnt_reg[12]/C
                         clock pessimism              0.275   105.298    
                         clock uncertainty           -0.035   105.262    
    SLICE_X0Y86          FDCE (Setup_fdce_C_D)        0.062   105.324    u_seg7x16/cnt_reg[12]
  -------------------------------------------------------------------
                         required time                        105.324    
                         arrival time                          -7.502    
  -------------------------------------------------------------------
                         slack                                 97.822    

Slack (MET) :             97.825ns  (required time - arrival time)
  Source:                 u_seg7x16/cnt_reg[3]/C
                            (rising edge-triggered cell FDCE clocked by sys_clk_pin  {rise@0.000ns fall@50.000ns period=100.000ns})
  Destination:            u_seg7x16/cnt_reg[9]/D
                            (rising edge-triggered cell FDCE clocked by sys_clk_pin  {rise@0.000ns fall@50.000ns period=100.000ns})
  Path Group:             sys_clk_pin
  Path Type:              Setup (Max at Slow Process Corner)
  Requirement:            100.000ns  (sys_clk_pin rise@100.000ns - sys_clk_pin rise@0.000ns)
  Data Path Delay:        2.180ns  (logic 1.429ns (65.561%)  route 0.751ns (34.439%))
  Logic Levels:           3  (CARRY4=3)
  Clock Path Skew:        -0.022ns (DCD - SCD + CPR)
    Destination Clock Delay (DCD):    5.023ns = ( 105.023 - 100.000 ) 
    Source Clock Delay      (SCD):    5.320ns
    Clock Pessimism Removal (CPR):    0.275ns
  Clock Uncertainty:      0.035ns  ((TSJ^2 + TIJ^2)^1/2 + DJ) / 2 + PE
    Total System Jitter     (TSJ):    0.071ns
    Total Input Jitter      (TIJ):    0.000ns
    Discrete Jitter          (DJ):    0.000ns
    Phase Error              (PE):    0.000ns

    Location             Delay type                Incr(ns)  Path(ns)    Netlist Resource(s)
  -------------------------------------------------------------------    -------------------
                         (clock sys_clk_pin rise edge)
                                                      0.000     0.000 r  
    E3                                                0.000     0.000 r  clk (IN)
                         net (fo=0)                   0.000     0.000    clk
    E3                   IBUF (Prop_ibuf_I_O)         1.482     1.482 r  clk_IBUF_inst/O
                         net (fo=1, routed)           2.025     3.506    clk_IBUF
    BUFGCTRL_X0Y16       BUFG (Prop_bufg_I_O)         0.096     3.602 r  clk_IBUF_BUFG_inst/O
                         net (fo=23, routed)          1.717     5.320    u_seg7x16/clk_IBUF_BUFG
    SLICE_X0Y83          FDCE                                         r  u_seg7x16/cnt_reg[3]/C
  -------------------------------------------------------------------    -------------------
    SLICE_X0Y83          FDCE (Prop_fdce_C_Q)         0.456     5.776 r  u_seg7x16/cnt_reg[3]/Q
                         net (fo=1, routed)           0.751     6.526    u_seg7x16/cnt_reg_n_0_[3]
    SLICE_X0Y83          CARRY4 (Prop_carry4_S[3]_CO[3])
                                                      0.525     7.051 r  u_seg7x16/cnt_reg[0]_i_1/CO[3]
                         net (fo=1, routed)           0.000     7.051    u_seg7x16/cnt_reg[0]_i_1_n_0
    SLICE_X0Y84          CARRY4 (Prop_carry4_CI_CO[3])
                                                      0.114     7.165 r  u_seg7x16/cnt_reg[4]_i_1/CO[3]
                         net (fo=1, routed)           0.000     7.165    u_seg7x16/cnt_reg[4]_i_1_n_0
    SLICE_X0Y85          CARRY4 (Prop_carry4_CI_O[1])
                                                      0.334     7.499 r  u_seg7x16/cnt_reg[8]_i_1/O[1]
                         net (fo=1, routed)           0.000     7.499    u_seg7x16/cnt_reg[8]_i_1_n_6
    SLICE_X0Y85          FDCE                                         r  u_seg7x16/cnt_reg[9]/D
  -------------------------------------------------------------------    -------------------

                         (clock sys_clk_pin rise edge)
                                                    100.000   100.000 r  
    E3                                                0.000   100.000 r  clk (IN)
                         net (fo=0)                   0.000   100.000    clk
    E3                   IBUF (Prop_ibuf_I_O)         1.411   101.411 r  clk_IBUF_inst/O
                         net (fo=1, routed)           1.920   103.331    clk_IBUF
    BUFGCTRL_X0Y16       BUFG (Prop_bufg_I_O)         0.091   103.422 r  clk_IBUF_BUFG_inst/O
                         net (fo=23, routed)          1.600   105.023    u_seg7x16/clk_IBUF_BUFG
    SLICE_X0Y85          FDCE                                         r  u_seg7x16/cnt_reg[9]/C
                         clock pessimism              0.275   105.298    
                         clock uncertainty           -0.035   105.262    
    SLICE_X0Y85          FDCE (Setup_fdce_C_D)        0.062   105.324    u_seg7x16/cnt_reg[9]
  -------------------------------------------------------------------
                         required time                        105.324    
                         arrival time                          -7.499    
  -------------------------------------------------------------------
                         slack                                 97.825    

Slack (MET) :             97.846ns  (required time - arrival time)
  Source:                 u_seg7x16/cnt_reg[3]/C
                            (rising edge-triggered cell FDCE clocked by sys_clk_pin  {rise@0.000ns fall@50.000ns period=100.000ns})
  Destination:            u_seg7x16/cnt_reg[11]/D
                            (rising edge-triggered cell FDCE clocked by sys_clk_pin  {rise@0.000ns fall@50.000ns period=100.000ns})
  Path Group:             sys_clk_pin
  Path Type:              Setup (Max at Slow Process Corner)
  Requirement:            100.000ns  (sys_clk_pin rise@100.000ns - sys_clk_pin rise@0.000ns)
  Data Path Delay:        2.159ns  (logic 1.408ns (65.225%)  route 0.751ns (34.774%))
  Logic Levels:           3  (CARRY4=3)
  Clock Path Skew:        -0.022ns (DCD - SCD + CPR)
    Destination Clock Delay (DCD):    5.023ns = ( 105.023 - 100.000 ) 
    Source Clock Delay      (SCD):    5.320ns
    Clock Pessimism Removal (CPR):    0.275ns
  Clock Uncertainty:      0.035ns  ((TSJ^2 + TIJ^2)^1/2 + DJ) / 2 + PE
    Total System Jitter     (TSJ):    0.071ns
    Total Input Jitter      (TIJ):    0.000ns
    Discrete Jitter          (DJ):    0.000ns
    Phase Error              (PE):    0.000ns

    Location             Delay type                Incr(ns)  Path(ns)    Netlist Resource(s)
  -------------------------------------------------------------------    -------------------
                         (clock sys_clk_pin rise edge)
                                                      0.000     0.000 r  
    E3                                                0.000     0.000 r  clk (IN)
                         net (fo=0)                   0.000     0.000    clk
    E3                   IBUF (Prop_ibuf_I_O)         1.482     1.482 r  clk_IBUF_inst/O
                         net (fo=1, routed)           2.025     3.506    clk_IBUF
    BUFGCTRL_X0Y16       BUFG (Prop_bufg_I_O)         0.096     3.602 r  clk_IBUF_BUFG_inst/O
                         net (fo=23, routed)          1.717     5.320    u_seg7x16/clk_IBUF_BUFG
    SLICE_X0Y83          FDCE                                         r  u_seg7x16/cnt_reg[3]/C
  -------------------------------------------------------------------    -------------------
    SLICE_X0Y83          FDCE (Prop_fdce_C_Q)         0.456     5.776 r  u_seg7x16/cnt_reg[3]/Q
                         net (fo=1, routed)           0.751     6.526    u_seg7x16/cnt_reg_n_0_[3]
    SLICE_X0Y83          CARRY4 (Prop_carry4_S[3]_CO[3])
                                                      0.525     7.051 r  u_seg7x16/cnt_reg[0]_i_1/CO[3]
                         net (fo=1, routed)           0.000     7.051    u_seg7x16/cnt_reg[0]_i_1_n_0
    SLICE_X0Y84          CARRY4 (Prop_carry4_CI_CO[3])
                                                      0.114     7.165 r  u_seg7x16/cnt_reg[4]_i_1/CO[3]
                         net (fo=1, routed)           0.000     7.165    u_seg7x16/cnt_reg[4]_i_1_n_0
    SLICE_X0Y85          CARRY4 (Prop_carry4_CI_O[3])
                                                      0.313     7.478 r  u_seg7x16/cnt_reg[8]_i_1/O[3]
                         net (fo=1, routed)           0.000     7.478    u_seg7x16/cnt_reg[8]_i_1_n_4
    SLICE_X0Y85          FDCE                                         r  u_seg7x16/cnt_reg[11]/D
  -------------------------------------------------------------------    -------------------

                         (clock sys_clk_pin rise edge)
                                                    100.000   100.000 r  
    E3                                                0.000   100.000 r  clk (IN)
                         net (fo=0)                   0.000   100.000    clk
    E3                   IBUF (Prop_ibuf_I_O)         1.411   101.411 r  clk_IBUF_inst/O
                         net (fo=1, routed)           1.920   103.331    clk_IBUF
    BUFGCTRL_X0Y16       BUFG (Prop_bufg_I_O)         0.091   103.422 r  clk_IBUF_BUFG_inst/O
                         net (fo=23, routed)          1.600   105.023    u_seg7x16/clk_IBUF_BUFG
    SLICE_X0Y85          FDCE                                         r  u_seg7x16/cnt_reg[11]/C
                         clock pessimism              0.275   105.298    
                         clock uncertainty           -0.035   105.262    
    SLICE_X0Y85          FDCE (Setup_fdce_C_D)        0.062   105.324    u_seg7x16/cnt_reg[11]
  -------------------------------------------------------------------
                         required time                        105.324    
                         arrival time                          -7.478    
  -------------------------------------------------------------------
                         slack                                 97.846    

Slack (MET) :             97.920ns  (required time - arrival time)
  Source:                 u_seg7x16/cnt_reg[3]/C
                            (rising edge-triggered cell FDCE clocked by sys_clk_pin  {rise@0.000ns fall@50.000ns period=100.000ns})
  Destination:            u_seg7x16/cnt_reg[10]/D
                            (rising edge-triggered cell FDCE clocked by sys_clk_pin  {rise@0.000ns fall@50.000ns period=100.000ns})
  Path Group:             sys_clk_pin
  Path Type:              Setup (Max at Slow Process Corner)
  Requirement:            100.000ns  (sys_clk_pin rise@100.000ns - sys_clk_pin rise@0.000ns)
  Data Path Delay:        2.085ns  (logic 1.334ns (63.991%)  route 0.751ns (36.009%))
  Logic Levels:           3  (CARRY4=3)
  Clock Path Skew:        -0.022ns (DCD - SCD + CPR)
    Destination Clock Delay (DCD):    5.023ns = ( 105.023 - 100.000 ) 
    Source Clock Delay      (SCD):    5.320ns
    Clock Pessimism Removal (CPR):    0.275ns
  Clock Uncertainty:      0.035ns  ((TSJ^2 + TIJ^2)^1/2 + DJ) / 2 + PE
    Total System Jitter     (TSJ):    0.071ns
    Total Input Jitter      (TIJ):    0.000ns
    Discrete Jitter          (DJ):    0.000ns
    Phase Error              (PE):    0.000ns

    Location             Delay type                Incr(ns)  Path(ns)    Netlist Resource(s)
  -------------------------------------------------------------------    -------------------
                         (clock sys_clk_pin rise edge)
                                                      0.000     0.000 r  
    E3                                                0.000     0.000 r  clk (IN)
                         net (fo=0)                   0.000     0.000    clk
    E3                   IBUF (Prop_ibuf_I_O)         1.482     1.482 r  clk_IBUF_inst/O
                         net (fo=1, routed)           2.025     3.506    clk_IBUF
    BUFGCTRL_X0Y16       BUFG (Prop_bufg_I_O)         0.096     3.602 r  clk_IBUF_BUFG_inst/O
                         net (fo=23, routed)          1.717     5.320    u_seg7x16/clk_IBUF_BUFG
    SLICE_X0Y83          FDCE                                         r  u_seg7x16/cnt_reg[3]/C
  -------------------------------------------------------------------    -------------------
    SLICE_X0Y83          FDCE (Prop_fdce_C_Q)         0.456     5.776 r  u_seg7x16/cnt_reg[3]/Q
                         net (fo=1, routed)           0.751     6.526    u_seg7x16/cnt_reg_n_0_[3]
    SLICE_X0Y83          CARRY4 (Prop_carry4_S[3]_CO[3])
                                                      0.525     7.051 r  u_seg7x16/cnt_reg[0]_i_1/CO[3]
                         net (fo=1, routed)           0.000     7.051    u_seg7x16/cnt_reg[0]_i_1_n_0
    SLICE_X0Y84          CARRY4 (Prop_carry4_CI_CO[3])
                                                      0.114     7.165 r  u_seg7x16/cnt_reg[4]_i_1/CO[3]
                         net (fo=1, routed)           0.000     7.165    u_seg7x16/cnt_reg[4]_i_1_n_0
    SLICE_X0Y85          CARRY4 (Prop_carry4_CI_O[2])
                                                      0.239     7.404 r  u_seg7x16/cnt_reg[8]_i_1/O[2]
                         net (fo=1, routed)           0.000     7.404    u_seg7x16/cnt_reg[8]_i_1_n_5
    SLICE_X0Y85          FDCE                                         r  u_seg7x16/cnt_reg[10]/D
  -------------------------------------------------------------------    -------------------

                         (clock sys_clk_pin rise edge)
                                                    100.000   100.000 r  
    E3                                                0.000   100.000 r  clk (IN)
                         net (fo=0)                   0.000   100.000    clk
    E3                   IBUF (Prop_ibuf_I_O)         1.411   101.411 r  clk_IBUF_inst/O
                         net (fo=1, routed)           1.920   103.331    clk_IBUF
    BUFGCTRL_X0Y16       BUFG (Prop_bufg_I_O)         0.091   103.422 r  clk_IBUF_BUFG_inst/O
                         net (fo=23, routed)          1.600   105.023    u_seg7x16/clk_IBUF_BUFG
    SLICE_X0Y85          FDCE                                         r  u_seg7x16/cnt_reg[10]/C
                         clock pessimism              0.275   105.298    
                         clock uncertainty           -0.035   105.262    
    SLICE_X0Y85          FDCE (Setup_fdce_C_D)        0.062   105.324    u_seg7x16/cnt_reg[10]
  -------------------------------------------------------------------
                         required time                        105.324    
                         arrival time                          -7.404    
  -------------------------------------------------------------------
                         slack                                 97.920    

Slack (MET) :             97.936ns  (required time - arrival time)
  Source:                 u_seg7x16/cnt_reg[3]/C
                            (rising edge-triggered cell FDCE clocked by sys_clk_pin  {rise@0.000ns fall@50.000ns period=100.000ns})
  Destination:            u_seg7x16/cnt_reg[8]/D
                            (rising edge-triggered cell FDCE clocked by sys_clk_pin  {rise@0.000ns fall@50.000ns period=100.000ns})
  Path Group:             sys_clk_pin
  Path Type:              Setup (Max at Slow Process Corner)
  Requirement:            100.000ns  (sys_clk_pin rise@100.000ns - sys_clk_pin rise@0.000ns)
  Data Path Delay:        2.069ns  (logic 1.318ns (63.713%)  route 0.751ns (36.287%))
  Logic Levels:           3  (CARRY4=3)
  Clock Path Skew:        -0.022ns (DCD - SCD + CPR)
    Destination Clock Delay (DCD):    5.023ns = ( 105.023 - 100.000 ) 
    Source Clock Delay      (SCD):    5.320ns
    Clock Pessimism Removal (CPR):    0.275ns
  Clock Uncertainty:      0.035ns  ((TSJ^2 + TIJ^2)^1/2 + DJ) / 2 + PE
    Total System Jitter     (TSJ):    0.071ns
    Total Input Jitter      (TIJ):    0.000ns
    Discrete Jitter          (DJ):    0.000ns
    Phase Error              (PE):    0.000ns

    Location             Delay type                Incr(ns)  Path(ns)    Netlist Resource(s)
  -------------------------------------------------------------------    -------------------
                         (clock sys_clk_pin rise edge)
                                                      0.000     0.000 r  
    E3                                                0.000     0.000 r  clk (IN)
                         net (fo=0)                   0.000     0.000    clk
    E3                   IBUF (Prop_ibuf_I_O)         1.482     1.482 r  clk_IBUF_inst/O
                         net (fo=1, routed)           2.025     3.506    clk_IBUF
    BUFGCTRL_X0Y16       BUFG (Prop_bufg_I_O)         0.096     3.602 r  clk_IBUF_BUFG_inst/O
                         net (fo=23, routed)          1.717     5.320    u_seg7x16/clk_IBUF_BUFG
    SLICE_X0Y83          FDCE                                         r  u_seg7x16/cnt_reg[3]/C
  -------------------------------------------------------------------    -------------------
    SLICE_X0Y83          FDCE (Prop_fdce_C_Q)         0.456     5.776 r  u_seg7x16/cnt_reg[3]/Q
                         net (fo=1, routed)           0.751     6.526    u_seg7x16/cnt_reg_n_0_[3]
    SLICE_X0Y83          CARRY4 (Prop_carry4_S[3]_CO[3])
                                                      0.525     7.051 r  u_seg7x16/cnt_reg[0]_i_1/CO[3]
                         net (fo=1, routed)           0.000     7.051    u_seg7x16/cnt_reg[0]_i_1_n_0
    SLICE_X0Y84          CARRY4 (Prop_carry4_CI_CO[3])
                                                      0.114     7.165 r  u_seg7x16/cnt_reg[4]_i_1/CO[3]
                         net (fo=1, routed)           0.000     7.165    u_seg7x16/cnt_reg[4]_i_1_n_0
    SLICE_X0Y85          CARRY4 (Prop_carry4_CI_O[0])
                                                      0.223     7.388 r  u_seg7x16/cnt_reg[8]_i_1/O[0]
                         net (fo=1, routed)           0.000     7.388    u_seg7x16/cnt_reg[8]_i_1_n_7
    SLICE_X0Y85          FDCE                                         r  u_seg7x16/cnt_reg[8]/D
  -------------------------------------------------------------------    -------------------

                         (clock sys_clk_pin rise edge)
                                                    100.000   100.000 r  
    E3                                                0.000   100.000 r  clk (IN)
                         net (fo=0)                   0.000   100.000    clk
    E3                   IBUF (Prop_ibuf_I_O)         1.411   101.411 r  clk_IBUF_inst/O
                         net (fo=1, routed)           1.920   103.331    clk_IBUF
    BUFGCTRL_X0Y16       BUFG (Prop_bufg_I_O)         0.091   103.422 r  clk_IBUF_BUFG_inst/O
                         net (fo=23, routed)          1.600   105.023    u_seg7x16/clk_IBUF_BUFG
    SLICE_X0Y85          FDCE                                         r  u_seg7x16/cnt_reg[8]/C
                         clock pessimism              0.275   105.298    
                         clock uncertainty           -0.035   105.262    
    SLICE_X0Y85          FDCE (Setup_fdce_C_D)        0.062   105.324    u_seg7x16/cnt_reg[8]
  -------------------------------------------------------------------
                         required time                        105.324    
                         arrival time                          -7.388    
  -------------------------------------------------------------------
                         slack                                 97.936    

Slack (MET) :             97.938ns  (required time - arrival time)
  Source:                 u_seg7x16/cnt_reg[3]/C
                            (rising edge-triggered cell FDCE clocked by sys_clk_pin  {rise@0.000ns fall@50.000ns period=100.000ns})
  Destination:            u_seg7x16/cnt_reg[5]/D
                            (rising edge-triggered cell FDCE clocked by sys_clk_pin  {rise@0.000ns fall@50.000ns period=100.000ns})
  Path Group:             sys_clk_pin
  Path Type:              Setup (Max at Slow Process Corner)
  Requirement:            100.000ns  (sys_clk_pin rise@100.000ns - sys_clk_pin rise@0.000ns)
  Data Path Delay:        2.066ns  (logic 1.315ns (63.660%)  route 0.751ns (36.340%))
  Logic Levels:           2  (CARRY4=2)
  Clock Path Skew:        -0.023ns (DCD - SCD + CPR)
    Destination Clock Delay (DCD):    5.022ns = ( 105.022 - 100.000 ) 
    Source Clock Delay      (SCD):    5.320ns
    Clock Pessimism Removal (CPR):    0.275ns
  Clock Uncertainty:      0.035ns  ((TSJ^2 + TIJ^2)^1/2 + DJ) / 2 + PE
    Total System Jitter     (TSJ):    0.071ns
    Total Input Jitter      (TIJ):    0.000ns
    Discrete Jitter          (DJ):    0.000ns
    Phase Error              (PE):    0.000ns

    Location             Delay type                Incr(ns)  Path(ns)    Netlist Resource(s)
  -------------------------------------------------------------------    -------------------
                         (clock sys_clk_pin rise edge)
                                                      0.000     0.000 r  
    E3                                                0.000     0.000 r  clk (IN)
                         net (fo=0)                   0.000     0.000    clk
    E3                   IBUF (Prop_ibuf_I_O)         1.482     1.482 r  clk_IBUF_inst/O
                         net (fo=1, routed)           2.025     3.506    clk_IBUF
    BUFGCTRL_X0Y16       BUFG (Prop_bufg_I_O)         0.096     3.602 r  clk_IBUF_BUFG_inst/O
                         net (fo=23, routed)          1.717     5.320    u_seg7x16/clk_IBUF_BUFG
    SLICE_X0Y83          FDCE                                         r  u_seg7x16/cnt_reg[3]/C
  -------------------------------------------------------------------    -------------------
    SLICE_X0Y83          FDCE (Prop_fdce_C_Q)         0.456     5.776 r  u_seg7x16/cnt_reg[3]/Q
                         net (fo=1, routed)           0.751     6.526    u_seg7x16/cnt_reg_n_0_[3]
    SLICE_X0Y83          CARRY4 (Prop_carry4_S[3]_CO[3])
                                                      0.525     7.051 r  u_seg7x16/cnt_reg[0]_i_1/CO[3]
                         net (fo=1, routed)           0.000     7.051    u_seg7x16/cnt_reg[0]_i_1_n_0
    SLICE_X0Y84          CARRY4 (Prop_carry4_CI_O[1])
                                                      0.334     7.385 r  u_seg7x16/cnt_reg[4]_i_1/O[1]
                         net (fo=1, routed)           0.000     7.385    u_seg7x16/cnt_reg[4]_i_1_n_6
    SLICE_X0Y84          FDCE                                         r  u_seg7x16/cnt_reg[5]/D
  -------------------------------------------------------------------    -------------------

                         (clock sys_clk_pin rise edge)
                                                    100.000   100.000 r  
    E3                                                0.000   100.000 r  clk (IN)
                         net (fo=0)                   0.000   100.000    clk
    E3                   IBUF (Prop_ibuf_I_O)         1.411   101.411 r  clk_IBUF_inst/O
                         net (fo=1, routed)           1.920   103.331    clk_IBUF
    BUFGCTRL_X0Y16       BUFG (Prop_bufg_I_O)         0.091   103.422 r  clk_IBUF_BUFG_inst/O
                         net (fo=23, routed)          1.599   105.022    u_seg7x16/clk_IBUF_BUFG
    SLICE_X0Y84          FDCE                                         r  u_seg7x16/cnt_reg[5]/C
                         clock pessimism              0.275   105.297    
                         clock uncertainty           -0.035   105.261    
    SLICE_X0Y84          FDCE (Setup_fdce_C_D)        0.062   105.323    u_seg7x16/cnt_reg[5]
  -------------------------------------------------------------------
                         required time                        105.323    
                         arrival time                          -7.385    
  -------------------------------------------------------------------
                         slack                                 97.938    

Slack (MET) :             97.959ns  (required time - arrival time)
  Source:                 u_seg7x16/cnt_reg[3]/C
                            (rising edge-triggered cell FDCE clocked by sys_clk_pin  {rise@0.000ns fall@50.000ns period=100.000ns})
  Destination:            u_seg7x16/cnt_reg[7]/D
                            (rising edge-triggered cell FDCE clocked by sys_clk_pin  {rise@0.000ns fall@50.000ns period=100.000ns})
  Path Group:             sys_clk_pin
  Path Type:              Setup (Max at Slow Process Corner)
  Requirement:            100.000ns  (sys_clk_pin rise@100.000ns - sys_clk_pin rise@0.000ns)
  Data Path Delay:        2.045ns  (logic 1.294ns (63.287%)  route 0.751ns (36.713%))
  Logic Levels:           2  (CARRY4=2)
  Clock Path Skew:        -0.023ns (DCD - SCD + CPR)
    Destination Clock Delay (DCD):    5.022ns = ( 105.022 - 100.000 ) 
    Source Clock Delay      (SCD):    5.320ns
    Clock Pessimism Removal (CPR):    0.275ns
  Clock Uncertainty:      0.035ns  ((TSJ^2 + TIJ^2)^1/2 + DJ) / 2 + PE
    Total System Jitter     (TSJ):    0.071ns
    Total Input Jitter      (TIJ):    0.000ns
    Discrete Jitter          (DJ):    0.000ns
    Phase Error              (PE):    0.000ns

    Location             Delay type                Incr(ns)  Path(ns)    Netlist Resource(s)
  -------------------------------------------------------------------    -------------------
                         (clock sys_clk_pin rise edge)
                                                      0.000     0.000 r  
    E3                                                0.000     0.000 r  clk (IN)
                         net (fo=0)                   0.000     0.000    clk
    E3                   IBUF (Prop_ibuf_I_O)         1.482     1.482 r  clk_IBUF_inst/O
                         net (fo=1, routed)           2.025     3.506    clk_IBUF
    BUFGCTRL_X0Y16       BUFG (Prop_bufg_I_O)         0.096     3.602 r  clk_IBUF_BUFG_inst/O
                         net (fo=23, routed)          1.717     5.320    u_seg7x16/clk_IBUF_BUFG
    SLICE_X0Y83          FDCE                                         r  u_seg7x16/cnt_reg[3]/C
  -------------------------------------------------------------------    -------------------
    SLICE_X0Y83          FDCE (Prop_fdce_C_Q)         0.456     5.776 r  u_seg7x16/cnt_reg[3]/Q
                         net (fo=1, routed)           0.751     6.526    u_seg7x16/cnt_reg_n_0_[3]
    SLICE_X0Y83          CARRY4 (Prop_carry4_S[3]_CO[3])
                                                      0.525     7.051 r  u_seg7x16/cnt_reg[0]_i_1/CO[3]
                         net (fo=1, routed)           0.000     7.051    u_seg7x16/cnt_reg[0]_i_1_n_0
    SLICE_X0Y84          CARRY4 (Prop_carry4_CI_O[3])
                                                      0.313     7.364 r  u_seg7x16/cnt_reg[4]_i_1/O[3]
                         net (fo=1, routed)           0.000     7.364    u_seg7x16/cnt_reg[4]_i_1_n_4
    SLICE_X0Y84          FDCE                                         r  u_seg7x16/cnt_reg[7]/D
  -------------------------------------------------------------------    -------------------

                         (clock sys_clk_pin rise edge)
                                                    100.000   100.000 r  
    E3                                                0.000   100.000 r  clk (IN)
                         net (fo=0)                   0.000   100.000    clk
    E3                   IBUF (Prop_ibuf_I_O)         1.411   101.411 r  clk_IBUF_inst/O
                         net (fo=1, routed)           1.920   103.331    clk_IBUF
    BUFGCTRL_X0Y16       BUFG (Prop_bufg_I_O)         0.091   103.422 r  clk_IBUF_BUFG_inst/O
                         net (fo=23, routed)          1.599   105.022    u_seg7x16/clk_IBUF_BUFG
    SLICE_X0Y84          FDCE                                         r  u_seg7x16/cnt_reg[7]/C
                         clock pessimism              0.275   105.297    
                         clock uncertainty           -0.035   105.261    
    SLICE_X0Y84          FDCE (Setup_fdce_C_D)        0.062   105.323    u_seg7x16/cnt_reg[7]
  -------------------------------------------------------------------
                         required time                        105.323    
                         arrival time                          -7.364    
  -------------------------------------------------------------------
                         slack                                 97.959    

Slack (MET) :             98.033ns  (required time - arrival time)
  Source:                 u_seg7x16/cnt_reg[3]/C
                            (rising edge-triggered cell FDCE clocked by sys_clk_pin  {rise@0.000ns fall@50.000ns period=100.000ns})
  Destination:            u_seg7x16/cnt_reg[6]/D
                            (rising edge-triggered cell FDCE clocked by sys_clk_pin  {rise@0.000ns fall@50.000ns period=100.000ns})
  Path Group:             sys_clk_pin
  Path Type:              Setup (Max at Slow Process Corner)
  Requirement:            100.000ns  (sys_clk_pin rise@100.000ns - sys_clk_pin rise@0.000ns)
  Data Path Delay:        1.971ns  (logic 1.220ns (61.908%)  route 0.751ns (38.092%))
  Logic Levels:           2  (CARRY4=2)
  Clock Path Skew:        -0.023ns (DCD - SCD + CPR)
    Destination Clock Delay (DCD):    5.022ns = ( 105.022 - 100.000 ) 
    Source Clock Delay      (SCD):    5.320ns
    Clock Pessimism Removal (CPR):    0.275ns
  Clock Uncertainty:      0.035ns  ((TSJ^2 + TIJ^2)^1/2 + DJ) / 2 + PE
    Total System Jitter     (TSJ):    0.071ns
    Total Input Jitter      (TIJ):    0.000ns
    Discrete Jitter          (DJ):    0.000ns
    Phase Error              (PE):    0.000ns

    Location             Delay type                Incr(ns)  Path(ns)    Netlist Resource(s)
  -------------------------------------------------------------------    -------------------
                         (clock sys_clk_pin rise edge)
                                                      0.000     0.000 r  
    E3                                                0.000     0.000 r  clk (IN)
                         net (fo=0)                   0.000     0.000    clk
    E3                   IBUF (Prop_ibuf_I_O)         1.482     1.482 r  clk_IBUF_inst/O
                         net (fo=1, routed)           2.025     3.506    clk_IBUF
    BUFGCTRL_X0Y16       BUFG (Prop_bufg_I_O)         0.096     3.602 r  clk_IBUF_BUFG_inst/O
                         net (fo=23, routed)          1.717     5.320    u_seg7x16/clk_IBUF_BUFG
    SLICE_X0Y83          FDCE                                         r  u_seg7x16/cnt_reg[3]/C
  -------------------------------------------------------------------    -------------------
    SLICE_X0Y83          FDCE (Prop_fdce_C_Q)         0.456     5.776 r  u_seg7x16/cnt_reg[3]/Q
                         net (fo=1, routed)           0.751     6.526    u_seg7x16/cnt_reg_n_0_[3]
    SLICE_X0Y83          CARRY4 (Prop_carry4_S[3]_CO[3])
                                                      0.525     7.051 r  u_seg7x16/cnt_reg[0]_i_1/CO[3]
                         net (fo=1, routed)           0.000     7.051    u_seg7x16/cnt_reg[0]_i_1_n_0
    SLICE_X0Y84          CARRY4 (Prop_carry4_CI_O[2])
                                                      0.239     7.290 r  u_seg7x16/cnt_reg[4]_i_1/O[2]
                         net (fo=1, routed)           0.000     7.290    u_seg7x16/cnt_reg[4]_i_1_n_5
    SLICE_X0Y84          FDCE                                         r  u_seg7x16/cnt_reg[6]/D
  -------------------------------------------------------------------    -------------------

                         (clock sys_clk_pin rise edge)
                                                    100.000   100.000 r  
    E3                                                0.000   100.000 r  clk (IN)
                         net (fo=0)                   0.000   100.000    clk
    E3                   IBUF (Prop_ibuf_I_O)         1.411   101.411 r  clk_IBUF_inst/O
                         net (fo=1, routed)           1.920   103.331    clk_IBUF
    BUFGCTRL_X0Y16       BUFG (Prop_bufg_I_O)         0.091   103.422 r  clk_IBUF_BUFG_inst/O
                         net (fo=23, routed)          1.599   105.022    u_seg7x16/clk_IBUF_BUFG
    SLICE_X0Y84          FDCE                                         r  u_seg7x16/cnt_reg[6]/C
                         clock pessimism              0.275   105.297    
                         clock uncertainty           -0.035   105.261    
    SLICE_X0Y84          FDCE (Setup_fdce_C_D)        0.062   105.323    u_seg7x16/cnt_reg[6]
  -------------------------------------------------------------------
                         required time                        105.323    
                         arrival time                          -7.290    
  -------------------------------------------------------------------
                         slack                                 98.033    





Min Delay Paths
--------------------------------------------------------------------------------------
Slack (MET) :             0.265ns  (arrival time - required time)
  Source:                 u_seg7x16/i_data_store_reg[18]/C
                            (rising edge-triggered cell FDCE clocked by sys_clk_pin  {rise@0.000ns fall@50.000ns period=100.000ns})
  Destination:            u_seg7x16/o_seg_r_reg[6]/D
                            (rising edge-triggered cell FDPE clocked by sys_clk_pin  {rise@0.000ns fall@50.000ns period=100.000ns})
  Path Group:             sys_clk_pin
  Path Type:              Hold (Min at Fast Process Corner)
  Requirement:            0.000ns  (sys_clk_pin rise@0.000ns - sys_clk_pin rise@0.000ns)
  Data Path Delay:        0.372ns  (logic 0.190ns (51.053%)  route 0.182ns (48.947%))
  Logic Levels:           1  (LUT4=1)
  Clock Path Skew:        0.000ns (DCD - SCD - CPR)
    Destination Clock Delay (DCD):    2.033ns
    Source Clock Delay      (SCD):    1.516ns
    Clock Pessimism Removal (CPR):    0.516ns

    Location             Delay type                Incr(ns)  Path(ns)    Netlist Resource(s)
  -------------------------------------------------------------------    -------------------
                         (clock sys_clk_pin rise edge)
                                                      0.000     0.000 r  
    E3                                                0.000     0.000 r  clk (IN)
                         net (fo=0)                   0.000     0.000    clk
    E3                   IBUF (Prop_ibuf_I_O)         0.250     0.250 r  clk_IBUF_inst/O
                         net (fo=1, routed)           0.644     0.894    clk_IBUF
    BUFGCTRL_X0Y16       BUFG (Prop_bufg_I_O)         0.026     0.920 r  clk_IBUF_BUFG_inst/O
                         net (fo=23, routed)          0.597     1.516    u_seg7x16/clk_IBUF_BUFG
    SLICE_X0Y81          FDCE                                         r  u_seg7x16/i_data_store_reg[18]/C
  -------------------------------------------------------------------    -------------------
    SLICE_X0Y81          FDCE (Prop_fdce_C_Q)         0.141     1.657 f  u_seg7x16/i_data_store_reg[18]/Q
                         net (fo=7, routed)           0.182     1.839    u_seg7x16/i_data_store[18]
    SLICE_X0Y81          LUT4 (Prop_lut4_I2_O)        0.049     1.888 r  u_seg7x16/o_seg_r[6]_i_1/O
                         net (fo=1, routed)           0.000     1.888    u_seg7x16/o_seg_r[6]_i_1_n_0
    SLICE_X0Y81          FDPE                                         r  u_seg7x16/o_seg_r_reg[6]/D
  -------------------------------------------------------------------    -------------------

                         (clock sys_clk_pin rise edge)
                                                      0.000     0.000 r  
    E3                                                0.000     0.000 r  clk (IN)
                         net (fo=0)                   0.000     0.000    clk
    E3                   IBUF (Prop_ibuf_I_O)         0.438     0.438 r  clk_IBUF_inst/O
                         net (fo=1, routed)           0.699     1.136    clk_IBUF
    BUFGCTRL_X0Y16       BUFG (Prop_bufg_I_O)         0.029     1.165 r  clk_IBUF_BUFG_inst/O
                         net (fo=23, routed)          0.868     2.033    u_seg7x16/clk_IBUF_BUFG
    SLICE_X0Y81          FDPE                                         r  u_seg7x16/o_seg_r_reg[6]/C
                         clock pessimism             -0.516     1.516    
    SLICE_X0Y81          FDPE (Hold_fdpe_C_D)         0.107     1.623    u_seg7x16/o_seg_r_reg[6]
  -------------------------------------------------------------------
                         required time                         -1.623    
                         arrival time                           1.888    
  -------------------------------------------------------------------
                         slack                                  0.265    

Slack (MET) :             0.268ns  (arrival time - required time)
  Source:                 u_seg7x16/cnt_reg[2]/C
                            (rising edge-triggered cell FDCE clocked by sys_clk_pin  {rise@0.000ns fall@50.000ns period=100.000ns})
  Destination:            u_seg7x16/cnt_reg[2]/D
                            (rising edge-triggered cell FDCE clocked by sys_clk_pin  {rise@0.000ns fall@50.000ns period=100.000ns})
  Path Group:             sys_clk_pin
  Path Type:              Hold (Min at Fast Process Corner)
  Requirement:            0.000ns  (sys_clk_pin rise@0.000ns - sys_clk_pin rise@0.000ns)
  Data Path Delay:        0.373ns  (logic 0.252ns (67.478%)  route 0.121ns (32.522%))
  Logic Levels:           1  (CARRY4=1)
  Clock Path Skew:        0.000ns (DCD - SCD - CPR)
    Destination Clock Delay (DCD):    2.035ns
    Source Clock Delay      (SCD):    1.518ns
    Clock Pessimism Removal (CPR):    0.516ns

    Location             Delay type                Incr(ns)  Path(ns)    Netlist Resource(s)
  -------------------------------------------------------------------    -------------------
                         (clock sys_clk_pin rise edge)
                                                      0.000     0.000 r  
    E3                                                0.000     0.000 r  clk (IN)
                         net (fo=0)                   0.000     0.000    clk
    E3                   IBUF (Prop_ibuf_I_O)         0.250     0.250 r  clk_IBUF_inst/O
                         net (fo=1, routed)           0.644     0.894    clk_IBUF
    BUFGCTRL_X0Y16       BUFG (Prop_bufg_I_O)         0.026     0.920 r  clk_IBUF_BUFG_inst/O
                         net (fo=23, routed)          0.599     1.518    u_seg7x16/clk_IBUF_BUFG
    SLICE_X0Y83          FDCE                                         r  u_seg7x16/cnt_reg[2]/C
  -------------------------------------------------------------------    -------------------
    SLICE_X0Y83          FDCE (Prop_fdce_C_Q)         0.141     1.659 r  u_seg7x16/cnt_reg[2]/Q
                         net (fo=1, routed)           0.121     1.781    u_seg7x16/cnt_reg_n_0_[2]
    SLICE_X0Y83          CARRY4 (Prop_carry4_S[2]_O[2])
                                                      0.111     1.892 r  u_seg7x16/cnt_reg[0]_i_1/O[2]
                         net (fo=1, routed)           0.000     1.892    u_seg7x16/cnt_reg[0]_i_1_n_5
    SLICE_X0Y83          FDCE                                         r  u_seg7x16/cnt_reg[2]/D
  -------------------------------------------------------------------    -------------------

                         (clock sys_clk_pin rise edge)
                                                      0.000     0.000 r  
    E3                                                0.000     0.000 r  clk (IN)
                         net (fo=0)                   0.000     0.000    clk
    E3                   IBUF (Prop_ibuf_I_O)         0.438     0.438 r  clk_IBUF_inst/O
                         net (fo=1, routed)           0.699     1.136    clk_IBUF
    BUFGCTRL_X0Y16       BUFG (Prop_bufg_I_O)         0.029     1.165 r  clk_IBUF_BUFG_inst/O
                         net (fo=23, routed)          0.870     2.035    u_seg7x16/clk_IBUF_BUFG
    SLICE_X0Y83          FDCE                                         r  u_seg7x16/cnt_reg[2]/C
                         clock pessimism             -0.516     1.518    
    SLICE_X0Y83          FDCE (Hold_fdce_C_D)         0.105     1.623    u_seg7x16/cnt_reg[2]
  -------------------------------------------------------------------
                         required time                         -1.623    
                         arrival time                           1.892    
  -------------------------------------------------------------------
                         slack                                  0.268    

Slack (MET) :             0.268ns  (arrival time - required time)
  Source:                 u_seg7x16/cnt_reg[6]/C
                            (rising edge-triggered cell FDCE clocked by sys_clk_pin  {rise@0.000ns fall@50.000ns period=100.000ns})
  Destination:            u_seg7x16/cnt_reg[6]/D
                            (rising edge-triggered cell FDCE clocked by sys_clk_pin  {rise@0.000ns fall@50.000ns period=100.000ns})
  Path Group:             sys_clk_pin
  Path Type:              Hold (Min at Fast Process Corner)
  Requirement:            0.000ns  (sys_clk_pin rise@0.000ns - sys_clk_pin rise@0.000ns)
  Data Path Delay:        0.373ns  (logic 0.252ns (67.478%)  route 0.121ns (32.522%))
  Logic Levels:           1  (CARRY4=1)
  Clock Path Skew:        0.000ns (DCD - SCD - CPR)
    Destination Clock Delay (DCD):    2.036ns
    Source Clock Delay      (SCD):    1.519ns
    Clock Pessimism Removal (CPR):    0.516ns

    Location             Delay type                Incr(ns)  Path(ns)    Netlist Resource(s)
  -------------------------------------------------------------------    -------------------
                         (clock sys_clk_pin rise edge)
                                                      0.000     0.000 r  
    E3                                                0.000     0.000 r  clk (IN)
                         net (fo=0)                   0.000     0.000    clk
    E3                   IBUF (Prop_ibuf_I_O)         0.250     0.250 r  clk_IBUF_inst/O
                         net (fo=1, routed)           0.644     0.894    clk_IBUF
    BUFGCTRL_X0Y16       BUFG (Prop_bufg_I_O)         0.026     0.920 r  clk_IBUF_BUFG_inst/O
                         net (fo=23, routed)          0.600     1.519    u_seg7x16/clk_IBUF_BUFG
    SLICE_X0Y84          FDCE                                         r  u_seg7x16/cnt_reg[6]/C
  -------------------------------------------------------------------    -------------------
    SLICE_X0Y84          FDCE (Prop_fdce_C_Q)         0.141     1.660 r  u_seg7x16/cnt_reg[6]/Q
                         net (fo=1, routed)           0.121     1.782    u_seg7x16/cnt_reg_n_0_[6]
    SLICE_X0Y84          CARRY4 (Prop_carry4_S[2]_O[2])
                                                      0.111     1.893 r  u_seg7x16/cnt_reg[4]_i_1/O[2]
                         net (fo=1, routed)           0.000     1.893    u_seg7x16/cnt_reg[4]_i_1_n_5
    SLICE_X0Y84          FDCE                                         r  u_seg7x16/cnt_reg[6]/D
  -------------------------------------------------------------------    -------------------

                         (clock sys_clk_pin rise edge)
                                                      0.000     0.000 r  
    E3                                                0.000     0.000 r  clk (IN)
                         net (fo=0)                   0.000     0.000    clk
    E3                   IBUF (Prop_ibuf_I_O)         0.438     0.438 r  clk_IBUF_inst/O
                         net (fo=1, routed)           0.699     1.136    clk_IBUF
    BUFGCTRL_X0Y16       BUFG (Prop_bufg_I_O)         0.029     1.165 r  clk_IBUF_BUFG_inst/O
                         net (fo=23, routed)          0.871     2.036    u_seg7x16/clk_IBUF_BUFG
    SLICE_X0Y84          FDCE                                         r  u_seg7x16/cnt_reg[6]/C
                         clock pessimism             -0.516     1.519    
    SLICE_X0Y84          FDCE (Hold_fdce_C_D)         0.105     1.624    u_seg7x16/cnt_reg[6]
  -------------------------------------------------------------------
                         required time                         -1.624    
                         arrival time                           1.893    
  -------------------------------------------------------------------
                         slack                                  0.268    

Slack (MET) :             0.268ns  (arrival time - required time)
  Source:                 u_seg7x16/cnt_reg[10]/C
                            (rising edge-triggered cell FDCE clocked by sys_clk_pin  {rise@0.000ns fall@50.000ns period=100.000ns})
  Destination:            u_seg7x16/cnt_reg[10]/D
                            (rising edge-triggered cell FDCE clocked by sys_clk_pin  {rise@0.000ns fall@50.000ns period=100.000ns})
  Path Group:             sys_clk_pin
  Path Type:              Hold (Min at Fast Process Corner)
  Requirement:            0.000ns  (sys_clk_pin rise@0.000ns - sys_clk_pin rise@0.000ns)
  Data Path Delay:        0.373ns  (logic 0.252ns (67.478%)  route 0.121ns (32.522%))
  Logic Levels:           1  (CARRY4=1)
  Clock Path Skew:        0.000ns (DCD - SCD - CPR)
    Destination Clock Delay (DCD):    2.037ns
    Source Clock Delay      (SCD):    1.519ns
    Clock Pessimism Removal (CPR):    0.517ns

    Location             Delay type                Incr(ns)  Path(ns)    Netlist Resource(s)
  -------------------------------------------------------------------    -------------------
                         (clock sys_clk_pin rise edge)
                                                      0.000     0.000 r  
    E3                                                0.000     0.000 r  clk (IN)
                         net (fo=0)                   0.000     0.000    clk
    E3                   IBUF (Prop_ibuf_I_O)         0.250     0.250 r  clk_IBUF_inst/O
                         net (fo=1, routed)           0.644     0.894    clk_IBUF
    BUFGCTRL_X0Y16       BUFG (Prop_bufg_I_O)         0.026     0.920 r  clk_IBUF_BUFG_inst/O
                         net (fo=23, routed)          0.600     1.519    u_seg7x16/clk_IBUF_BUFG
    SLICE_X0Y85          FDCE                                         r  u_seg7x16/cnt_reg[10]/C
  -------------------------------------------------------------------    -------------------
    SLICE_X0Y85          FDCE (Prop_fdce_C_Q)         0.141     1.660 r  u_seg7x16/cnt_reg[10]/Q
                         net (fo=1, routed)           0.121     1.782    u_seg7x16/cnt_reg_n_0_[10]
    SLICE_X0Y85          CARRY4 (Prop_carry4_S[2]_O[2])
                                                      0.111     1.893 r  u_seg7x16/cnt_reg[8]_i_1/O[2]
                         net (fo=1, routed)           0.000     1.893    u_seg7x16/cnt_reg[8]_i_1_n_5
    SLICE_X0Y85          FDCE                                         r  u_seg7x16/cnt_reg[10]/D
  -------------------------------------------------------------------    -------------------

                         (clock sys_clk_pin rise edge)
                                                      0.000     0.000 r  
    E3                                                0.000     0.000 r  clk (IN)
                         net (fo=0)                   0.000     0.000    clk
    E3                   IBUF (Prop_ibuf_I_O)         0.438     0.438 r  clk_IBUF_inst/O
                         net (fo=1, routed)           0.699     1.136    clk_IBUF
    BUFGCTRL_X0Y16       BUFG (Prop_bufg_I_O)         0.029     1.165 r  clk_IBUF_BUFG_inst/O
                         net (fo=23, routed)          0.872     2.037    u_seg7x16/clk_IBUF_BUFG
    SLICE_X0Y85          FDCE                                         r  u_seg7x16/cnt_reg[10]/C
                         clock pessimism             -0.517     1.519    
    SLICE_X0Y85          FDCE (Hold_fdce_C_D)         0.105     1.624    u_seg7x16/cnt_reg[10]
  -------------------------------------------------------------------
                         required time                         -1.624    
                         arrival time                           1.893    
  -------------------------------------------------------------------
                         slack                                  0.268    

Slack (MET) :             0.271ns  (arrival time - required time)
  Source:                 u_seg7x16/i_data_store_reg[18]/C
                            (rising edge-triggered cell FDCE clocked by sys_clk_pin  {rise@0.000ns fall@50.000ns period=100.000ns})
  Destination:            u_seg7x16/o_seg_r_reg[4]/D
                            (rising edge-triggered cell FDPE clocked by sys_clk_pin  {rise@0.000ns fall@50.000ns period=100.000ns})
  Path Group:             sys_clk_pin
  Path Type:              Hold (Min at Fast Process Corner)
  Requirement:            0.000ns  (sys_clk_pin rise@0.000ns - sys_clk_pin rise@0.000ns)
  Data Path Delay:        0.378ns  (logic 0.192ns (50.814%)  route 0.186ns (49.186%))
  Logic Levels:           1  (LUT4=1)
  Clock Path Skew:        0.000ns (DCD - SCD - CPR)
    Destination Clock Delay (DCD):    2.033ns
    Source Clock Delay      (SCD):    1.516ns
    Clock Pessimism Removal (CPR):    0.516ns

    Location             Delay type                Incr(ns)  Path(ns)    Netlist Resource(s)
  -------------------------------------------------------------------    -------------------
                         (clock sys_clk_pin rise edge)
                                                      0.000     0.000 r  
    E3                                                0.000     0.000 r  clk (IN)
                         net (fo=0)                   0.000     0.000    clk
    E3                   IBUF (Prop_ibuf_I_O)         0.250     0.250 r  clk_IBUF_inst/O
                         net (fo=1, routed)           0.644     0.894    clk_IBUF
    BUFGCTRL_X0Y16       BUFG (Prop_bufg_I_O)         0.026     0.920 r  clk_IBUF_BUFG_inst/O
                         net (fo=23, routed)          0.597     1.516    u_seg7x16/clk_IBUF_BUFG
    SLICE_X0Y81          FDCE                                         r  u_seg7x16/i_data_store_reg[18]/C
  -------------------------------------------------------------------    -------------------
    SLICE_X0Y81          FDCE (Prop_fdce_C_Q)         0.141     1.657 r  u_seg7x16/i_data_store_reg[18]/Q
                         net (fo=7, routed)           0.186     1.843    u_seg7x16/i_data_store[18]
    SLICE_X0Y81          LUT4 (Prop_lut4_I2_O)        0.051     1.894 r  u_seg7x16/o_seg_r[4]_i_1/O
                         net (fo=1, routed)           0.000     1.894    u_seg7x16/o_seg_r[4]_i_1_n_0
    SLICE_X0Y81          FDPE                                         r  u_seg7x16/o_seg_r_reg[4]/D
  -------------------------------------------------------------------    -------------------

                         (clock sys_clk_pin rise edge)
                                                      0.000     0.000 r  
    E3                                                0.000     0.000 r  clk (IN)
                         net (fo=0)                   0.000     0.000    clk
    E3                   IBUF (Prop_ibuf_I_O)         0.438     0.438 r  clk_IBUF_inst/O
                         net (fo=1, routed)           0.699     1.136    clk_IBUF
    BUFGCTRL_X0Y16       BUFG (Prop_bufg_I_O)         0.029     1.165 r  clk_IBUF_BUFG_inst/O
                         net (fo=23, routed)          0.868     2.033    u_seg7x16/clk_IBUF_BUFG
    SLICE_X0Y81          FDPE                                         r  u_seg7x16/o_seg_r_reg[4]/C
                         clock pessimism             -0.516     1.516    
    SLICE_X0Y81          FDPE (Hold_fdpe_C_D)         0.107     1.623    u_seg7x16/o_seg_r_reg[4]
  -------------------------------------------------------------------
                         required time                         -1.623    
                         arrival time                           1.894    
  -------------------------------------------------------------------
                         slack                                  0.271    

Slack (MET) :             0.276ns  (arrival time - required time)
  Source:                 u_seg7x16/i_data_store_reg[18]/C
                            (rising edge-triggered cell FDCE clocked by sys_clk_pin  {rise@0.000ns fall@50.000ns period=100.000ns})
  Destination:            u_seg7x16/o_seg_r_reg[5]/D
                            (rising edge-triggered cell FDPE clocked by sys_clk_pin  {rise@0.000ns fall@50.000ns period=100.000ns})
  Path Group:             sys_clk_pin
  Path Type:              Hold (Min at Fast Process Corner)
  Requirement:            0.000ns  (sys_clk_pin rise@0.000ns - sys_clk_pin rise@0.000ns)
  Data Path Delay:        0.368ns  (logic 0.186ns (50.521%)  route 0.182ns (49.479%))
  Logic Levels:           1  (LUT4=1)
  Clock Path Skew:        0.000ns (DCD - SCD - CPR)
    Destination Clock Delay (DCD):    2.033ns
    Source Clock Delay      (SCD):    1.516ns
    Clock Pessimism Removal (CPR):    0.516ns

    Location             Delay type                Incr(ns)  Path(ns)    Netlist Resource(s)
  -------------------------------------------------------------------    -------------------
                         (clock sys_clk_pin rise edge)
                                                      0.000     0.000 r  
    E3                                                0.000     0.000 r  clk (IN)
                         net (fo=0)                   0.000     0.000    clk
    E3                   IBUF (Prop_ibuf_I_O)         0.250     0.250 r  clk_IBUF_inst/O
                         net (fo=1, routed)           0.644     0.894    clk_IBUF
    BUFGCTRL_X0Y16       BUFG (Prop_bufg_I_O)         0.026     0.920 r  clk_IBUF_BUFG_inst/O
                         net (fo=23, routed)          0.597     1.516    u_seg7x16/clk_IBUF_BUFG
    SLICE_X0Y81          FDCE                                         r  u_seg7x16/i_data_store_reg[18]/C
  -------------------------------------------------------------------    -------------------
    SLICE_X0Y81          FDCE (Prop_fdce_C_Q)         0.141     1.657 r  u_seg7x16/i_data_store_reg[18]/Q
                         net (fo=7, routed)           0.182     1.839    u_seg7x16/i_data_store[18]
    SLICE_X0Y81          LUT4 (Prop_lut4_I1_O)        0.045     1.884 r  u_seg7x16/o_seg_r[5]_i_1/O
                         net (fo=1, routed)           0.000     1.884    u_seg7x16/o_seg_r[5]_i_1_n_0
    SLICE_X0Y81          FDPE                                         r  u_seg7x16/o_seg_r_reg[5]/D
  -------------------------------------------------------------------    -------------------

                         (clock sys_clk_pin rise edge)
                                                      0.000     0.000 r  
    E3                                                0.000     0.000 r  clk (IN)
                         net (fo=0)                   0.000     0.000    clk
    E3                   IBUF (Prop_ibuf_I_O)         0.438     0.438 r  clk_IBUF_inst/O
                         net (fo=1, routed)           0.699     1.136    clk_IBUF
    BUFGCTRL_X0Y16       BUFG (Prop_bufg_I_O)         0.029     1.165 r  clk_IBUF_BUFG_inst/O
                         net (fo=23, routed)          0.868     2.033    u_seg7x16/clk_IBUF_BUFG
    SLICE_X0Y81          FDPE                                         r  u_seg7x16/o_seg_r_reg[5]/C
                         clock pessimism             -0.516     1.516    
    SLICE_X0Y81          FDPE (Hold_fdpe_C_D)         0.092     1.608    u_seg7x16/o_seg_r_reg[5]
  -------------------------------------------------------------------
                         required time                         -1.608    
                         arrival time                           1.884    
  -------------------------------------------------------------------
                         slack                                  0.276    

Slack (MET) :             0.280ns  (arrival time - required time)
  Source:                 u_seg7x16/i_data_store_reg[18]/C
                            (rising edge-triggered cell FDCE clocked by sys_clk_pin  {rise@0.000ns fall@50.000ns period=100.000ns})
  Destination:            u_seg7x16/o_seg_r_reg[3]/D
                            (rising edge-triggered cell FDPE clocked by sys_clk_pin  {rise@0.000ns fall@50.000ns period=100.000ns})
  Path Group:             sys_clk_pin
  Path Type:              Hold (Min at Fast Process Corner)
  Requirement:            0.000ns  (sys_clk_pin rise@0.000ns - sys_clk_pin rise@0.000ns)
  Data Path Delay:        0.372ns  (logic 0.186ns (50.020%)  route 0.186ns (49.980%))
  Logic Levels:           1  (LUT4=1)
  Clock Path Skew:        0.000ns (DCD - SCD - CPR)
    Destination Clock Delay (DCD):    2.033ns
    Source Clock Delay      (SCD):    1.516ns
    Clock Pessimism Removal (CPR):    0.516ns

    Location             Delay type                Incr(ns)  Path(ns)    Netlist Resource(s)
  -------------------------------------------------------------------    -------------------
                         (clock sys_clk_pin rise edge)
                                                      0.000     0.000 r  
    E3                                                0.000     0.000 r  clk (IN)
                         net (fo=0)                   0.000     0.000    clk
    E3                   IBUF (Prop_ibuf_I_O)         0.250     0.250 r  clk_IBUF_inst/O
                         net (fo=1, routed)           0.644     0.894    clk_IBUF
    BUFGCTRL_X0Y16       BUFG (Prop_bufg_I_O)         0.026     0.920 r  clk_IBUF_BUFG_inst/O
                         net (fo=23, routed)          0.597     1.516    u_seg7x16/clk_IBUF_BUFG
    SLICE_X0Y81          FDCE                                         r  u_seg7x16/i_data_store_reg[18]/C
  -------------------------------------------------------------------    -------------------
    SLICE_X0Y81          FDCE (Prop_fdce_C_Q)         0.141     1.657 r  u_seg7x16/i_data_store_reg[18]/Q
                         net (fo=7, routed)           0.186     1.843    u_seg7x16/i_data_store[18]
    SLICE_X0Y81          LUT4 (Prop_lut4_I1_O)        0.045     1.888 r  u_seg7x16/o_seg_r[3]_i_1/O
                         net (fo=1, routed)           0.000     1.888    u_seg7x16/o_seg_r[3]_i_1_n_0
    SLICE_X0Y81          FDPE                                         r  u_seg7x16/o_seg_r_reg[3]/D
  -------------------------------------------------------------------    -------------------

                         (clock sys_clk_pin rise edge)
                                                      0.000     0.000 r  
    E3                                                0.000     0.000 r  clk (IN)
                         net (fo=0)                   0.000     0.000    clk
    E3                   IBUF (Prop_ibuf_I_O)         0.438     0.438 r  clk_IBUF_inst/O
                         net (fo=1, routed)           0.699     1.136    clk_IBUF
    BUFGCTRL_X0Y16       BUFG (Prop_bufg_I_O)         0.029     1.165 r  clk_IBUF_BUFG_inst/O
                         net (fo=23, routed)          0.868     2.033    u_seg7x16/clk_IBUF_BUFG
    SLICE_X0Y81          FDPE                                         r  u_seg7x16/o_seg_r_reg[3]/C
                         clock pessimism             -0.516     1.516    
    SLICE_X0Y81          FDPE (Hold_fdpe_C_D)         0.092     1.608    u_seg7x16/o_seg_r_reg[3]
  -------------------------------------------------------------------
                         required time                         -1.608    
                         arrival time                           1.888    
  -------------------------------------------------------------------
                         slack                                  0.280    

Slack (MET) :             0.283ns  (arrival time - required time)
  Source:                 u_seg7x16/cnt_reg[14]/C
                            (rising edge-triggered cell FDCE clocked by sys_clk_pin  {rise@0.000ns fall@50.000ns period=100.000ns})
  Destination:            u_seg7x16/cnt_reg[14]/D
                            (rising edge-triggered cell FDCE clocked by sys_clk_pin  {rise@0.000ns fall@50.000ns period=100.000ns})
  Path Group:             sys_clk_pin
  Path Type:              Hold (Min at Fast Process Corner)
  Requirement:            0.000ns  (sys_clk_pin rise@0.000ns - sys_clk_pin rise@0.000ns)
  Data Path Delay:        0.388ns  (logic 0.252ns (64.978%)  route 0.136ns (35.022%))
  Logic Levels:           1  (CARRY4=1)
  Clock Path Skew:        0.000ns (DCD - SCD - CPR)
    Destination Clock Delay (DCD):    2.037ns
    Source Clock Delay      (SCD):    1.519ns
    Clock Pessimism Removal (CPR):    0.517ns

    Location             Delay type                Incr(ns)  Path(ns)    Netlist Resource(s)
  -------------------------------------------------------------------    -------------------
                         (clock sys_clk_pin rise edge)
                                                      0.000     0.000 r  
    E3                                                0.000     0.000 r  clk (IN)
                         net (fo=0)                   0.000     0.000    clk
    E3                   IBUF (Prop_ibuf_I_O)         0.250     0.250 r  clk_IBUF_inst/O
                         net (fo=1, routed)           0.644     0.894    clk_IBUF
    BUFGCTRL_X0Y16       BUFG (Prop_bufg_I_O)         0.026     0.920 r  clk_IBUF_BUFG_inst/O
                         net (fo=23, routed)          0.600     1.519    u_seg7x16/clk_IBUF_BUFG
    SLICE_X0Y86          FDCE                                         r  u_seg7x16/cnt_reg[14]/C
  -------------------------------------------------------------------    -------------------
    SLICE_X0Y86          FDCE (Prop_fdce_C_Q)         0.141     1.660 r  u_seg7x16/cnt_reg[14]/Q
                         net (fo=4, routed)           0.136     1.796    u_seg7x16/seg7_clk
    SLICE_X0Y86          CARRY4 (Prop_carry4_S[2]_O[2])
                                                      0.111     1.907 r  u_seg7x16/cnt_reg[12]_i_1/O[2]
                         net (fo=1, routed)           0.000     1.907    u_seg7x16/cnt_reg[12]_i_1_n_5
    SLICE_X0Y86          FDCE                                         r  u_seg7x16/cnt_reg[14]/D
  -------------------------------------------------------------------    -------------------

                         (clock sys_clk_pin rise edge)
                                                      0.000     0.000 r  
    E3                                                0.000     0.000 r  clk (IN)
                         net (fo=0)                   0.000     0.000    clk
    E3                   IBUF (Prop_ibuf_I_O)         0.438     0.438 r  clk_IBUF_inst/O
                         net (fo=1, routed)           0.699     1.136    clk_IBUF
    BUFGCTRL_X0Y16       BUFG (Prop_bufg_I_O)         0.029     1.165 r  clk_IBUF_BUFG_inst/O
                         net (fo=23, routed)          0.872     2.037    u_seg7x16/clk_IBUF_BUFG
    SLICE_X0Y86          FDCE                                         r  u_seg7x16/cnt_reg[14]/C
                         clock pessimism             -0.517     1.519    
    SLICE_X0Y86          FDCE (Hold_fdce_C_D)         0.105     1.624    u_seg7x16/cnt_reg[14]
  -------------------------------------------------------------------
                         required time                         -1.624    
                         arrival time                           1.907    
  -------------------------------------------------------------------
                         slack                                  0.283    

Slack (MET) :             0.301ns  (arrival time - required time)
  Source:                 u_seg7x16/cnt_reg[2]/C
                            (rising edge-triggered cell FDCE clocked by sys_clk_pin  {rise@0.000ns fall@50.000ns period=100.000ns})
  Destination:            u_seg7x16/cnt_reg[3]/D
                            (rising edge-triggered cell FDCE clocked by sys_clk_pin  {rise@0.000ns fall@50.000ns period=100.000ns})
  Path Group:             sys_clk_pin
  Path Type:              Hold (Min at Fast Process Corner)
  Requirement:            0.000ns  (sys_clk_pin rise@0.000ns - sys_clk_pin rise@0.000ns)
  Data Path Delay:        0.406ns  (logic 0.285ns (70.118%)  route 0.121ns (29.882%))
  Logic Levels:           1  (CARRY4=1)
  Clock Path Skew:        0.000ns (DCD - SCD - CPR)
    Destination Clock Delay (DCD):    2.035ns
    Source Clock Delay      (SCD):    1.518ns
    Clock Pessimism Removal (CPR):    0.516ns

    Location             Delay type                Incr(ns)  Path(ns)    Netlist Resource(s)
  -------------------------------------------------------------------    -------------------
                         (clock sys_clk_pin rise edge)
                                                      0.000     0.000 r  
    E3                                                0.000     0.000 r  clk (IN)
                         net (fo=0)                   0.000     0.000    clk
    E3                   IBUF (Prop_ibuf_I_O)         0.250     0.250 r  clk_IBUF_inst/O
                         net (fo=1, routed)           0.644     0.894    clk_IBUF
    BUFGCTRL_X0Y16       BUFG (Prop_bufg_I_O)         0.026     0.920 r  clk_IBUF_BUFG_inst/O
                         net (fo=23, routed)          0.599     1.518    u_seg7x16/clk_IBUF_BUFG
    SLICE_X0Y83          FDCE                                         r  u_seg7x16/cnt_reg[2]/C
  -------------------------------------------------------------------    -------------------
    SLICE_X0Y83          FDCE (Prop_fdce_C_Q)         0.141     1.659 r  u_seg7x16/cnt_reg[2]/Q
                         net (fo=1, routed)           0.121     1.781    u_seg7x16/cnt_reg_n_0_[2]
    SLICE_X0Y83          CARRY4 (Prop_carry4_S[2]_O[3])
                                                      0.144     1.925 r  u_seg7x16/cnt_reg[0]_i_1/O[3]
                         net (fo=1, routed)           0.000     1.925    u_seg7x16/cnt_reg[0]_i_1_n_4
    SLICE_X0Y83          FDCE                                         r  u_seg7x16/cnt_reg[3]/D
  -------------------------------------------------------------------    -------------------

                         (clock sys_clk_pin rise edge)
                                                      0.000     0.000 r  
    E3                                                0.000     0.000 r  clk (IN)
                         net (fo=0)                   0.000     0.000    clk
    E3                   IBUF (Prop_ibuf_I_O)         0.438     0.438 r  clk_IBUF_inst/O
                         net (fo=1, routed)           0.699     1.136    clk_IBUF
    BUFGCTRL_X0Y16       BUFG (Prop_bufg_I_O)         0.029     1.165 r  clk_IBUF_BUFG_inst/O
                         net (fo=23, routed)          0.870     2.035    u_seg7x16/clk_IBUF_BUFG
    SLICE_X0Y83          FDCE                                         r  u_seg7x16/cnt_reg[3]/C
                         clock pessimism             -0.516     1.518    
    SLICE_X0Y83          FDCE (Hold_fdce_C_D)         0.105     1.623    u_seg7x16/cnt_reg[3]
  -------------------------------------------------------------------
                         required time                         -1.623    
                         arrival time                           1.925    
  -------------------------------------------------------------------
                         slack                                  0.301    

Slack (MET) :             0.301ns  (arrival time - required time)
  Source:                 u_seg7x16/cnt_reg[6]/C
                            (rising edge-triggered cell FDCE clocked by sys_clk_pin  {rise@0.000ns fall@50.000ns period=100.000ns})
  Destination:            u_seg7x16/cnt_reg[7]/D
                            (rising edge-triggered cell FDCE clocked by sys_clk_pin  {rise@0.000ns fall@50.000ns period=100.000ns})
  Path Group:             sys_clk_pin
  Path Type:              Hold (Min at Fast Process Corner)
  Requirement:            0.000ns  (sys_clk_pin rise@0.000ns - sys_clk_pin rise@0.000ns)
  Data Path Delay:        0.406ns  (logic 0.285ns (70.118%)  route 0.121ns (29.882%))
  Logic Levels:           1  (CARRY4=1)
  Clock Path Skew:        0.000ns (DCD - SCD - CPR)
    Destination Clock Delay (DCD):    2.036ns
    Source Clock Delay      (SCD):    1.519ns
    Clock Pessimism Removal (CPR):    0.516ns

    Location             Delay type                Incr(ns)  Path(ns)    Netlist Resource(s)
  -------------------------------------------------------------------    -------------------
                         (clock sys_clk_pin rise edge)
                                                      0.000     0.000 r  
    E3                                                0.000     0.000 r  clk (IN)
                         net (fo=0)                   0.000     0.000    clk
    E3                   IBUF (Prop_ibuf_I_O)         0.250     0.250 r  clk_IBUF_inst/O
                         net (fo=1, routed)           0.644     0.894    clk_IBUF
    BUFGCTRL_X0Y16       BUFG (Prop_bufg_I_O)         0.026     0.920 r  clk_IBUF_BUFG_inst/O
                         net (fo=23, routed)          0.600     1.519    u_seg7x16/clk_IBUF_BUFG
    SLICE_X0Y84          FDCE                                         r  u_seg7x16/cnt_reg[6]/C
  -------------------------------------------------------------------    -------------------
    SLICE_X0Y84          FDCE (Prop_fdce_C_Q)         0.141     1.660 r  u_seg7x16/cnt_reg[6]/Q
                         net (fo=1, routed)           0.121     1.782    u_seg7x16/cnt_reg_n_0_[6]
    SLICE_X0Y84          CARRY4 (Prop_carry4_S[2]_O[3])
                                                      0.144     1.926 r  u_seg7x16/cnt_reg[4]_i_1/O[3]
                         net (fo=1, routed)           0.000     1.926    u_seg7x16/cnt_reg[4]_i_1_n_4
    SLICE_X0Y84          FDCE                                         r  u_seg7x16/cnt_reg[7]/D
  -------------------------------------------------------------------    -------------------

                         (clock sys_clk_pin rise edge)
                                                      0.000     0.000 r  
    E3                                                0.000     0.000 r  clk (IN)
                         net (fo=0)                   0.000     0.000    clk
    E3                   IBUF (Prop_ibuf_I_O)         0.438     0.438 r  clk_IBUF_inst/O
                         net (fo=1, routed)           0.699     1.136    clk_IBUF
    BUFGCTRL_X0Y16       BUFG (Prop_bufg_I_O)         0.029     1.165 r  clk_IBUF_BUFG_inst/O
                         net (fo=23, routed)          0.871     2.036    u_seg7x16/clk_IBUF_BUFG
    SLICE_X0Y84          FDCE                                         r  u_seg7x16/cnt_reg[7]/C
                         clock pessimism             -0.516     1.519    
    SLICE_X0Y84          FDCE (Hold_fdce_C_D)         0.105     1.624    u_seg7x16/cnt_reg[7]
  -------------------------------------------------------------------
                         required time                         -1.624    
                         arrival time                           1.926    
  -------------------------------------------------------------------
                         slack                                  0.301    





Pulse Width Checks
--------------------------------------------------------------------------------------
Clock Name:         sys_clk_pin
Waveform(ns):       { 0.000 50.000 }
Period(ns):         100.000
Sources:            { clk }

Check Type        Corner  Lib Pin  Reference Pin  Required(ns)  Actual(ns)  Slack(ns)  Location        Pin
Min Period        n/a     BUFG/I   n/a            2.155         100.000     97.845     BUFGCTRL_X0Y16  clk_IBUF_BUFG_inst/I
Min Period        n/a     FDCE/C   n/a            1.000         100.000     99.000     SLICE_X0Y83     u_seg7x16/cnt_reg[0]/C
Min Period        n/a     FDCE/C   n/a            1.000         100.000     99.000     SLICE_X0Y85     u_seg7x16/cnt_reg[10]/C
Min Period        n/a     FDCE/C   n/a            1.000         100.000     99.000     SLICE_X0Y85     u_seg7x16/cnt_reg[11]/C
Min Period        n/a     FDCE/C   n/a            1.000         100.000     99.000     SLICE_X0Y86     u_seg7x16/cnt_reg[12]/C
Min Period        n/a     FDCE/C   n/a            1.000         100.000     99.000     SLICE_X0Y86     u_seg7x16/cnt_reg[13]/C
Min Period        n/a     FDCE/C   n/a            1.000         100.000     99.000     SLICE_X0Y86     u_seg7x16/cnt_reg[14]/C
Min Period        n/a     FDCE/C   n/a            1.000         100.000     99.000     SLICE_X0Y83     u_seg7x16/cnt_reg[1]/C
Min Period        n/a     FDCE/C   n/a            1.000         100.000     99.000     SLICE_X0Y83     u_seg7x16/cnt_reg[2]/C
Min Period        n/a     FDCE/C   n/a            1.000         100.000     99.000     SLICE_X0Y83     u_seg7x16/cnt_reg[3]/C
Low Pulse Width   Fast    FDCE/C   n/a            0.500         50.000      49.500     SLICE_X0Y85     u_seg7x16/cnt_reg[10]/C
Low Pulse Width   Fast    FDCE/C   n/a            0.500         50.000      49.500     SLICE_X0Y85     u_seg7x16/cnt_reg[11]/C
Low Pulse Width   Fast    FDCE/C   n/a            0.500         50.000      49.500     SLICE_X0Y86     u_seg7x16/cnt_reg[12]/C
Low Pulse Width   Fast    FDCE/C   n/a            0.500         50.000      49.500     SLICE_X0Y86     u_seg7x16/cnt_reg[13]/C
Low Pulse Width   Fast    FDCE/C   n/a            0.500         50.000      49.500     SLICE_X0Y86     u_seg7x16/cnt_reg[14]/C
Low Pulse Width   Fast    FDCE/C   n/a            0.500         50.000      49.500     SLICE_X0Y85     u_seg7x16/cnt_reg[8]/C
Low Pulse Width   Fast    FDCE/C   n/a            0.500         50.000      49.500     SLICE_X0Y85     u_seg7x16/cnt_reg[9]/C
Low Pulse Width   Slow    FDCE/C   n/a            0.500         50.000      49.500     SLICE_X0Y84     u_seg7x16/cnt_reg[4]/C
Low Pulse Width   Fast    FDCE/C   n/a            0.500         50.000      49.500     SLICE_X0Y84     u_seg7x16/cnt_reg[4]/C
Low Pulse Width   Slow    FDCE/C   n/a            0.500         50.000      49.500     SLICE_X0Y84     u_seg7x16/cnt_reg[5]/C
High Pulse Width  Slow    FDPE/C   n/a            0.500         50.000      49.500     SLICE_X0Y80     u_seg7x16/o_seg_r_reg[1]/C
High Pulse Width  Slow    FDCE/C   n/a            0.500         50.000      49.500     SLICE_X0Y83     u_seg7x16/cnt_reg[0]/C
High Pulse Width  Slow    FDCE/C   n/a            0.500         50.000      49.500     SLICE_X0Y85     u_seg7x16/cnt_reg[10]/C
High Pulse Width  Slow    FDCE/C   n/a            0.500         50.000      49.500     SLICE_X0Y85     u_seg7x16/cnt_reg[11]/C
High Pulse Width  Slow    FDCE/C   n/a            0.500         50.000      49.500     SLICE_X0Y86     u_seg7x16/cnt_reg[12]/C
High Pulse Width  Slow    FDCE/C   n/a            0.500         50.000      49.500     SLICE_X0Y86     u_seg7x16/cnt_reg[13]/C
High Pulse Width  Slow    FDCE/C   n/a            0.500         50.000      49.500     SLICE_X0Y86     u_seg7x16/cnt_reg[14]/C
High Pulse Width  Slow    FDCE/C   n/a            0.500         50.000      49.500     SLICE_X0Y83     u_seg7x16/cnt_reg[1]/C
High Pulse Width  Slow    FDCE/C   n/a            0.500         50.000      49.500     SLICE_X0Y83     u_seg7x16/cnt_reg[2]/C
High Pulse Width  Slow    FDCE/C   n/a            0.500         50.000      49.500     SLICE_X0Y83     u_seg7x16/cnt_reg[3]/C



