#-----------------------------------------------------------
# Vivado v2018.3 (64-bit)
# SW Build 2405991 on Thu Dec  6 23:38:27 MST 2018
# IP Build 2404404 on Fri Dec  7 01:43:56 MST 2018
# Start of session at: Wed Dec  7 23:56:37 2022
# Process ID: 80972
# Current directory: E:/homework/computer_organization/prvivado/project_1
# Command line: vivado.exe -gui_launcher_event rodinguilauncherevent83644 E:\homework\computer_organization\prvivado\project_1\project_1.xpr
# Log file: E:/homework/computer_organization/prvivado/project_1/vivado.log
# Journal file: E:/homework/computer_organization/prvivado/project_1\vivado.jou
#-----------------------------------------------------------
start_gui
open_project E:/homework/computer_organization/prvivado/project_1/project_1.xpr
INFO: [Project 1-313] Project file moved from 'C:/Users/Jhong/Desktop/vivado/prvivado/project_1' since last save.
Scanning sources...
Finished scanning sources
INFO: [IP_Flow 19-234] Refreshing IP repositories
INFO: [IP_Flow 19-1704] No user IP repositories specified
INFO: [IP_Flow 19-2313] Loaded Vivado IP repository 'F:/Vivado2018/Vivado/2018.3/data/ip'.
open_project: Time (s): cpu = 00:00:11 ; elapsed = 00:00:07 . Memory (MB): peak = 773.832 ; gain = 187.750
update_compile_order -fileset sources_1
exit
INFO: [Common 17-206] Exiting Vivado at Wed Dec  7 23:59:16 2022...
